[2025-08-19T19:30:08.075+0000] {local_task_job_runner.py:120} INFO - ::group::Pre task execution logs
[2025-08-19T19:30:08.152+0000] {taskinstance.py:2076} INFO - Dependencies all met for dep_context=non-requeueable deps ti=<TaskInstance: silver_adf_trigger_gold.trigger_gold_pipeline scheduled__2025-08-18T19:00:00+00:00 [queued]>
[2025-08-19T19:30:08.171+0000] {taskinstance.py:2076} INFO - Dependencies all met for dep_context=requeueable deps ti=<TaskInstance: silver_adf_trigger_gold.trigger_gold_pipeline scheduled__2025-08-18T19:00:00+00:00 [queued]>
[2025-08-19T19:30:08.172+0000] {taskinstance.py:2306} INFO - Starting attempt 2 of 2
[2025-08-19T19:30:08.206+0000] {taskinstance.py:2330} INFO - Executing <Task(AzureDataFactoryRunPipelineOperator): trigger_gold_pipeline> on 2025-08-18 19:00:00+00:00
[2025-08-19T19:30:08.227+0000] {logging_mixin.py:188} WARNING - /home/***/.local/lib/python3.12/site-packages/***/task/task_runner/standard_task_runner.py:62 DeprecationWarning: This process (pid=1316) is multi-threaded, use of fork() may lead to deadlocks in the child.
[2025-08-19T19:30:08.229+0000] {standard_task_runner.py:64} INFO - Started process 1318 to run task
[2025-08-19T19:30:08.222+0000] {standard_task_runner.py:90} INFO - Running: ['***', 'tasks', 'run', 'silver_adf_trigger_gold', 'trigger_gold_pipeline', 'scheduled__2025-08-18T19:00:00+00:00', '--job-id', '130', '--raw', '--subdir', 'DAGS_FOLDER/data_factory_pipeline.py', '--cfg-path', '/tmp/tmp3hwl78x8']
[2025-08-19T19:30:08.232+0000] {standard_task_runner.py:91} INFO - Job 130: Subtask trigger_gold_pipeline
[2025-08-19T19:30:08.354+0000] {task_command.py:426} INFO - Running <TaskInstance: silver_adf_trigger_gold.trigger_gold_pipeline scheduled__2025-08-18T19:00:00+00:00 [running]> on host 979dc743a20c
[2025-08-19T19:30:08.695+0000] {taskinstance.py:2648} INFO - Exporting env vars: AIRFLOW_CTX_DAG_OWNER='***' AIRFLOW_CTX_DAG_ID='silver_adf_trigger_gold' AIRFLOW_CTX_TASK_ID='trigger_gold_pipeline' AIRFLOW_CTX_EXECUTION_DATE='2025-08-18T19:00:00+00:00' AIRFLOW_CTX_TRY_NUMBER='2' AIRFLOW_CTX_DAG_RUN_ID='scheduled__2025-08-18T19:00:00+00:00'
[2025-08-19T19:30:08.696+0000] {taskinstance.py:430} INFO - ::endgroup::
[2025-08-19T19:30:08.731+0000] {data_factory.py:168} INFO - Executing the gold_store_procedures_pipeline pipeline.
[2025-08-19T19:30:08.778+0000] {connection.py:274} WARNING - Connection schemes (type: azure_data_factory) shall not contain '_' according to RFC3986.
[2025-08-19T19:30:08.781+0000] {base.py:84} INFO - Using connection ID 'azure_data_factory_default' for task execution.
[2025-08-19T19:30:08.799+0000] {authority.py:75} INFO - Initializing with Entra authority: https://login.microsoftonline.com/9b617bf3-2377-4477-b5c4-396bb56461d6
[2025-08-19T19:30:08.804+0000] {_universal.py:513} INFO - Request URL: 'https://login.microsoftonline.com/9b617bf3-2377-4477-b5c4-396bb56461d6/v2.0/.well-known/openid-configuration'
Request method: 'GET'
Request headers:
    'User-Agent': 'azsdk-python-identity/1.17.1 Python/3.12.4 (Linux-5.15.0-139-generic-x86_64-with-glibc2.36)'
No body was attached to the request
[2025-08-19T19:30:09.311+0000] {_universal.py:549} INFO - Response status: 200
Response headers:
    'Cache-Control': 'max-age=86400, private'
    'Content-Type': 'application/json; charset=utf-8'
    'Strict-Transport-Security': 'REDACTED'
    'X-Content-Type-Options': 'REDACTED'
    'Access-Control-Allow-Origin': 'REDACTED'
    'Access-Control-Allow-Methods': 'REDACTED'
    'P3P': 'REDACTED'
    'x-ms-request-id': '5569b934-6eb0-4d31-aef9-9f9c73741800'
    'x-ms-ests-server': 'REDACTED'
    'x-ms-srs': 'REDACTED'
    'Content-Security-Policy-Report-Only': 'REDACTED'
    'X-XSS-Protection': 'REDACTED'
    'Set-Cookie': 'REDACTED'
    'Date': 'Tue, 19 Aug 2025 19:30:08 GMT'
    'Content-Length': '1753'
[2025-08-19T19:30:09.313+0000] {_universal.py:510} INFO - Request URL: 'https://login.microsoftonline.com/9b617bf3-2377-4477-b5c4-396bb56461d6/oauth2/v2.0/token'
Request method: 'POST'
Request headers:
    'Accept': 'application/json'
    'x-client-sku': 'REDACTED'
    'x-client-ver': 'REDACTED'
    'x-client-os': 'REDACTED'
    'x-ms-lib-capability': 'REDACTED'
    'client-request-id': 'REDACTED'
    'x-client-current-telemetry': 'REDACTED'
    'x-client-last-telemetry': 'REDACTED'
    'User-Agent': 'azsdk-python-identity/1.17.1 Python/3.12.4 (Linux-5.15.0-139-generic-x86_64-with-glibc2.36)'
A body is sent with the request
[2025-08-19T19:30:09.512+0000] {_universal.py:549} INFO - Response status: 200
Response headers:
    'Cache-Control': 'no-store, no-cache'
    'Pragma': 'no-cache'
    'Content-Type': 'application/json; charset=utf-8'
    'Expires': '-1'
    'Strict-Transport-Security': 'REDACTED'
    'X-Content-Type-Options': 'REDACTED'
    'P3P': 'REDACTED'
    'client-request-id': 'REDACTED'
    'x-ms-request-id': '932f9107-cf71-4db3-abfd-a00e3b401600'
    'x-ms-ests-server': 'REDACTED'
    'x-ms-clitelem': 'REDACTED'
    'x-ms-srs': 'REDACTED'
    'Content-Security-Policy-Report-Only': 'REDACTED'
    'X-XSS-Protection': 'REDACTED'
    'Set-Cookie': 'REDACTED'
    'Date': 'Tue, 19 Aug 2025 19:30:08 GMT'
    'Content-Length': '1793'
[2025-08-19T19:30:09.513+0000] {get_token_mixin.py:104} INFO - ClientSecretCredential.get_token succeeded
[2025-08-19T19:30:09.513+0000] {_universal.py:510} INFO - Request URL: 'https://management.azure.com/subscriptions/1c39c210-e3f2-4150-9318-db149d7bfec2/resourceGroups/data_platform/providers/Microsoft.DataFactory/factories/adf-data-platform/pipelines/gold_store_procedures_pipeline/createRun?api-version=REDACTED'
Request method: 'POST'
Request headers:
    'Content-Type': 'application/json'
    'Content-Length': '44'
    'Accept': 'application/json'
    'x-ms-client-request-id': 'eab3e5ac-7d32-11f0-8520-0a2511d0c9e2'
    'User-Agent': 'azsdk-python-mgmt-datafactory/8.0.0 Python/3.12.4 (Linux-5.15.0-139-generic-x86_64-with-glibc2.36)'
    'Authorization': 'REDACTED'
A body is sent with the request
[2025-08-19T19:30:11.090+0000] {_universal.py:549} INFO - Response status: 200
Response headers:
    'Cache-Control': 'no-cache'
    'Pragma': 'no-cache'
    'Content-Length': '53'
    'Content-Type': 'application/json; charset=utf-8'
    'Expires': '-1'
    'x-ms-correlation-request-id': 'REDACTED'
    'x-ms-operation-identifier': 'REDACTED'
    'x-ms-ratelimit-remaining-subscription-writes': '199'
    'x-ms-ratelimit-remaining-subscription-global-writes': 'REDACTED'
    'x-ms-request-id': 'd9a0fc6b-795e-4bfe-a191-ddf69f7cad50'
    'x-ms-routing-request-id': 'REDACTED'
    'Strict-Transport-Security': 'REDACTED'
    'X-Content-Type-Options': 'REDACTED'
    'X-Cache': 'REDACTED'
    'X-MSEdge-Ref': 'REDACTED'
    'Date': 'Tue, 19 Aug 2025 19:30:10 GMT'
[2025-08-19T19:30:11.174+0000] {data_factory.py:187} INFO - Waiting for pipeline run eab3e5ac-7d32-11f0-8520-0a2511d0c9e2 to terminate.
[2025-08-19T19:30:11.180+0000] {data_factory.py:806} INFO - Getting the status of run ID eab3e5ac-7d32-11f0-8520-0a2511d0c9e2.
[2025-08-19T19:30:11.189+0000] {_universal.py:513} INFO - Request URL: 'https://management.azure.com/subscriptions/1c39c210-e3f2-4150-9318-db149d7bfec2/resourceGroups/data_platform/providers/Microsoft.DataFactory/factories/adf-data-platform/pipelineruns/eab3e5ac-7d32-11f0-8520-0a2511d0c9e2?api-version=REDACTED'
Request method: 'GET'
Request headers:
    'Accept': 'application/json'
    'x-ms-client-request-id': 'ec20acfe-7d32-11f0-8520-0a2511d0c9e2'
    'User-Agent': 'azsdk-python-mgmt-datafactory/8.0.0 Python/3.12.4 (Linux-5.15.0-139-generic-x86_64-with-glibc2.36)'
    'Authorization': 'REDACTED'
No body was attached to the request
[2025-08-19T19:30:11.491+0000] {_universal.py:549} INFO - Response status: 200
Response headers:
    'Cache-Control': 'no-cache'
    'Pragma': 'no-cache'
    'Content-Length': '855'
    'Content-Type': 'application/json; charset=utf-8'
    'Expires': '-1'
    'x-ms-correlation-request-id': 'REDACTED'
    'x-ms-operation-identifier': 'REDACTED'
    'x-ms-ratelimit-remaining-subscription-reads': '249'
    'x-ms-ratelimit-remaining-subscription-global-reads': 'REDACTED'
    'x-ms-request-id': 'f3a3ef95-9dfa-496d-b718-df949114ece3'
    'x-ms-routing-request-id': 'REDACTED'
    'Strict-Transport-Security': 'REDACTED'
    'X-Content-Type-Options': 'REDACTED'
    'X-Cache': 'REDACTED'
    'X-MSEdge-Ref': 'REDACTED'
    'Date': 'Tue, 19 Aug 2025 19:30:10 GMT'
[2025-08-19T19:30:11.503+0000] {data_factory.py:808} INFO - Current status of pipeline run eab3e5ac-7d32-11f0-8520-0a2511d0c9e2: Queued
[2025-08-19T19:31:11.503+0000] {data_factory.py:806} INFO - Getting the status of run ID eab3e5ac-7d32-11f0-8520-0a2511d0c9e2.
[2025-08-19T19:31:11.526+0000] {_universal.py:513} INFO - Request URL: 'https://management.azure.com/subscriptions/1c39c210-e3f2-4150-9318-db149d7bfec2/resourceGroups/data_platform/providers/Microsoft.DataFactory/factories/adf-data-platform/pipelineruns/eab3e5ac-7d32-11f0-8520-0a2511d0c9e2?api-version=REDACTED'
Request method: 'GET'
Request headers:
    'Accept': 'application/json'
    'x-ms-client-request-id': '10176c7e-7d33-11f0-8520-0a2511d0c9e2'
    'User-Agent': 'azsdk-python-mgmt-datafactory/8.0.0 Python/3.12.4 (Linux-5.15.0-139-generic-x86_64-with-glibc2.36)'
    'Authorization': 'REDACTED'
No body was attached to the request
[2025-08-19T19:31:11.972+0000] {_universal.py:549} INFO - Response status: 200
Response headers:
    'Cache-Control': 'no-cache'
    'Pragma': 'no-cache'
    'Content-Length': '857'
    'Content-Type': 'application/json; charset=utf-8'
    'Expires': '-1'
    'x-ms-correlation-request-id': 'REDACTED'
    'x-ms-operation-identifier': 'REDACTED'
    'x-ms-ratelimit-remaining-subscription-reads': '249'
    'x-ms-ratelimit-remaining-subscription-global-reads': 'REDACTED'
    'x-ms-request-id': 'e67bd51a-c1a6-4a56-8e57-fd9073ac4b4b'
    'x-ms-routing-request-id': 'REDACTED'
    'Strict-Transport-Security': 'REDACTED'
    'X-Content-Type-Options': 'REDACTED'
    'X-Cache': 'REDACTED'
    'X-MSEdge-Ref': 'REDACTED'
    'Date': 'Tue, 19 Aug 2025 19:31:11 GMT'
[2025-08-19T19:31:11.973+0000] {data_factory.py:808} INFO - Current status of pipeline run eab3e5ac-7d32-11f0-8520-0a2511d0c9e2: InProgress
[2025-08-19T19:32:11.975+0000] {data_factory.py:806} INFO - Getting the status of run ID eab3e5ac-7d32-11f0-8520-0a2511d0c9e2.
[2025-08-19T19:32:11.976+0000] {_universal.py:513} INFO - Request URL: 'https://management.azure.com/subscriptions/1c39c210-e3f2-4150-9318-db149d7bfec2/resourceGroups/data_platform/providers/Microsoft.DataFactory/factories/adf-data-platform/pipelineruns/eab3e5ac-7d32-11f0-8520-0a2511d0c9e2?api-version=REDACTED'
Request method: 'GET'
Request headers:
    'Accept': 'application/json'
    'x-ms-client-request-id': '341f654a-7d33-11f0-8520-0a2511d0c9e2'
    'User-Agent': 'azsdk-python-mgmt-datafactory/8.0.0 Python/3.12.4 (Linux-5.15.0-139-generic-x86_64-with-glibc2.36)'
    'Authorization': 'REDACTED'
No body was attached to the request
[2025-08-19T19:32:12.370+0000] {_universal.py:549} INFO - Response status: 200
Response headers:
    'Cache-Control': 'no-cache'
    'Pragma': 'no-cache'
    'Content-Length': '881'
    'Content-Type': 'application/json; charset=utf-8'
    'Expires': '-1'
    'x-ms-correlation-request-id': 'REDACTED'
    'x-ms-operation-identifier': 'REDACTED'
    'x-ms-ratelimit-remaining-subscription-reads': '249'
    'x-ms-ratelimit-remaining-subscription-global-reads': 'REDACTED'
    'x-ms-request-id': '31c68dd9-fd87-4166-9d19-45d87c433da3'
    'x-ms-routing-request-id': 'REDACTED'
    'Strict-Transport-Security': 'REDACTED'
    'X-Content-Type-Options': 'REDACTED'
    'X-Cache': 'REDACTED'
    'X-MSEdge-Ref': 'REDACTED'
    'Date': 'Tue, 19 Aug 2025 19:32:11 GMT'
[2025-08-19T19:32:12.371+0000] {data_factory.py:808} INFO - Current status of pipeline run eab3e5ac-7d32-11f0-8520-0a2511d0c9e2: Succeeded
[2025-08-19T19:32:12.371+0000] {data_factory.py:197} INFO - Pipeline run eab3e5ac-7d32-11f0-8520-0a2511d0c9e2 has completed successfully.
[2025-08-19T19:32:12.372+0000] {taskinstance.py:441} INFO - ::group::Post task execution logs
[2025-08-19T19:32:12.407+0000] {taskinstance.py:1206} INFO - Marking task as SUCCESS. dag_id=silver_adf_trigger_gold, task_id=trigger_gold_pipeline, run_id=scheduled__2025-08-18T19:00:00+00:00, execution_date=20250818T190000, start_date=20250819T193008, end_date=20250819T193212
[2025-08-19T19:32:12.548+0000] {local_task_job_runner.py:243} INFO - Task exited with return code 0
[2025-08-19T19:32:12.603+0000] {taskinstance.py:3503} INFO - 0 downstream tasks scheduled from follow-on schedule check
[2025-08-19T19:32:12.629+0000] {local_task_job_runner.py:222} INFO - ::endgroup::
