[2025-08-26T05:29:24.391+0000] {processor.py:161} INFO - Started process (PID=43) to work on /opt/airflow/dags/data_factory_pipeline.py
[2025-08-26T05:29:24.391+0000] {processor.py:830} INFO - Processing file /opt/airflow/dags/data_factory_pipeline.py for tasks to queue
[2025-08-26T05:29:24.393+0000] {logging_mixin.py:188} INFO - [2025-08-26T05:29:24.392+0000] {dagbag.py:545} INFO - Filling up the DagBag from /opt/airflow/dags/data_factory_pipeline.py
[2025-08-26T05:29:24.427+0000] {processor.py:840} INFO - DAG(s) 'silver_adf_trigger_gold' retrieved from /opt/airflow/dags/data_factory_pipeline.py
[2025-08-26T05:29:24.684+0000] {logging_mixin.py:188} INFO - [2025-08-26T05:29:24.683+0000] {dag.py:3089} INFO - Sync 1 DAGs
[2025-08-26T05:29:24.709+0000] {logging_mixin.py:188} INFO - [2025-08-26T05:29:24.708+0000] {dag.py:3947} INFO - Setting next_dagrun for silver_adf_trigger_gold to 2025-08-25 05:40:00+00:00, run_after=2025-08-26 05:40:00+00:00
[2025-08-26T05:29:24.735+0000] {processor.py:183} INFO - Processing /opt/airflow/dags/data_factory_pipeline.py took 0.352 seconds
[2025-08-26T05:29:54.954+0000] {processor.py:161} INFO - Started process (PID=57) to work on /opt/airflow/dags/data_factory_pipeline.py
[2025-08-26T05:29:54.962+0000] {processor.py:830} INFO - Processing file /opt/airflow/dags/data_factory_pipeline.py for tasks to queue
[2025-08-26T05:29:54.963+0000] {logging_mixin.py:188} INFO - [2025-08-26T05:29:54.963+0000] {dagbag.py:545} INFO - Filling up the DagBag from /opt/airflow/dags/data_factory_pipeline.py
[2025-08-26T05:29:54.993+0000] {processor.py:840} INFO - DAG(s) 'silver_adf_trigger_gold' retrieved from /opt/airflow/dags/data_factory_pipeline.py
[2025-08-26T05:29:55.010+0000] {logging_mixin.py:188} INFO - [2025-08-26T05:29:55.010+0000] {dag.py:3089} INFO - Sync 1 DAGs
[2025-08-26T05:29:55.039+0000] {logging_mixin.py:188} INFO - [2025-08-26T05:29:55.039+0000] {dag.py:3947} INFO - Setting next_dagrun for silver_adf_trigger_gold to 2025-08-25 05:40:00+00:00, run_after=2025-08-26 05:40:00+00:00
[2025-08-26T05:29:55.070+0000] {processor.py:183} INFO - Processing /opt/airflow/dags/data_factory_pipeline.py took 0.124 seconds
[2025-08-26T05:30:25.296+0000] {processor.py:161} INFO - Started process (PID=72) to work on /opt/airflow/dags/data_factory_pipeline.py
[2025-08-26T05:30:25.308+0000] {processor.py:830} INFO - Processing file /opt/airflow/dags/data_factory_pipeline.py for tasks to queue
[2025-08-26T05:30:25.309+0000] {logging_mixin.py:188} INFO - [2025-08-26T05:30:25.309+0000] {dagbag.py:545} INFO - Filling up the DagBag from /opt/airflow/dags/data_factory_pipeline.py
[2025-08-26T05:30:25.339+0000] {processor.py:840} INFO - DAG(s) 'silver_adf_trigger_gold' retrieved from /opt/airflow/dags/data_factory_pipeline.py
[2025-08-26T05:30:25.355+0000] {logging_mixin.py:188} INFO - [2025-08-26T05:30:25.355+0000] {dag.py:3089} INFO - Sync 1 DAGs
[2025-08-26T05:30:25.384+0000] {logging_mixin.py:188} INFO - [2025-08-26T05:30:25.384+0000] {dag.py:3947} INFO - Setting next_dagrun for silver_adf_trigger_gold to 2025-08-25 05:40:00+00:00, run_after=2025-08-26 05:40:00+00:00
[2025-08-26T05:30:25.441+0000] {processor.py:183} INFO - Processing /opt/airflow/dags/data_factory_pipeline.py took 0.153 seconds
[2025-08-26T05:30:40.812+0000] {processor.py:161} INFO - Started process (PID=22) to work on /opt/airflow/dags/data_factory_pipeline.py
[2025-08-26T05:30:40.813+0000] {processor.py:830} INFO - Processing file /opt/airflow/dags/data_factory_pipeline.py for tasks to queue
[2025-08-26T05:30:40.814+0000] {logging_mixin.py:188} INFO - [2025-08-26T05:30:40.814+0000] {dagbag.py:545} INFO - Filling up the DagBag from /opt/airflow/dags/data_factory_pipeline.py
[2025-08-26T05:30:40.846+0000] {processor.py:840} INFO - DAG(s) 'silver_adf_trigger_gold' retrieved from /opt/airflow/dags/data_factory_pipeline.py
[2025-08-26T05:30:40.891+0000] {logging_mixin.py:188} INFO - [2025-08-26T05:30:40.890+0000] {dag.py:3089} INFO - Sync 1 DAGs
[2025-08-26T05:30:40.916+0000] {logging_mixin.py:188} INFO - [2025-08-26T05:30:40.916+0000] {dag.py:3947} INFO - Setting next_dagrun for silver_adf_trigger_gold to 2025-08-25 05:40:00+00:00, run_after=2025-08-26 05:40:00+00:00
[2025-08-26T05:30:40.954+0000] {processor.py:183} INFO - Processing /opt/airflow/dags/data_factory_pipeline.py took 0.147 seconds
[2025-08-26T05:31:11.084+0000] {processor.py:161} INFO - Started process (PID=37) to work on /opt/airflow/dags/data_factory_pipeline.py
[2025-08-26T05:31:11.094+0000] {processor.py:830} INFO - Processing file /opt/airflow/dags/data_factory_pipeline.py for tasks to queue
[2025-08-26T05:31:11.095+0000] {logging_mixin.py:188} INFO - [2025-08-26T05:31:11.095+0000] {dagbag.py:545} INFO - Filling up the DagBag from /opt/airflow/dags/data_factory_pipeline.py
[2025-08-26T05:31:11.134+0000] {processor.py:840} INFO - DAG(s) 'silver_adf_trigger_gold' retrieved from /opt/airflow/dags/data_factory_pipeline.py
[2025-08-26T05:31:11.163+0000] {logging_mixin.py:188} INFO - [2025-08-26T05:31:11.162+0000] {dag.py:3089} INFO - Sync 1 DAGs
[2025-08-26T05:31:11.212+0000] {logging_mixin.py:188} INFO - [2025-08-26T05:31:11.211+0000] {dag.py:3947} INFO - Setting next_dagrun for silver_adf_trigger_gold to 2025-08-25 05:40:00+00:00, run_after=2025-08-26 05:40:00+00:00
[2025-08-26T05:31:11.243+0000] {processor.py:183} INFO - Processing /opt/airflow/dags/data_factory_pipeline.py took 0.168 seconds
[2025-08-26T05:31:41.329+0000] {processor.py:161} INFO - Started process (PID=51) to work on /opt/airflow/dags/data_factory_pipeline.py
[2025-08-26T05:31:41.330+0000] {processor.py:830} INFO - Processing file /opt/airflow/dags/data_factory_pipeline.py for tasks to queue
[2025-08-26T05:31:41.331+0000] {logging_mixin.py:188} INFO - [2025-08-26T05:31:41.331+0000] {dagbag.py:545} INFO - Filling up the DagBag from /opt/airflow/dags/data_factory_pipeline.py
[2025-08-26T05:31:41.399+0000] {processor.py:840} INFO - DAG(s) 'silver_adf_trigger_gold' retrieved from /opt/airflow/dags/data_factory_pipeline.py
[2025-08-26T05:31:41.444+0000] {logging_mixin.py:188} INFO - [2025-08-26T05:31:41.443+0000] {dag.py:3089} INFO - Sync 1 DAGs
[2025-08-26T05:31:41.481+0000] {logging_mixin.py:188} INFO - [2025-08-26T05:31:41.481+0000] {dag.py:3947} INFO - Setting next_dagrun for silver_adf_trigger_gold to 2025-08-25 05:40:00+00:00, run_after=2025-08-26 05:40:00+00:00
[2025-08-26T05:31:41.541+0000] {processor.py:183} INFO - Processing /opt/airflow/dags/data_factory_pipeline.py took 0.221 seconds
[2025-08-26T05:32:12.327+0000] {processor.py:161} INFO - Started process (PID=66) to work on /opt/airflow/dags/data_factory_pipeline.py
[2025-08-26T05:32:12.342+0000] {processor.py:830} INFO - Processing file /opt/airflow/dags/data_factory_pipeline.py for tasks to queue
[2025-08-26T05:32:12.344+0000] {logging_mixin.py:188} INFO - [2025-08-26T05:32:12.343+0000] {dagbag.py:545} INFO - Filling up the DagBag from /opt/airflow/dags/data_factory_pipeline.py
[2025-08-26T05:32:12.384+0000] {processor.py:840} INFO - DAG(s) 'silver_adf_trigger_gold' retrieved from /opt/airflow/dags/data_factory_pipeline.py
[2025-08-26T05:32:12.424+0000] {logging_mixin.py:188} INFO - [2025-08-26T05:32:12.423+0000] {dag.py:3089} INFO - Sync 1 DAGs
[2025-08-26T05:32:12.456+0000] {logging_mixin.py:188} INFO - [2025-08-26T05:32:12.456+0000] {dag.py:3947} INFO - Setting next_dagrun for silver_adf_trigger_gold to 2025-08-25 05:40:00+00:00, run_after=2025-08-26 05:40:00+00:00
[2025-08-26T05:32:12.520+0000] {processor.py:183} INFO - Processing /opt/airflow/dags/data_factory_pipeline.py took 0.202 seconds
[2025-08-26T05:32:42.774+0000] {processor.py:161} INFO - Started process (PID=81) to work on /opt/airflow/dags/data_factory_pipeline.py
[2025-08-26T05:32:42.775+0000] {processor.py:830} INFO - Processing file /opt/airflow/dags/data_factory_pipeline.py for tasks to queue
[2025-08-26T05:32:42.776+0000] {logging_mixin.py:188} INFO - [2025-08-26T05:32:42.775+0000] {dagbag.py:545} INFO - Filling up the DagBag from /opt/airflow/dags/data_factory_pipeline.py
[2025-08-26T05:32:42.800+0000] {processor.py:840} INFO - DAG(s) 'silver_adf_trigger_gold' retrieved from /opt/airflow/dags/data_factory_pipeline.py
[2025-08-26T05:32:42.816+0000] {logging_mixin.py:188} INFO - [2025-08-26T05:32:42.816+0000] {dag.py:3089} INFO - Sync 1 DAGs
[2025-08-26T05:32:42.845+0000] {logging_mixin.py:188} INFO - [2025-08-26T05:32:42.845+0000] {dag.py:3947} INFO - Setting next_dagrun for silver_adf_trigger_gold to 2025-08-25 05:40:00+00:00, run_after=2025-08-26 05:40:00+00:00
[2025-08-26T05:32:42.875+0000] {processor.py:183} INFO - Processing /opt/airflow/dags/data_factory_pipeline.py took 0.107 seconds
[2025-08-26T05:33:13.575+0000] {processor.py:161} INFO - Started process (PID=97) to work on /opt/airflow/dags/data_factory_pipeline.py
[2025-08-26T05:33:13.591+0000] {processor.py:830} INFO - Processing file /opt/airflow/dags/data_factory_pipeline.py for tasks to queue
[2025-08-26T05:33:13.595+0000] {logging_mixin.py:188} INFO - [2025-08-26T05:33:13.595+0000] {dagbag.py:545} INFO - Filling up the DagBag from /opt/airflow/dags/data_factory_pipeline.py
[2025-08-26T05:33:13.676+0000] {processor.py:840} INFO - DAG(s) 'silver_adf_trigger_gold' retrieved from /opt/airflow/dags/data_factory_pipeline.py
[2025-08-26T05:33:13.732+0000] {logging_mixin.py:188} INFO - [2025-08-26T05:33:13.732+0000] {dag.py:3089} INFO - Sync 1 DAGs
[2025-08-26T05:33:13.782+0000] {logging_mixin.py:188} INFO - [2025-08-26T05:33:13.781+0000] {dag.py:3947} INFO - Setting next_dagrun for silver_adf_trigger_gold to 2025-08-25 05:40:00+00:00, run_after=2025-08-26 05:40:00+00:00
[2025-08-26T05:33:13.845+0000] {processor.py:183} INFO - Processing /opt/airflow/dags/data_factory_pipeline.py took 0.279 seconds
[2025-08-26T05:33:44.067+0000] {processor.py:161} INFO - Started process (PID=112) to work on /opt/airflow/dags/data_factory_pipeline.py
[2025-08-26T05:33:44.070+0000] {processor.py:830} INFO - Processing file /opt/airflow/dags/data_factory_pipeline.py for tasks to queue
[2025-08-26T05:33:44.072+0000] {logging_mixin.py:188} INFO - [2025-08-26T05:33:44.072+0000] {dagbag.py:545} INFO - Filling up the DagBag from /opt/airflow/dags/data_factory_pipeline.py
[2025-08-26T05:33:44.150+0000] {processor.py:840} INFO - DAG(s) 'silver_adf_trigger_gold' retrieved from /opt/airflow/dags/data_factory_pipeline.py
[2025-08-26T05:33:44.186+0000] {logging_mixin.py:188} INFO - [2025-08-26T05:33:44.186+0000] {dag.py:3089} INFO - Sync 1 DAGs
[2025-08-26T05:33:44.241+0000] {logging_mixin.py:188} INFO - [2025-08-26T05:33:44.241+0000] {dag.py:3947} INFO - Setting next_dagrun for silver_adf_trigger_gold to 2025-08-25 05:40:00+00:00, run_after=2025-08-26 05:40:00+00:00
[2025-08-26T05:33:44.279+0000] {processor.py:183} INFO - Processing /opt/airflow/dags/data_factory_pipeline.py took 0.260 seconds
[2025-08-26T05:34:14.923+0000] {processor.py:161} INFO - Started process (PID=121) to work on /opt/airflow/dags/data_factory_pipeline.py
[2025-08-26T05:34:14.928+0000] {processor.py:830} INFO - Processing file /opt/airflow/dags/data_factory_pipeline.py for tasks to queue
[2025-08-26T05:34:14.930+0000] {logging_mixin.py:188} INFO - [2025-08-26T05:34:14.929+0000] {dagbag.py:545} INFO - Filling up the DagBag from /opt/airflow/dags/data_factory_pipeline.py
[2025-08-26T05:34:14.960+0000] {processor.py:840} INFO - DAG(s) 'silver_adf_trigger_gold' retrieved from /opt/airflow/dags/data_factory_pipeline.py
[2025-08-26T05:34:14.976+0000] {logging_mixin.py:188} INFO - [2025-08-26T05:34:14.976+0000] {dag.py:3089} INFO - Sync 1 DAGs
[2025-08-26T05:34:15.005+0000] {logging_mixin.py:188} INFO - [2025-08-26T05:34:15.005+0000] {dag.py:3947} INFO - Setting next_dagrun for silver_adf_trigger_gold to 2025-08-25 05:40:00+00:00, run_after=2025-08-26 05:40:00+00:00
[2025-08-26T05:34:15.030+0000] {processor.py:183} INFO - Processing /opt/airflow/dags/data_factory_pipeline.py took 0.115 seconds
[2025-08-26T05:34:45.325+0000] {processor.py:161} INFO - Started process (PID=136) to work on /opt/airflow/dags/data_factory_pipeline.py
[2025-08-26T05:34:45.326+0000] {processor.py:830} INFO - Processing file /opt/airflow/dags/data_factory_pipeline.py for tasks to queue
[2025-08-26T05:34:45.327+0000] {logging_mixin.py:188} INFO - [2025-08-26T05:34:45.326+0000] {dagbag.py:545} INFO - Filling up the DagBag from /opt/airflow/dags/data_factory_pipeline.py
[2025-08-26T05:34:45.365+0000] {processor.py:840} INFO - DAG(s) 'silver_adf_trigger_gold' retrieved from /opt/airflow/dags/data_factory_pipeline.py
[2025-08-26T05:34:45.384+0000] {logging_mixin.py:188} INFO - [2025-08-26T05:34:45.383+0000] {dag.py:3089} INFO - Sync 1 DAGs
[2025-08-26T05:34:45.423+0000] {logging_mixin.py:188} INFO - [2025-08-26T05:34:45.423+0000] {dag.py:3947} INFO - Setting next_dagrun for silver_adf_trigger_gold to 2025-08-25 05:40:00+00:00, run_after=2025-08-26 05:40:00+00:00
[2025-08-26T05:34:45.457+0000] {processor.py:183} INFO - Processing /opt/airflow/dags/data_factory_pipeline.py took 0.142 seconds
[2025-08-26T05:35:15.778+0000] {processor.py:161} INFO - Started process (PID=151) to work on /opt/airflow/dags/data_factory_pipeline.py
[2025-08-26T05:35:15.794+0000] {processor.py:830} INFO - Processing file /opt/airflow/dags/data_factory_pipeline.py for tasks to queue
[2025-08-26T05:35:15.795+0000] {logging_mixin.py:188} INFO - [2025-08-26T05:35:15.794+0000] {dagbag.py:545} INFO - Filling up the DagBag from /opt/airflow/dags/data_factory_pipeline.py
[2025-08-26T05:35:15.840+0000] {processor.py:840} INFO - DAG(s) 'silver_adf_trigger_gold' retrieved from /opt/airflow/dags/data_factory_pipeline.py
[2025-08-26T05:35:15.870+0000] {logging_mixin.py:188} INFO - [2025-08-26T05:35:15.870+0000] {dag.py:3089} INFO - Sync 1 DAGs
[2025-08-26T05:35:15.918+0000] {logging_mixin.py:188} INFO - [2025-08-26T05:35:15.916+0000] {dag.py:3947} INFO - Setting next_dagrun for silver_adf_trigger_gold to 2025-08-25 05:40:00+00:00, run_after=2025-08-26 05:40:00+00:00
[2025-08-26T05:35:15.963+0000] {processor.py:183} INFO - Processing /opt/airflow/dags/data_factory_pipeline.py took 0.197 seconds
[2025-08-26T05:35:46.422+0000] {processor.py:161} INFO - Started process (PID=165) to work on /opt/airflow/dags/data_factory_pipeline.py
[2025-08-26T05:35:46.440+0000] {processor.py:830} INFO - Processing file /opt/airflow/dags/data_factory_pipeline.py for tasks to queue
[2025-08-26T05:35:46.441+0000] {logging_mixin.py:188} INFO - [2025-08-26T05:35:46.440+0000] {dagbag.py:545} INFO - Filling up the DagBag from /opt/airflow/dags/data_factory_pipeline.py
[2025-08-26T05:35:46.533+0000] {processor.py:840} INFO - DAG(s) 'silver_adf_trigger_gold' retrieved from /opt/airflow/dags/data_factory_pipeline.py
[2025-08-26T05:35:46.557+0000] {logging_mixin.py:188} INFO - [2025-08-26T05:35:46.557+0000] {dag.py:3089} INFO - Sync 1 DAGs
[2025-08-26T05:35:46.592+0000] {logging_mixin.py:188} INFO - [2025-08-26T05:35:46.591+0000] {dag.py:3947} INFO - Setting next_dagrun for silver_adf_trigger_gold to 2025-08-25 05:40:00+00:00, run_after=2025-08-26 05:40:00+00:00
[2025-08-26T05:35:46.638+0000] {processor.py:183} INFO - Processing /opt/airflow/dags/data_factory_pipeline.py took 0.223 seconds
[2025-08-26T05:36:16.917+0000] {processor.py:161} INFO - Started process (PID=180) to work on /opt/airflow/dags/data_factory_pipeline.py
[2025-08-26T05:36:16.930+0000] {processor.py:830} INFO - Processing file /opt/airflow/dags/data_factory_pipeline.py for tasks to queue
[2025-08-26T05:36:16.932+0000] {logging_mixin.py:188} INFO - [2025-08-26T05:36:16.931+0000] {dagbag.py:545} INFO - Filling up the DagBag from /opt/airflow/dags/data_factory_pipeline.py
[2025-08-26T05:36:16.965+0000] {processor.py:840} INFO - DAG(s) 'silver_adf_trigger_gold' retrieved from /opt/airflow/dags/data_factory_pipeline.py
[2025-08-26T05:36:16.991+0000] {logging_mixin.py:188} INFO - [2025-08-26T05:36:16.991+0000] {dag.py:3089} INFO - Sync 1 DAGs
[2025-08-26T05:36:17.027+0000] {logging_mixin.py:188} INFO - [2025-08-26T05:36:17.026+0000] {dag.py:3947} INFO - Setting next_dagrun for silver_adf_trigger_gold to 2025-08-25 05:40:00+00:00, run_after=2025-08-26 05:40:00+00:00
[2025-08-26T05:36:17.050+0000] {processor.py:183} INFO - Processing /opt/airflow/dags/data_factory_pipeline.py took 0.143 seconds
[2025-08-26T05:36:47.327+0000] {processor.py:161} INFO - Started process (PID=194) to work on /opt/airflow/dags/data_factory_pipeline.py
[2025-08-26T05:36:47.343+0000] {processor.py:830} INFO - Processing file /opt/airflow/dags/data_factory_pipeline.py for tasks to queue
[2025-08-26T05:36:47.345+0000] {logging_mixin.py:188} INFO - [2025-08-26T05:36:47.344+0000] {dagbag.py:545} INFO - Filling up the DagBag from /opt/airflow/dags/data_factory_pipeline.py
[2025-08-26T05:36:47.419+0000] {processor.py:840} INFO - DAG(s) 'silver_adf_trigger_gold' retrieved from /opt/airflow/dags/data_factory_pipeline.py
[2025-08-26T05:36:47.473+0000] {logging_mixin.py:188} INFO - [2025-08-26T05:36:47.471+0000] {dag.py:3089} INFO - Sync 1 DAGs
[2025-08-26T05:36:47.560+0000] {logging_mixin.py:188} INFO - [2025-08-26T05:36:47.559+0000] {dag.py:3947} INFO - Setting next_dagrun for silver_adf_trigger_gold to 2025-08-25 05:40:00+00:00, run_after=2025-08-26 05:40:00+00:00
[2025-08-26T05:36:47.652+0000] {processor.py:183} INFO - Processing /opt/airflow/dags/data_factory_pipeline.py took 0.349 seconds
[2025-08-26T05:37:17.703+0000] {processor.py:161} INFO - Started process (PID=208) to work on /opt/airflow/dags/data_factory_pipeline.py
[2025-08-26T05:37:17.710+0000] {processor.py:830} INFO - Processing file /opt/airflow/dags/data_factory_pipeline.py for tasks to queue
[2025-08-26T05:37:17.711+0000] {logging_mixin.py:188} INFO - [2025-08-26T05:37:17.710+0000] {dagbag.py:545} INFO - Filling up the DagBag from /opt/airflow/dags/data_factory_pipeline.py
[2025-08-26T05:37:17.750+0000] {processor.py:840} INFO - DAG(s) 'silver_adf_trigger_gold' retrieved from /opt/airflow/dags/data_factory_pipeline.py
[2025-08-26T05:37:17.775+0000] {logging_mixin.py:188} INFO - [2025-08-26T05:37:17.774+0000] {dag.py:3089} INFO - Sync 1 DAGs
[2025-08-26T05:37:17.848+0000] {logging_mixin.py:188} INFO - [2025-08-26T05:37:17.848+0000] {dag.py:3947} INFO - Setting next_dagrun for silver_adf_trigger_gold to 2025-08-25 05:40:00+00:00, run_after=2025-08-26 05:40:00+00:00
[2025-08-26T05:37:17.896+0000] {processor.py:183} INFO - Processing /opt/airflow/dags/data_factory_pipeline.py took 0.200 seconds
[2025-08-26T05:37:48.310+0000] {processor.py:161} INFO - Started process (PID=224) to work on /opt/airflow/dags/data_factory_pipeline.py
[2025-08-26T05:37:48.312+0000] {processor.py:830} INFO - Processing file /opt/airflow/dags/data_factory_pipeline.py for tasks to queue
[2025-08-26T05:37:48.313+0000] {logging_mixin.py:188} INFO - [2025-08-26T05:37:48.312+0000] {dagbag.py:545} INFO - Filling up the DagBag from /opt/airflow/dags/data_factory_pipeline.py
[2025-08-26T05:37:48.355+0000] {processor.py:840} INFO - DAG(s) 'silver_adf_trigger_gold' retrieved from /opt/airflow/dags/data_factory_pipeline.py
[2025-08-26T05:37:48.382+0000] {logging_mixin.py:188} INFO - [2025-08-26T05:37:48.381+0000] {dag.py:3089} INFO - Sync 1 DAGs
[2025-08-26T05:37:48.429+0000] {logging_mixin.py:188} INFO - [2025-08-26T05:37:48.429+0000] {dag.py:3947} INFO - Setting next_dagrun for silver_adf_trigger_gold to 2025-08-25 05:40:00+00:00, run_after=2025-08-26 05:40:00+00:00
[2025-08-26T05:37:48.471+0000] {processor.py:183} INFO - Processing /opt/airflow/dags/data_factory_pipeline.py took 0.169 seconds
[2025-08-26T05:38:19.035+0000] {processor.py:161} INFO - Started process (PID=239) to work on /opt/airflow/dags/data_factory_pipeline.py
[2025-08-26T05:38:19.047+0000] {processor.py:830} INFO - Processing file /opt/airflow/dags/data_factory_pipeline.py for tasks to queue
[2025-08-26T05:38:19.048+0000] {logging_mixin.py:188} INFO - [2025-08-26T05:38:19.047+0000] {dagbag.py:545} INFO - Filling up the DagBag from /opt/airflow/dags/data_factory_pipeline.py
[2025-08-26T05:38:19.086+0000] {processor.py:840} INFO - DAG(s) 'silver_adf_trigger_gold' retrieved from /opt/airflow/dags/data_factory_pipeline.py
[2025-08-26T05:38:19.111+0000] {logging_mixin.py:188} INFO - [2025-08-26T05:38:19.110+0000] {dag.py:3089} INFO - Sync 1 DAGs
[2025-08-26T05:38:19.155+0000] {logging_mixin.py:188} INFO - [2025-08-26T05:38:19.155+0000] {dag.py:3947} INFO - Setting next_dagrun for silver_adf_trigger_gold to 2025-08-25 05:40:00+00:00, run_after=2025-08-26 05:40:00+00:00
[2025-08-26T05:38:19.195+0000] {processor.py:183} INFO - Processing /opt/airflow/dags/data_factory_pipeline.py took 0.174 seconds
[2025-08-26T05:38:49.428+0000] {processor.py:161} INFO - Started process (PID=254) to work on /opt/airflow/dags/data_factory_pipeline.py
[2025-08-26T05:38:49.444+0000] {processor.py:830} INFO - Processing file /opt/airflow/dags/data_factory_pipeline.py for tasks to queue
[2025-08-26T05:38:49.446+0000] {logging_mixin.py:188} INFO - [2025-08-26T05:38:49.446+0000] {dagbag.py:545} INFO - Filling up the DagBag from /opt/airflow/dags/data_factory_pipeline.py
[2025-08-26T05:38:49.488+0000] {processor.py:840} INFO - DAG(s) 'silver_adf_trigger_gold' retrieved from /opt/airflow/dags/data_factory_pipeline.py
[2025-08-26T05:38:49.517+0000] {logging_mixin.py:188} INFO - [2025-08-26T05:38:49.517+0000] {dag.py:3089} INFO - Sync 1 DAGs
[2025-08-26T05:38:49.552+0000] {logging_mixin.py:188} INFO - [2025-08-26T05:38:49.552+0000] {dag.py:3947} INFO - Setting next_dagrun for silver_adf_trigger_gold to 2025-08-25 05:40:00+00:00, run_after=2025-08-26 05:40:00+00:00
[2025-08-26T05:38:49.593+0000] {processor.py:183} INFO - Processing /opt/airflow/dags/data_factory_pipeline.py took 0.179 seconds
[2025-08-26T05:39:19.765+0000] {processor.py:161} INFO - Started process (PID=269) to work on /opt/airflow/dags/data_factory_pipeline.py
[2025-08-26T05:39:19.774+0000] {processor.py:830} INFO - Processing file /opt/airflow/dags/data_factory_pipeline.py for tasks to queue
[2025-08-26T05:39:19.776+0000] {logging_mixin.py:188} INFO - [2025-08-26T05:39:19.775+0000] {dagbag.py:545} INFO - Filling up the DagBag from /opt/airflow/dags/data_factory_pipeline.py
[2025-08-26T05:39:19.814+0000] {processor.py:840} INFO - DAG(s) 'silver_adf_trigger_gold' retrieved from /opt/airflow/dags/data_factory_pipeline.py
[2025-08-26T05:39:19.858+0000] {logging_mixin.py:188} INFO - [2025-08-26T05:39:19.858+0000] {dag.py:3089} INFO - Sync 1 DAGs
[2025-08-26T05:39:19.913+0000] {logging_mixin.py:188} INFO - [2025-08-26T05:39:19.913+0000] {dag.py:3947} INFO - Setting next_dagrun for silver_adf_trigger_gold to 2025-08-25 05:40:00+00:00, run_after=2025-08-26 05:40:00+00:00
[2025-08-26T05:39:20.018+0000] {processor.py:183} INFO - Processing /opt/airflow/dags/data_factory_pipeline.py took 0.259 seconds
[2025-08-26T05:39:50.323+0000] {processor.py:161} INFO - Started process (PID=284) to work on /opt/airflow/dags/data_factory_pipeline.py
[2025-08-26T05:39:50.341+0000] {processor.py:830} INFO - Processing file /opt/airflow/dags/data_factory_pipeline.py for tasks to queue
[2025-08-26T05:39:50.342+0000] {logging_mixin.py:188} INFO - [2025-08-26T05:39:50.342+0000] {dagbag.py:545} INFO - Filling up the DagBag from /opt/airflow/dags/data_factory_pipeline.py
[2025-08-26T05:39:50.394+0000] {processor.py:840} INFO - DAG(s) 'silver_adf_trigger_gold' retrieved from /opt/airflow/dags/data_factory_pipeline.py
[2025-08-26T05:39:50.424+0000] {logging_mixin.py:188} INFO - [2025-08-26T05:39:50.423+0000] {dag.py:3089} INFO - Sync 1 DAGs
[2025-08-26T05:39:50.494+0000] {logging_mixin.py:188} INFO - [2025-08-26T05:39:50.494+0000] {dag.py:3947} INFO - Setting next_dagrun for silver_adf_trigger_gold to 2025-08-25 05:40:00+00:00, run_after=2025-08-26 05:40:00+00:00
[2025-08-26T05:39:50.549+0000] {processor.py:183} INFO - Processing /opt/airflow/dags/data_factory_pipeline.py took 0.237 seconds
[2025-08-26T05:40:20.771+0000] {processor.py:161} INFO - Started process (PID=298) to work on /opt/airflow/dags/data_factory_pipeline.py
[2025-08-26T05:40:20.772+0000] {processor.py:830} INFO - Processing file /opt/airflow/dags/data_factory_pipeline.py for tasks to queue
[2025-08-26T05:40:20.772+0000] {logging_mixin.py:188} INFO - [2025-08-26T05:40:20.772+0000] {dagbag.py:545} INFO - Filling up the DagBag from /opt/airflow/dags/data_factory_pipeline.py
[2025-08-26T05:40:20.817+0000] {processor.py:840} INFO - DAG(s) 'silver_adf_trigger_gold' retrieved from /opt/airflow/dags/data_factory_pipeline.py
[2025-08-26T05:40:20.848+0000] {logging_mixin.py:188} INFO - [2025-08-26T05:40:20.848+0000] {dag.py:3089} INFO - Sync 1 DAGs
[2025-08-26T05:40:20.918+0000] {logging_mixin.py:188} INFO - [2025-08-26T05:40:20.912+0000] {dag.py:3947} INFO - Setting next_dagrun for silver_adf_trigger_gold to 2025-08-26 05:40:00+00:00, run_after=2025-08-27 05:40:00+00:00
[2025-08-26T05:40:21.122+0000] {processor.py:183} INFO - Processing /opt/airflow/dags/data_factory_pipeline.py took 0.362 seconds
[2025-08-26T05:40:51.410+0000] {processor.py:161} INFO - Started process (PID=313) to work on /opt/airflow/dags/data_factory_pipeline.py
[2025-08-26T05:40:51.414+0000] {processor.py:830} INFO - Processing file /opt/airflow/dags/data_factory_pipeline.py for tasks to queue
[2025-08-26T05:40:51.416+0000] {logging_mixin.py:188} INFO - [2025-08-26T05:40:51.415+0000] {dagbag.py:545} INFO - Filling up the DagBag from /opt/airflow/dags/data_factory_pipeline.py
[2025-08-26T05:40:51.460+0000] {processor.py:840} INFO - DAG(s) 'silver_adf_trigger_gold' retrieved from /opt/airflow/dags/data_factory_pipeline.py
[2025-08-26T05:40:51.486+0000] {logging_mixin.py:188} INFO - [2025-08-26T05:40:51.486+0000] {dag.py:3089} INFO - Sync 1 DAGs
[2025-08-26T05:40:51.528+0000] {logging_mixin.py:188} INFO - [2025-08-26T05:40:51.527+0000] {dag.py:3947} INFO - Setting next_dagrun for silver_adf_trigger_gold to 2025-08-26 05:40:00+00:00, run_after=2025-08-27 05:40:00+00:00
[2025-08-26T05:40:51.583+0000] {processor.py:183} INFO - Processing /opt/airflow/dags/data_factory_pipeline.py took 0.181 seconds
[2025-08-26T05:41:21.840+0000] {processor.py:161} INFO - Started process (PID=327) to work on /opt/airflow/dags/data_factory_pipeline.py
[2025-08-26T05:41:21.848+0000] {processor.py:830} INFO - Processing file /opt/airflow/dags/data_factory_pipeline.py for tasks to queue
[2025-08-26T05:41:21.849+0000] {logging_mixin.py:188} INFO - [2025-08-26T05:41:21.849+0000] {dagbag.py:545} INFO - Filling up the DagBag from /opt/airflow/dags/data_factory_pipeline.py
[2025-08-26T05:41:21.879+0000] {processor.py:840} INFO - DAG(s) 'silver_adf_trigger_gold' retrieved from /opt/airflow/dags/data_factory_pipeline.py
[2025-08-26T05:41:21.897+0000] {logging_mixin.py:188} INFO - [2025-08-26T05:41:21.897+0000] {dag.py:3089} INFO - Sync 1 DAGs
[2025-08-26T05:41:21.923+0000] {logging_mixin.py:188} INFO - [2025-08-26T05:41:21.923+0000] {dag.py:3947} INFO - Setting next_dagrun for silver_adf_trigger_gold to 2025-08-26 05:40:00+00:00, run_after=2025-08-27 05:40:00+00:00
[2025-08-26T05:41:21.952+0000] {processor.py:183} INFO - Processing /opt/airflow/dags/data_factory_pipeline.py took 0.117 seconds
[2025-08-26T05:41:52.211+0000] {processor.py:161} INFO - Started process (PID=342) to work on /opt/airflow/dags/data_factory_pipeline.py
[2025-08-26T05:41:52.212+0000] {processor.py:830} INFO - Processing file /opt/airflow/dags/data_factory_pipeline.py for tasks to queue
[2025-08-26T05:41:52.213+0000] {logging_mixin.py:188} INFO - [2025-08-26T05:41:52.213+0000] {dagbag.py:545} INFO - Filling up the DagBag from /opt/airflow/dags/data_factory_pipeline.py
[2025-08-26T05:41:52.242+0000] {processor.py:840} INFO - DAG(s) 'silver_adf_trigger_gold' retrieved from /opt/airflow/dags/data_factory_pipeline.py
[2025-08-26T05:41:52.261+0000] {logging_mixin.py:188} INFO - [2025-08-26T05:41:52.261+0000] {dag.py:3089} INFO - Sync 1 DAGs
[2025-08-26T05:41:52.290+0000] {logging_mixin.py:188} INFO - [2025-08-26T05:41:52.290+0000] {dag.py:3947} INFO - Setting next_dagrun for silver_adf_trigger_gold to 2025-08-26 05:40:00+00:00, run_after=2025-08-27 05:40:00+00:00
[2025-08-26T05:41:52.325+0000] {processor.py:183} INFO - Processing /opt/airflow/dags/data_factory_pipeline.py took 0.122 seconds
[2025-08-26T05:42:22.610+0000] {processor.py:161} INFO - Started process (PID=357) to work on /opt/airflow/dags/data_factory_pipeline.py
[2025-08-26T05:42:22.640+0000] {processor.py:830} INFO - Processing file /opt/airflow/dags/data_factory_pipeline.py for tasks to queue
[2025-08-26T05:42:22.641+0000] {logging_mixin.py:188} INFO - [2025-08-26T05:42:22.641+0000] {dagbag.py:545} INFO - Filling up the DagBag from /opt/airflow/dags/data_factory_pipeline.py
[2025-08-26T05:42:22.670+0000] {processor.py:840} INFO - DAG(s) 'silver_adf_trigger_gold' retrieved from /opt/airflow/dags/data_factory_pipeline.py
[2025-08-26T05:42:22.693+0000] {logging_mixin.py:188} INFO - [2025-08-26T05:42:22.693+0000] {dag.py:3089} INFO - Sync 1 DAGs
[2025-08-26T05:42:22.723+0000] {logging_mixin.py:188} INFO - [2025-08-26T05:42:22.723+0000] {dag.py:3947} INFO - Setting next_dagrun for silver_adf_trigger_gold to 2025-08-26 05:40:00+00:00, run_after=2025-08-27 05:40:00+00:00
[2025-08-26T05:42:22.791+0000] {processor.py:183} INFO - Processing /opt/airflow/dags/data_factory_pipeline.py took 0.188 seconds
[2025-08-26T05:42:53.158+0000] {processor.py:161} INFO - Started process (PID=372) to work on /opt/airflow/dags/data_factory_pipeline.py
[2025-08-26T05:42:53.159+0000] {processor.py:830} INFO - Processing file /opt/airflow/dags/data_factory_pipeline.py for tasks to queue
[2025-08-26T05:42:53.160+0000] {logging_mixin.py:188} INFO - [2025-08-26T05:42:53.159+0000] {dagbag.py:545} INFO - Filling up the DagBag from /opt/airflow/dags/data_factory_pipeline.py
[2025-08-26T05:42:53.188+0000] {processor.py:840} INFO - DAG(s) 'silver_adf_trigger_gold' retrieved from /opt/airflow/dags/data_factory_pipeline.py
[2025-08-26T05:42:53.204+0000] {logging_mixin.py:188} INFO - [2025-08-26T05:42:53.203+0000] {dag.py:3089} INFO - Sync 1 DAGs
[2025-08-26T05:42:53.233+0000] {logging_mixin.py:188} INFO - [2025-08-26T05:42:53.233+0000] {dag.py:3947} INFO - Setting next_dagrun for silver_adf_trigger_gold to 2025-08-26 05:40:00+00:00, run_after=2025-08-27 05:40:00+00:00
[2025-08-26T05:42:53.269+0000] {processor.py:183} INFO - Processing /opt/airflow/dags/data_factory_pipeline.py took 0.120 seconds
[2025-08-26T05:43:23.591+0000] {processor.py:161} INFO - Started process (PID=387) to work on /opt/airflow/dags/data_factory_pipeline.py
[2025-08-26T05:43:23.637+0000] {processor.py:830} INFO - Processing file /opt/airflow/dags/data_factory_pipeline.py for tasks to queue
[2025-08-26T05:43:23.638+0000] {logging_mixin.py:188} INFO - [2025-08-26T05:43:23.638+0000] {dagbag.py:545} INFO - Filling up the DagBag from /opt/airflow/dags/data_factory_pipeline.py
[2025-08-26T05:43:23.668+0000] {processor.py:840} INFO - DAG(s) 'silver_adf_trigger_gold' retrieved from /opt/airflow/dags/data_factory_pipeline.py
[2025-08-26T05:43:23.687+0000] {logging_mixin.py:188} INFO - [2025-08-26T05:43:23.686+0000] {dag.py:3089} INFO - Sync 1 DAGs
[2025-08-26T05:43:23.721+0000] {logging_mixin.py:188} INFO - [2025-08-26T05:43:23.721+0000] {dag.py:3947} INFO - Setting next_dagrun for silver_adf_trigger_gold to 2025-08-26 05:40:00+00:00, run_after=2025-08-27 05:40:00+00:00
[2025-08-26T05:43:23.760+0000] {processor.py:183} INFO - Processing /opt/airflow/dags/data_factory_pipeline.py took 0.175 seconds
[2025-08-26T05:43:53.983+0000] {processor.py:161} INFO - Started process (PID=404) to work on /opt/airflow/dags/data_factory_pipeline.py
[2025-08-26T05:43:53.985+0000] {processor.py:830} INFO - Processing file /opt/airflow/dags/data_factory_pipeline.py for tasks to queue
[2025-08-26T05:43:53.987+0000] {logging_mixin.py:188} INFO - [2025-08-26T05:43:53.986+0000] {dagbag.py:545} INFO - Filling up the DagBag from /opt/airflow/dags/data_factory_pipeline.py
[2025-08-26T05:43:54.038+0000] {processor.py:840} INFO - DAG(s) 'silver_adf_trigger_gold' retrieved from /opt/airflow/dags/data_factory_pipeline.py
[2025-08-26T05:43:54.081+0000] {logging_mixin.py:188} INFO - [2025-08-26T05:43:54.080+0000] {dag.py:3089} INFO - Sync 1 DAGs
[2025-08-26T05:43:54.121+0000] {logging_mixin.py:188} INFO - [2025-08-26T05:43:54.120+0000] {dag.py:3947} INFO - Setting next_dagrun for silver_adf_trigger_gold to 2025-08-26 05:40:00+00:00, run_after=2025-08-27 05:40:00+00:00
[2025-08-26T05:43:54.162+0000] {processor.py:183} INFO - Processing /opt/airflow/dags/data_factory_pipeline.py took 0.191 seconds
[2025-08-26T05:44:24.371+0000] {processor.py:161} INFO - Started process (PID=419) to work on /opt/airflow/dags/data_factory_pipeline.py
[2025-08-26T05:44:24.407+0000] {processor.py:830} INFO - Processing file /opt/airflow/dags/data_factory_pipeline.py for tasks to queue
[2025-08-26T05:44:24.408+0000] {logging_mixin.py:188} INFO - [2025-08-26T05:44:24.407+0000] {dagbag.py:545} INFO - Filling up the DagBag from /opt/airflow/dags/data_factory_pipeline.py
[2025-08-26T05:44:24.437+0000] {processor.py:840} INFO - DAG(s) 'silver_adf_trigger_gold' retrieved from /opt/airflow/dags/data_factory_pipeline.py
[2025-08-26T05:44:24.460+0000] {logging_mixin.py:188} INFO - [2025-08-26T05:44:24.460+0000] {dag.py:3089} INFO - Sync 1 DAGs
[2025-08-26T05:44:24.488+0000] {logging_mixin.py:188} INFO - [2025-08-26T05:44:24.488+0000] {dag.py:3947} INFO - Setting next_dagrun for silver_adf_trigger_gold to 2025-08-26 05:40:00+00:00, run_after=2025-08-27 05:40:00+00:00
[2025-08-26T05:44:24.518+0000] {processor.py:183} INFO - Processing /opt/airflow/dags/data_factory_pipeline.py took 0.155 seconds
[2025-08-26T05:44:54.885+0000] {processor.py:161} INFO - Started process (PID=434) to work on /opt/airflow/dags/data_factory_pipeline.py
[2025-08-26T05:44:54.886+0000] {processor.py:830} INFO - Processing file /opt/airflow/dags/data_factory_pipeline.py for tasks to queue
[2025-08-26T05:44:54.887+0000] {logging_mixin.py:188} INFO - [2025-08-26T05:44:54.887+0000] {dagbag.py:545} INFO - Filling up the DagBag from /opt/airflow/dags/data_factory_pipeline.py
[2025-08-26T05:44:54.917+0000] {processor.py:840} INFO - DAG(s) 'silver_adf_trigger_gold' retrieved from /opt/airflow/dags/data_factory_pipeline.py
[2025-08-26T05:44:54.937+0000] {logging_mixin.py:188} INFO - [2025-08-26T05:44:54.936+0000] {dag.py:3089} INFO - Sync 1 DAGs
[2025-08-26T05:44:54.970+0000] {logging_mixin.py:188} INFO - [2025-08-26T05:44:54.970+0000] {dag.py:3947} INFO - Setting next_dagrun for silver_adf_trigger_gold to 2025-08-26 05:40:00+00:00, run_after=2025-08-27 05:40:00+00:00
[2025-08-26T05:44:54.998+0000] {processor.py:183} INFO - Processing /opt/airflow/dags/data_factory_pipeline.py took 0.122 seconds
[2025-08-26T05:45:25.639+0000] {processor.py:161} INFO - Started process (PID=457) to work on /opt/airflow/dags/data_factory_pipeline.py
[2025-08-26T05:45:25.674+0000] {processor.py:830} INFO - Processing file /opt/airflow/dags/data_factory_pipeline.py for tasks to queue
[2025-08-26T05:45:25.676+0000] {logging_mixin.py:188} INFO - [2025-08-26T05:45:25.675+0000] {dagbag.py:545} INFO - Filling up the DagBag from /opt/airflow/dags/data_factory_pipeline.py
[2025-08-26T05:45:25.761+0000] {processor.py:840} INFO - DAG(s) 'silver_adf_trigger_gold' retrieved from /opt/airflow/dags/data_factory_pipeline.py
[2025-08-26T05:45:25.822+0000] {logging_mixin.py:188} INFO - [2025-08-26T05:45:25.822+0000] {dag.py:3089} INFO - Sync 1 DAGs
[2025-08-26T05:45:25.899+0000] {logging_mixin.py:188} INFO - [2025-08-26T05:45:25.899+0000] {dag.py:3947} INFO - Setting next_dagrun for silver_adf_trigger_gold to 2025-08-26 05:40:00+00:00, run_after=2025-08-27 05:40:00+00:00
[2025-08-26T05:45:25.945+0000] {processor.py:183} INFO - Processing /opt/airflow/dags/data_factory_pipeline.py took 0.320 seconds
[2025-08-26T05:45:55.999+0000] {processor.py:161} INFO - Started process (PID=474) to work on /opt/airflow/dags/data_factory_pipeline.py
[2025-08-26T05:45:55.999+0000] {processor.py:830} INFO - Processing file /opt/airflow/dags/data_factory_pipeline.py for tasks to queue
[2025-08-26T05:45:56.000+0000] {logging_mixin.py:188} INFO - [2025-08-26T05:45:56.000+0000] {dagbag.py:545} INFO - Filling up the DagBag from /opt/airflow/dags/data_factory_pipeline.py
[2025-08-26T05:45:56.040+0000] {processor.py:840} INFO - DAG(s) 'silver_adf_trigger_gold' retrieved from /opt/airflow/dags/data_factory_pipeline.py
[2025-08-26T05:45:56.064+0000] {logging_mixin.py:188} INFO - [2025-08-26T05:45:56.063+0000] {dag.py:3089} INFO - Sync 1 DAGs
[2025-08-26T05:45:56.110+0000] {logging_mixin.py:188} INFO - [2025-08-26T05:45:56.110+0000] {dag.py:3947} INFO - Setting next_dagrun for silver_adf_trigger_gold to 2025-08-26 05:40:00+00:00, run_after=2025-08-27 05:40:00+00:00
[2025-08-26T05:45:56.137+0000] {processor.py:183} INFO - Processing /opt/airflow/dags/data_factory_pipeline.py took 0.146 seconds
[2025-08-26T05:46:26.536+0000] {processor.py:161} INFO - Started process (PID=488) to work on /opt/airflow/dags/data_factory_pipeline.py
[2025-08-26T05:46:26.537+0000] {processor.py:830} INFO - Processing file /opt/airflow/dags/data_factory_pipeline.py for tasks to queue
[2025-08-26T05:46:26.538+0000] {logging_mixin.py:188} INFO - [2025-08-26T05:46:26.538+0000] {dagbag.py:545} INFO - Filling up the DagBag from /opt/airflow/dags/data_factory_pipeline.py
[2025-08-26T05:46:26.564+0000] {processor.py:840} INFO - DAG(s) 'silver_adf_trigger_gold' retrieved from /opt/airflow/dags/data_factory_pipeline.py
[2025-08-26T05:46:26.587+0000] {logging_mixin.py:188} INFO - [2025-08-26T05:46:26.586+0000] {dag.py:3089} INFO - Sync 1 DAGs
[2025-08-26T05:46:26.622+0000] {logging_mixin.py:188} INFO - [2025-08-26T05:46:26.622+0000] {dag.py:3947} INFO - Setting next_dagrun for silver_adf_trigger_gold to 2025-08-26 05:40:00+00:00, run_after=2025-08-27 05:40:00+00:00
[2025-08-26T05:46:26.649+0000] {processor.py:183} INFO - Processing /opt/airflow/dags/data_factory_pipeline.py took 0.119 seconds
[2025-08-26T05:46:56.923+0000] {processor.py:161} INFO - Started process (PID=503) to work on /opt/airflow/dags/data_factory_pipeline.py
[2025-08-26T05:46:56.954+0000] {processor.py:830} INFO - Processing file /opt/airflow/dags/data_factory_pipeline.py for tasks to queue
[2025-08-26T05:46:56.955+0000] {logging_mixin.py:188} INFO - [2025-08-26T05:46:56.955+0000] {dagbag.py:545} INFO - Filling up the DagBag from /opt/airflow/dags/data_factory_pipeline.py
[2025-08-26T05:46:56.984+0000] {processor.py:840} INFO - DAG(s) 'silver_adf_trigger_gold' retrieved from /opt/airflow/dags/data_factory_pipeline.py
[2025-08-26T05:46:57.004+0000] {logging_mixin.py:188} INFO - [2025-08-26T05:46:57.003+0000] {dag.py:3089} INFO - Sync 1 DAGs
[2025-08-26T05:46:57.045+0000] {logging_mixin.py:188} INFO - [2025-08-26T05:46:57.045+0000] {dag.py:3947} INFO - Setting next_dagrun for silver_adf_trigger_gold to 2025-08-26 05:40:00+00:00, run_after=2025-08-27 05:40:00+00:00
[2025-08-26T05:46:57.142+0000] {processor.py:183} INFO - Processing /opt/airflow/dags/data_factory_pipeline.py took 0.227 seconds
[2025-08-26T05:47:27.349+0000] {processor.py:161} INFO - Started process (PID=518) to work on /opt/airflow/dags/data_factory_pipeline.py
[2025-08-26T05:47:27.350+0000] {processor.py:830} INFO - Processing file /opt/airflow/dags/data_factory_pipeline.py for tasks to queue
[2025-08-26T05:47:27.351+0000] {logging_mixin.py:188} INFO - [2025-08-26T05:47:27.350+0000] {dagbag.py:545} INFO - Filling up the DagBag from /opt/airflow/dags/data_factory_pipeline.py
[2025-08-26T05:47:27.376+0000] {processor.py:840} INFO - DAG(s) 'silver_adf_trigger_gold' retrieved from /opt/airflow/dags/data_factory_pipeline.py
[2025-08-26T05:47:27.394+0000] {logging_mixin.py:188} INFO - [2025-08-26T05:47:27.393+0000] {dag.py:3089} INFO - Sync 1 DAGs
[2025-08-26T05:47:27.436+0000] {logging_mixin.py:188} INFO - [2025-08-26T05:47:27.436+0000] {dag.py:3947} INFO - Setting next_dagrun for silver_adf_trigger_gold to 2025-08-26 05:40:00+00:00, run_after=2025-08-27 05:40:00+00:00
[2025-08-26T05:47:27.465+0000] {processor.py:183} INFO - Processing /opt/airflow/dags/data_factory_pipeline.py took 0.122 seconds
[2025-08-26T05:47:57.839+0000] {processor.py:161} INFO - Started process (PID=532) to work on /opt/airflow/dags/data_factory_pipeline.py
[2025-08-26T05:47:57.857+0000] {processor.py:830} INFO - Processing file /opt/airflow/dags/data_factory_pipeline.py for tasks to queue
[2025-08-26T05:47:57.858+0000] {logging_mixin.py:188} INFO - [2025-08-26T05:47:57.858+0000] {dagbag.py:545} INFO - Filling up the DagBag from /opt/airflow/dags/data_factory_pipeline.py
[2025-08-26T05:47:57.886+0000] {processor.py:840} INFO - DAG(s) 'silver_adf_trigger_gold' retrieved from /opt/airflow/dags/data_factory_pipeline.py
[2025-08-26T05:47:57.910+0000] {logging_mixin.py:188} INFO - [2025-08-26T05:47:57.910+0000] {dag.py:3089} INFO - Sync 1 DAGs
[2025-08-26T05:47:57.957+0000] {logging_mixin.py:188} INFO - [2025-08-26T05:47:57.957+0000] {dag.py:3947} INFO - Setting next_dagrun for silver_adf_trigger_gold to 2025-08-26 05:40:00+00:00, run_after=2025-08-27 05:40:00+00:00
[2025-08-26T05:47:57.993+0000] {processor.py:183} INFO - Processing /opt/airflow/dags/data_factory_pipeline.py took 0.160 seconds
[2025-08-26T05:48:28.430+0000] {processor.py:161} INFO - Started process (PID=548) to work on /opt/airflow/dags/data_factory_pipeline.py
[2025-08-26T05:48:28.431+0000] {processor.py:830} INFO - Processing file /opt/airflow/dags/data_factory_pipeline.py for tasks to queue
[2025-08-26T05:48:28.433+0000] {logging_mixin.py:188} INFO - [2025-08-26T05:48:28.432+0000] {dagbag.py:545} INFO - Filling up the DagBag from /opt/airflow/dags/data_factory_pipeline.py
[2025-08-26T05:48:28.471+0000] {processor.py:840} INFO - DAG(s) 'silver_adf_trigger_gold' retrieved from /opt/airflow/dags/data_factory_pipeline.py
[2025-08-26T05:48:28.503+0000] {logging_mixin.py:188} INFO - [2025-08-26T05:48:28.503+0000] {dag.py:3089} INFO - Sync 1 DAGs
[2025-08-26T05:48:28.556+0000] {logging_mixin.py:188} INFO - [2025-08-26T05:48:28.556+0000] {dag.py:3947} INFO - Setting next_dagrun for silver_adf_trigger_gold to 2025-08-26 05:40:00+00:00, run_after=2025-08-27 05:40:00+00:00
[2025-08-26T05:48:28.605+0000] {processor.py:183} INFO - Processing /opt/airflow/dags/data_factory_pipeline.py took 0.194 seconds
[2025-08-26T05:48:58.768+0000] {processor.py:161} INFO - Started process (PID=563) to work on /opt/airflow/dags/data_factory_pipeline.py
[2025-08-26T05:48:58.851+0000] {processor.py:830} INFO - Processing file /opt/airflow/dags/data_factory_pipeline.py for tasks to queue
[2025-08-26T05:48:58.852+0000] {logging_mixin.py:188} INFO - [2025-08-26T05:48:58.852+0000] {dagbag.py:545} INFO - Filling up the DagBag from /opt/airflow/dags/data_factory_pipeline.py
[2025-08-26T05:48:58.886+0000] {processor.py:840} INFO - DAG(s) 'silver_adf_trigger_gold' retrieved from /opt/airflow/dags/data_factory_pipeline.py
[2025-08-26T05:48:58.907+0000] {logging_mixin.py:188} INFO - [2025-08-26T05:48:58.907+0000] {dag.py:3089} INFO - Sync 1 DAGs
[2025-08-26T05:48:58.935+0000] {logging_mixin.py:188} INFO - [2025-08-26T05:48:58.935+0000] {dag.py:3947} INFO - Setting next_dagrun for silver_adf_trigger_gold to 2025-08-26 05:40:00+00:00, run_after=2025-08-27 05:40:00+00:00
[2025-08-26T05:48:58.960+0000] {processor.py:183} INFO - Processing /opt/airflow/dags/data_factory_pipeline.py took 0.199 seconds
[2025-08-26T05:49:29.447+0000] {processor.py:161} INFO - Started process (PID=585) to work on /opt/airflow/dags/data_factory_pipeline.py
[2025-08-26T05:49:29.448+0000] {processor.py:830} INFO - Processing file /opt/airflow/dags/data_factory_pipeline.py for tasks to queue
[2025-08-26T05:49:29.450+0000] {logging_mixin.py:188} INFO - [2025-08-26T05:49:29.449+0000] {dagbag.py:545} INFO - Filling up the DagBag from /opt/airflow/dags/data_factory_pipeline.py
[2025-08-26T05:49:29.491+0000] {processor.py:840} INFO - DAG(s) 'silver_adf_trigger_gold' retrieved from /opt/airflow/dags/data_factory_pipeline.py
[2025-08-26T05:49:29.516+0000] {logging_mixin.py:188} INFO - [2025-08-26T05:49:29.515+0000] {dag.py:3089} INFO - Sync 1 DAGs
[2025-08-26T05:49:29.560+0000] {logging_mixin.py:188} INFO - [2025-08-26T05:49:29.559+0000] {dag.py:3947} INFO - Setting next_dagrun for silver_adf_trigger_gold to 2025-08-26 05:40:00+00:00, run_after=2025-08-27 05:40:00+00:00
[2025-08-26T05:49:29.599+0000] {processor.py:183} INFO - Processing /opt/airflow/dags/data_factory_pipeline.py took 0.162 seconds
[2025-08-26T05:49:59.870+0000] {processor.py:161} INFO - Started process (PID=600) to work on /opt/airflow/dags/data_factory_pipeline.py
[2025-08-26T05:49:59.910+0000] {processor.py:830} INFO - Processing file /opt/airflow/dags/data_factory_pipeline.py for tasks to queue
[2025-08-26T05:49:59.912+0000] {logging_mixin.py:188} INFO - [2025-08-26T05:49:59.911+0000] {dagbag.py:545} INFO - Filling up the DagBag from /opt/airflow/dags/data_factory_pipeline.py
[2025-08-26T05:49:59.999+0000] {processor.py:840} INFO - DAG(s) 'silver_adf_trigger_gold' retrieved from /opt/airflow/dags/data_factory_pipeline.py
[2025-08-26T05:50:00.035+0000] {logging_mixin.py:188} INFO - [2025-08-26T05:50:00.034+0000] {dag.py:3089} INFO - Sync 1 DAGs
[2025-08-26T05:50:00.103+0000] {logging_mixin.py:188} INFO - [2025-08-26T05:50:00.102+0000] {dag.py:3947} INFO - Setting next_dagrun for silver_adf_trigger_gold to 2025-08-26 05:40:00+00:00, run_after=2025-08-27 05:40:00+00:00
[2025-08-26T05:50:00.142+0000] {processor.py:183} INFO - Processing /opt/airflow/dags/data_factory_pipeline.py took 0.283 seconds
[2025-08-26T05:50:30.754+0000] {processor.py:161} INFO - Started process (PID=616) to work on /opt/airflow/dags/data_factory_pipeline.py
[2025-08-26T05:50:30.774+0000] {processor.py:830} INFO - Processing file /opt/airflow/dags/data_factory_pipeline.py for tasks to queue
[2025-08-26T05:50:30.775+0000] {logging_mixin.py:188} INFO - [2025-08-26T05:50:30.774+0000] {dagbag.py:545} INFO - Filling up the DagBag from /opt/airflow/dags/data_factory_pipeline.py
[2025-08-26T05:50:30.807+0000] {processor.py:840} INFO - DAG(s) 'silver_adf_trigger_gold' retrieved from /opt/airflow/dags/data_factory_pipeline.py
[2025-08-26T05:50:30.830+0000] {logging_mixin.py:188} INFO - [2025-08-26T05:50:30.830+0000] {dag.py:3089} INFO - Sync 1 DAGs
[2025-08-26T05:50:30.861+0000] {logging_mixin.py:188} INFO - [2025-08-26T05:50:30.861+0000] {dag.py:3947} INFO - Setting next_dagrun for silver_adf_trigger_gold to 2025-08-26 05:40:00+00:00, run_after=2025-08-27 05:40:00+00:00
[2025-08-26T05:50:30.889+0000] {processor.py:183} INFO - Processing /opt/airflow/dags/data_factory_pipeline.py took 0.142 seconds
[2025-08-26T05:51:01.579+0000] {processor.py:161} INFO - Started process (PID=631) to work on /opt/airflow/dags/data_factory_pipeline.py
[2025-08-26T05:51:01.609+0000] {processor.py:830} INFO - Processing file /opt/airflow/dags/data_factory_pipeline.py for tasks to queue
[2025-08-26T05:51:01.610+0000] {logging_mixin.py:188} INFO - [2025-08-26T05:51:01.609+0000] {dagbag.py:545} INFO - Filling up the DagBag from /opt/airflow/dags/data_factory_pipeline.py
[2025-08-26T05:51:01.639+0000] {processor.py:840} INFO - DAG(s) 'silver_adf_trigger_gold' retrieved from /opt/airflow/dags/data_factory_pipeline.py
[2025-08-26T05:51:01.654+0000] {logging_mixin.py:188} INFO - [2025-08-26T05:51:01.654+0000] {dag.py:3089} INFO - Sync 1 DAGs
[2025-08-26T05:51:01.681+0000] {logging_mixin.py:188} INFO - [2025-08-26T05:51:01.681+0000] {dag.py:3947} INFO - Setting next_dagrun for silver_adf_trigger_gold to 2025-08-26 05:40:00+00:00, run_after=2025-08-27 05:40:00+00:00
[2025-08-26T05:51:01.718+0000] {processor.py:183} INFO - Processing /opt/airflow/dags/data_factory_pipeline.py took 0.148 seconds
[2025-08-26T05:51:32.054+0000] {processor.py:161} INFO - Started process (PID=646) to work on /opt/airflow/dags/data_factory_pipeline.py
[2025-08-26T05:51:32.056+0000] {processor.py:830} INFO - Processing file /opt/airflow/dags/data_factory_pipeline.py for tasks to queue
[2025-08-26T05:51:32.057+0000] {logging_mixin.py:188} INFO - [2025-08-26T05:51:32.056+0000] {dagbag.py:545} INFO - Filling up the DagBag from /opt/airflow/dags/data_factory_pipeline.py
[2025-08-26T05:51:32.091+0000] {processor.py:840} INFO - DAG(s) 'silver_adf_trigger_gold' retrieved from /opt/airflow/dags/data_factory_pipeline.py
[2025-08-26T05:51:32.106+0000] {logging_mixin.py:188} INFO - [2025-08-26T05:51:32.105+0000] {dag.py:3089} INFO - Sync 1 DAGs
[2025-08-26T05:51:32.131+0000] {logging_mixin.py:188} INFO - [2025-08-26T05:51:32.131+0000] {dag.py:3947} INFO - Setting next_dagrun for silver_adf_trigger_gold to 2025-08-26 05:40:00+00:00, run_after=2025-08-27 05:40:00+00:00
[2025-08-26T05:51:32.170+0000] {processor.py:183} INFO - Processing /opt/airflow/dags/data_factory_pipeline.py took 0.124 seconds
[2025-08-26T05:52:02.515+0000] {processor.py:161} INFO - Started process (PID=661) to work on /opt/airflow/dags/data_factory_pipeline.py
[2025-08-26T05:52:02.545+0000] {processor.py:830} INFO - Processing file /opt/airflow/dags/data_factory_pipeline.py for tasks to queue
[2025-08-26T05:52:02.546+0000] {logging_mixin.py:188} INFO - [2025-08-26T05:52:02.545+0000] {dagbag.py:545} INFO - Filling up the DagBag from /opt/airflow/dags/data_factory_pipeline.py
[2025-08-26T05:52:02.589+0000] {processor.py:840} INFO - DAG(s) 'silver_adf_trigger_gold' retrieved from /opt/airflow/dags/data_factory_pipeline.py
[2025-08-26T05:52:02.614+0000] {logging_mixin.py:188} INFO - [2025-08-26T05:52:02.613+0000] {dag.py:3089} INFO - Sync 1 DAGs
[2025-08-26T05:52:02.665+0000] {logging_mixin.py:188} INFO - [2025-08-26T05:52:02.665+0000] {dag.py:3947} INFO - Setting next_dagrun for silver_adf_trigger_gold to 2025-08-26 05:40:00+00:00, run_after=2025-08-27 05:40:00+00:00
[2025-08-26T05:52:02.701+0000] {processor.py:183} INFO - Processing /opt/airflow/dags/data_factory_pipeline.py took 0.199 seconds
[2025-08-26T05:52:33.069+0000] {processor.py:161} INFO - Started process (PID=676) to work on /opt/airflow/dags/data_factory_pipeline.py
[2025-08-26T05:52:33.084+0000] {processor.py:830} INFO - Processing file /opt/airflow/dags/data_factory_pipeline.py for tasks to queue
[2025-08-26T05:52:33.086+0000] {logging_mixin.py:188} INFO - [2025-08-26T05:52:33.086+0000] {dagbag.py:545} INFO - Filling up the DagBag from /opt/airflow/dags/data_factory_pipeline.py
[2025-08-26T05:52:33.115+0000] {processor.py:840} INFO - DAG(s) 'silver_adf_trigger_gold' retrieved from /opt/airflow/dags/data_factory_pipeline.py
[2025-08-26T05:52:33.136+0000] {logging_mixin.py:188} INFO - [2025-08-26T05:52:33.136+0000] {dag.py:3089} INFO - Sync 1 DAGs
[2025-08-26T05:52:33.166+0000] {logging_mixin.py:188} INFO - [2025-08-26T05:52:33.165+0000] {dag.py:3947} INFO - Setting next_dagrun for silver_adf_trigger_gold to 2025-08-26 05:40:00+00:00, run_after=2025-08-27 05:40:00+00:00
[2025-08-26T05:52:33.198+0000] {processor.py:183} INFO - Processing /opt/airflow/dags/data_factory_pipeline.py took 0.138 seconds
[2025-08-26T05:53:03.519+0000] {processor.py:161} INFO - Started process (PID=691) to work on /opt/airflow/dags/data_factory_pipeline.py
[2025-08-26T05:53:03.520+0000] {processor.py:830} INFO - Processing file /opt/airflow/dags/data_factory_pipeline.py for tasks to queue
[2025-08-26T05:53:03.521+0000] {logging_mixin.py:188} INFO - [2025-08-26T05:53:03.520+0000] {dagbag.py:545} INFO - Filling up the DagBag from /opt/airflow/dags/data_factory_pipeline.py
[2025-08-26T05:53:03.551+0000] {processor.py:840} INFO - DAG(s) 'silver_adf_trigger_gold' retrieved from /opt/airflow/dags/data_factory_pipeline.py
[2025-08-26T05:53:03.569+0000] {logging_mixin.py:188} INFO - [2025-08-26T05:53:03.569+0000] {dag.py:3089} INFO - Sync 1 DAGs
[2025-08-26T05:53:03.611+0000] {logging_mixin.py:188} INFO - [2025-08-26T05:53:03.610+0000] {dag.py:3947} INFO - Setting next_dagrun for silver_adf_trigger_gold to 2025-08-26 05:40:00+00:00, run_after=2025-08-27 05:40:00+00:00
[2025-08-26T05:53:03.648+0000] {processor.py:183} INFO - Processing /opt/airflow/dags/data_factory_pipeline.py took 0.136 seconds
[2025-08-26T05:53:33.923+0000] {processor.py:161} INFO - Started process (PID=713) to work on /opt/airflow/dags/data_factory_pipeline.py
[2025-08-26T05:53:33.926+0000] {processor.py:830} INFO - Processing file /opt/airflow/dags/data_factory_pipeline.py for tasks to queue
[2025-08-26T05:53:33.927+0000] {logging_mixin.py:188} INFO - [2025-08-26T05:53:33.927+0000] {dagbag.py:545} INFO - Filling up the DagBag from /opt/airflow/dags/data_factory_pipeline.py
[2025-08-26T05:53:33.955+0000] {processor.py:840} INFO - DAG(s) 'silver_adf_trigger_gold' retrieved from /opt/airflow/dags/data_factory_pipeline.py
[2025-08-26T05:53:33.972+0000] {logging_mixin.py:188} INFO - [2025-08-26T05:53:33.972+0000] {dag.py:3089} INFO - Sync 1 DAGs
[2025-08-26T05:53:33.999+0000] {logging_mixin.py:188} INFO - [2025-08-26T05:53:33.998+0000] {dag.py:3947} INFO - Setting next_dagrun for silver_adf_trigger_gold to 2025-08-26 05:40:00+00:00, run_after=2025-08-27 05:40:00+00:00
[2025-08-26T05:53:34.025+0000] {processor.py:183} INFO - Processing /opt/airflow/dags/data_factory_pipeline.py took 0.110 seconds
[2025-08-26T05:54:04.359+0000] {processor.py:161} INFO - Started process (PID=728) to work on /opt/airflow/dags/data_factory_pipeline.py
[2025-08-26T05:54:04.383+0000] {processor.py:830} INFO - Processing file /opt/airflow/dags/data_factory_pipeline.py for tasks to queue
[2025-08-26T05:54:04.398+0000] {logging_mixin.py:188} INFO - [2025-08-26T05:54:04.387+0000] {dagbag.py:545} INFO - Filling up the DagBag from /opt/airflow/dags/data_factory_pipeline.py
[2025-08-26T05:54:04.485+0000] {processor.py:840} INFO - DAG(s) 'silver_adf_trigger_gold' retrieved from /opt/airflow/dags/data_factory_pipeline.py
[2025-08-26T05:54:04.533+0000] {logging_mixin.py:188} INFO - [2025-08-26T05:54:04.533+0000] {dag.py:3089} INFO - Sync 1 DAGs
[2025-08-26T05:54:04.601+0000] {logging_mixin.py:188} INFO - [2025-08-26T05:54:04.601+0000] {dag.py:3947} INFO - Setting next_dagrun for silver_adf_trigger_gold to 2025-08-26 05:40:00+00:00, run_after=2025-08-27 05:40:00+00:00
[2025-08-26T05:54:04.643+0000] {processor.py:183} INFO - Processing /opt/airflow/dags/data_factory_pipeline.py took 0.294 seconds
[2025-08-26T05:54:34.822+0000] {processor.py:161} INFO - Started process (PID=744) to work on /opt/airflow/dags/data_factory_pipeline.py
[2025-08-26T05:54:34.823+0000] {processor.py:830} INFO - Processing file /opt/airflow/dags/data_factory_pipeline.py for tasks to queue
[2025-08-26T05:54:34.826+0000] {logging_mixin.py:188} INFO - [2025-08-26T05:54:34.824+0000] {dagbag.py:545} INFO - Filling up the DagBag from /opt/airflow/dags/data_factory_pipeline.py
[2025-08-26T05:54:34.866+0000] {processor.py:840} INFO - DAG(s) 'silver_adf_trigger_gold' retrieved from /opt/airflow/dags/data_factory_pipeline.py
[2025-08-26T05:54:34.894+0000] {logging_mixin.py:188} INFO - [2025-08-26T05:54:34.894+0000] {dag.py:3089} INFO - Sync 1 DAGs
[2025-08-26T05:54:34.944+0000] {logging_mixin.py:188} INFO - [2025-08-26T05:54:34.944+0000] {dag.py:3947} INFO - Setting next_dagrun for silver_adf_trigger_gold to 2025-08-26 05:40:00+00:00, run_after=2025-08-27 05:40:00+00:00
[2025-08-26T05:54:34.977+0000] {processor.py:183} INFO - Processing /opt/airflow/dags/data_factory_pipeline.py took 0.171 seconds
[2025-08-26T05:55:05.213+0000] {processor.py:161} INFO - Started process (PID=759) to work on /opt/airflow/dags/data_factory_pipeline.py
[2025-08-26T05:55:05.239+0000] {processor.py:830} INFO - Processing file /opt/airflow/dags/data_factory_pipeline.py for tasks to queue
[2025-08-26T05:55:05.240+0000] {logging_mixin.py:188} INFO - [2025-08-26T05:55:05.239+0000] {dagbag.py:545} INFO - Filling up the DagBag from /opt/airflow/dags/data_factory_pipeline.py
[2025-08-26T05:55:05.269+0000] {processor.py:840} INFO - DAG(s) 'silver_adf_trigger_gold' retrieved from /opt/airflow/dags/data_factory_pipeline.py
[2025-08-26T05:55:05.286+0000] {logging_mixin.py:188} INFO - [2025-08-26T05:55:05.286+0000] {dag.py:3089} INFO - Sync 1 DAGs
[2025-08-26T05:55:05.314+0000] {logging_mixin.py:188} INFO - [2025-08-26T05:55:05.314+0000] {dag.py:3947} INFO - Setting next_dagrun for silver_adf_trigger_gold to 2025-08-26 05:40:00+00:00, run_after=2025-08-27 05:40:00+00:00
[2025-08-26T05:55:05.353+0000] {processor.py:183} INFO - Processing /opt/airflow/dags/data_factory_pipeline.py took 0.148 seconds
[2025-08-26T05:55:35.550+0000] {processor.py:161} INFO - Started process (PID=774) to work on /opt/airflow/dags/data_factory_pipeline.py
[2025-08-26T05:55:35.551+0000] {processor.py:830} INFO - Processing file /opt/airflow/dags/data_factory_pipeline.py for tasks to queue
[2025-08-26T05:55:35.552+0000] {logging_mixin.py:188} INFO - [2025-08-26T05:55:35.552+0000] {dagbag.py:545} INFO - Filling up the DagBag from /opt/airflow/dags/data_factory_pipeline.py
[2025-08-26T05:55:35.593+0000] {processor.py:840} INFO - DAG(s) 'silver_adf_trigger_gold' retrieved from /opt/airflow/dags/data_factory_pipeline.py
[2025-08-26T05:55:35.614+0000] {logging_mixin.py:188} INFO - [2025-08-26T05:55:35.614+0000] {dag.py:3089} INFO - Sync 1 DAGs
[2025-08-26T05:55:35.656+0000] {logging_mixin.py:188} INFO - [2025-08-26T05:55:35.655+0000] {dag.py:3947} INFO - Setting next_dagrun for silver_adf_trigger_gold to 2025-08-26 05:40:00+00:00, run_after=2025-08-27 05:40:00+00:00
[2025-08-26T05:55:35.703+0000] {processor.py:183} INFO - Processing /opt/airflow/dags/data_factory_pipeline.py took 0.161 seconds
[2025-08-26T05:56:05.996+0000] {processor.py:161} INFO - Started process (PID=789) to work on /opt/airflow/dags/data_factory_pipeline.py
[2025-08-26T05:56:06.025+0000] {processor.py:830} INFO - Processing file /opt/airflow/dags/data_factory_pipeline.py for tasks to queue
[2025-08-26T05:56:06.026+0000] {logging_mixin.py:188} INFO - [2025-08-26T05:56:06.026+0000] {dagbag.py:545} INFO - Filling up the DagBag from /opt/airflow/dags/data_factory_pipeline.py
[2025-08-26T05:56:06.050+0000] {processor.py:840} INFO - DAG(s) 'silver_adf_trigger_gold' retrieved from /opt/airflow/dags/data_factory_pipeline.py
[2025-08-26T05:56:06.066+0000] {logging_mixin.py:188} INFO - [2025-08-26T05:56:06.066+0000] {dag.py:3089} INFO - Sync 1 DAGs
[2025-08-26T05:56:06.096+0000] {logging_mixin.py:188} INFO - [2025-08-26T05:56:06.096+0000] {dag.py:3947} INFO - Setting next_dagrun for silver_adf_trigger_gold to 2025-08-26 05:40:00+00:00, run_after=2025-08-27 05:40:00+00:00
[2025-08-26T05:56:06.123+0000] {processor.py:183} INFO - Processing /opt/airflow/dags/data_factory_pipeline.py took 0.134 seconds
[2025-08-26T05:56:36.484+0000] {processor.py:161} INFO - Started process (PID=812) to work on /opt/airflow/dags/data_factory_pipeline.py
[2025-08-26T05:56:36.486+0000] {processor.py:830} INFO - Processing file /opt/airflow/dags/data_factory_pipeline.py for tasks to queue
[2025-08-26T05:56:36.489+0000] {logging_mixin.py:188} INFO - [2025-08-26T05:56:36.489+0000] {dagbag.py:545} INFO - Filling up the DagBag from /opt/airflow/dags/data_factory_pipeline.py
[2025-08-26T05:56:36.519+0000] {processor.py:840} INFO - DAG(s) 'silver_adf_trigger_gold' retrieved from /opt/airflow/dags/data_factory_pipeline.py
[2025-08-26T05:56:36.539+0000] {logging_mixin.py:188} INFO - [2025-08-26T05:56:36.539+0000] {dag.py:3089} INFO - Sync 1 DAGs
[2025-08-26T05:56:36.577+0000] {logging_mixin.py:188} INFO - [2025-08-26T05:56:36.576+0000] {dag.py:3947} INFO - Setting next_dagrun for silver_adf_trigger_gold to 2025-08-26 05:40:00+00:00, run_after=2025-08-27 05:40:00+00:00
[2025-08-26T05:56:36.613+0000] {processor.py:183} INFO - Processing /opt/airflow/dags/data_factory_pipeline.py took 0.135 seconds
[2025-08-26T05:57:06.867+0000] {processor.py:161} INFO - Started process (PID=828) to work on /opt/airflow/dags/data_factory_pipeline.py
[2025-08-26T05:57:06.905+0000] {processor.py:830} INFO - Processing file /opt/airflow/dags/data_factory_pipeline.py for tasks to queue
[2025-08-26T05:57:06.906+0000] {logging_mixin.py:188} INFO - [2025-08-26T05:57:06.906+0000] {dagbag.py:545} INFO - Filling up the DagBag from /opt/airflow/dags/data_factory_pipeline.py
[2025-08-26T05:57:06.931+0000] {processor.py:840} INFO - DAG(s) 'silver_adf_trigger_gold' retrieved from /opt/airflow/dags/data_factory_pipeline.py
[2025-08-26T05:57:06.948+0000] {logging_mixin.py:188} INFO - [2025-08-26T05:57:06.948+0000] {dag.py:3089} INFO - Sync 1 DAGs
[2025-08-26T05:57:06.973+0000] {logging_mixin.py:188} INFO - [2025-08-26T05:57:06.973+0000] {dag.py:3947} INFO - Setting next_dagrun for silver_adf_trigger_gold to 2025-08-26 05:40:00+00:00, run_after=2025-08-27 05:40:00+00:00
[2025-08-26T05:57:07.002+0000] {processor.py:183} INFO - Processing /opt/airflow/dags/data_factory_pipeline.py took 0.141 seconds
[2025-08-26T05:57:37.368+0000] {processor.py:161} INFO - Started process (PID=843) to work on /opt/airflow/dags/data_factory_pipeline.py
[2025-08-26T05:57:37.384+0000] {processor.py:830} INFO - Processing file /opt/airflow/dags/data_factory_pipeline.py for tasks to queue
[2025-08-26T05:57:37.387+0000] {logging_mixin.py:188} INFO - [2025-08-26T05:57:37.386+0000] {dagbag.py:545} INFO - Filling up the DagBag from /opt/airflow/dags/data_factory_pipeline.py
[2025-08-26T05:57:37.420+0000] {processor.py:840} INFO - DAG(s) 'silver_adf_trigger_gold' retrieved from /opt/airflow/dags/data_factory_pipeline.py
[2025-08-26T05:57:37.441+0000] {logging_mixin.py:188} INFO - [2025-08-26T05:57:37.441+0000] {dag.py:3089} INFO - Sync 1 DAGs
[2025-08-26T05:57:37.482+0000] {logging_mixin.py:188} INFO - [2025-08-26T05:57:37.481+0000] {dag.py:3947} INFO - Setting next_dagrun for silver_adf_trigger_gold to 2025-08-26 05:40:00+00:00, run_after=2025-08-27 05:40:00+00:00
[2025-08-26T05:57:37.509+0000] {processor.py:183} INFO - Processing /opt/airflow/dags/data_factory_pipeline.py took 0.150 seconds
[2025-08-26T05:58:07.782+0000] {processor.py:161} INFO - Started process (PID=860) to work on /opt/airflow/dags/data_factory_pipeline.py
[2025-08-26T05:58:07.783+0000] {processor.py:830} INFO - Processing file /opt/airflow/dags/data_factory_pipeline.py for tasks to queue
[2025-08-26T05:58:07.784+0000] {logging_mixin.py:188} INFO - [2025-08-26T05:58:07.784+0000] {dagbag.py:545} INFO - Filling up the DagBag from /opt/airflow/dags/data_factory_pipeline.py
[2025-08-26T05:58:07.814+0000] {processor.py:840} INFO - DAG(s) 'silver_adf_trigger_gold' retrieved from /opt/airflow/dags/data_factory_pipeline.py
[2025-08-26T05:58:07.834+0000] {logging_mixin.py:188} INFO - [2025-08-26T05:58:07.834+0000] {dag.py:3089} INFO - Sync 1 DAGs
[2025-08-26T05:58:07.860+0000] {logging_mixin.py:188} INFO - [2025-08-26T05:58:07.860+0000] {dag.py:3947} INFO - Setting next_dagrun for silver_adf_trigger_gold to 2025-08-26 05:40:00+00:00, run_after=2025-08-27 05:40:00+00:00
[2025-08-26T05:58:07.884+0000] {processor.py:183} INFO - Processing /opt/airflow/dags/data_factory_pipeline.py took 0.111 seconds
[2025-08-26T05:58:38.148+0000] {processor.py:161} INFO - Started process (PID=875) to work on /opt/airflow/dags/data_factory_pipeline.py
[2025-08-26T05:58:38.185+0000] {processor.py:830} INFO - Processing file /opt/airflow/dags/data_factory_pipeline.py for tasks to queue
[2025-08-26T05:58:38.186+0000] {logging_mixin.py:188} INFO - [2025-08-26T05:58:38.186+0000] {dagbag.py:545} INFO - Filling up the DagBag from /opt/airflow/dags/data_factory_pipeline.py
[2025-08-26T05:58:38.214+0000] {processor.py:840} INFO - DAG(s) 'silver_adf_trigger_gold' retrieved from /opt/airflow/dags/data_factory_pipeline.py
[2025-08-26T05:58:38.231+0000] {logging_mixin.py:188} INFO - [2025-08-26T05:58:38.230+0000] {dag.py:3089} INFO - Sync 1 DAGs
[2025-08-26T05:58:38.256+0000] {logging_mixin.py:188} INFO - [2025-08-26T05:58:38.256+0000] {dag.py:3947} INFO - Setting next_dagrun for silver_adf_trigger_gold to 2025-08-26 05:40:00+00:00, run_after=2025-08-27 05:40:00+00:00
[2025-08-26T05:58:38.284+0000] {processor.py:183} INFO - Processing /opt/airflow/dags/data_factory_pipeline.py took 0.142 seconds
[2025-08-26T05:59:08.727+0000] {processor.py:161} INFO - Started process (PID=897) to work on /opt/airflow/dags/data_factory_pipeline.py
[2025-08-26T05:59:08.775+0000] {processor.py:830} INFO - Processing file /opt/airflow/dags/data_factory_pipeline.py for tasks to queue
[2025-08-26T05:59:08.777+0000] {logging_mixin.py:188} INFO - [2025-08-26T05:59:08.776+0000] {dagbag.py:545} INFO - Filling up the DagBag from /opt/airflow/dags/data_factory_pipeline.py
[2025-08-26T05:59:08.809+0000] {processor.py:840} INFO - DAG(s) 'silver_adf_trigger_gold' retrieved from /opt/airflow/dags/data_factory_pipeline.py
[2025-08-26T05:59:08.827+0000] {logging_mixin.py:188} INFO - [2025-08-26T05:59:08.827+0000] {dag.py:3089} INFO - Sync 1 DAGs
[2025-08-26T05:59:08.854+0000] {logging_mixin.py:188} INFO - [2025-08-26T05:59:08.854+0000] {dag.py:3947} INFO - Setting next_dagrun for silver_adf_trigger_gold to 2025-08-26 05:40:00+00:00, run_after=2025-08-27 05:40:00+00:00
[2025-08-26T05:59:08.876+0000] {processor.py:183} INFO - Processing /opt/airflow/dags/data_factory_pipeline.py took 0.157 seconds
[2025-08-26T05:59:39.579+0000] {processor.py:161} INFO - Started process (PID=914) to work on /opt/airflow/dags/data_factory_pipeline.py
[2025-08-26T05:59:39.610+0000] {processor.py:830} INFO - Processing file /opt/airflow/dags/data_factory_pipeline.py for tasks to queue
[2025-08-26T05:59:39.611+0000] {logging_mixin.py:188} INFO - [2025-08-26T05:59:39.611+0000] {dagbag.py:545} INFO - Filling up the DagBag from /opt/airflow/dags/data_factory_pipeline.py
[2025-08-26T05:59:39.638+0000] {processor.py:840} INFO - DAG(s) 'silver_adf_trigger_gold' retrieved from /opt/airflow/dags/data_factory_pipeline.py
[2025-08-26T05:59:39.654+0000] {logging_mixin.py:188} INFO - [2025-08-26T05:59:39.654+0000] {dag.py:3089} INFO - Sync 1 DAGs
[2025-08-26T05:59:39.679+0000] {logging_mixin.py:188} INFO - [2025-08-26T05:59:39.679+0000] {dag.py:3947} INFO - Setting next_dagrun for silver_adf_trigger_gold to 2025-08-26 05:40:00+00:00, run_after=2025-08-27 05:40:00+00:00
[2025-08-26T05:59:39.710+0000] {processor.py:183} INFO - Processing /opt/airflow/dags/data_factory_pipeline.py took 0.139 seconds
[2025-08-26T06:00:09.975+0000] {processor.py:161} INFO - Started process (PID=929) to work on /opt/airflow/dags/data_factory_pipeline.py
[2025-08-26T06:00:09.976+0000] {processor.py:830} INFO - Processing file /opt/airflow/dags/data_factory_pipeline.py for tasks to queue
[2025-08-26T06:00:09.977+0000] {logging_mixin.py:188} INFO - [2025-08-26T06:00:09.976+0000] {dagbag.py:545} INFO - Filling up the DagBag from /opt/airflow/dags/data_factory_pipeline.py
[2025-08-26T06:00:10.002+0000] {processor.py:840} INFO - DAG(s) 'silver_adf_trigger_gold' retrieved from /opt/airflow/dags/data_factory_pipeline.py
[2025-08-26T06:00:10.023+0000] {logging_mixin.py:188} INFO - [2025-08-26T06:00:10.023+0000] {dag.py:3089} INFO - Sync 1 DAGs
[2025-08-26T06:00:10.058+0000] {logging_mixin.py:188} INFO - [2025-08-26T06:00:10.057+0000] {dag.py:3947} INFO - Setting next_dagrun for silver_adf_trigger_gold to 2025-08-26 05:40:00+00:00, run_after=2025-08-27 05:40:00+00:00
[2025-08-26T06:00:10.081+0000] {processor.py:183} INFO - Processing /opt/airflow/dags/data_factory_pipeline.py took 0.113 seconds
[2025-08-26T06:00:40.317+0000] {processor.py:161} INFO - Started process (PID=944) to work on /opt/airflow/dags/data_factory_pipeline.py
[2025-08-26T06:00:40.349+0000] {processor.py:830} INFO - Processing file /opt/airflow/dags/data_factory_pipeline.py for tasks to queue
[2025-08-26T06:00:40.351+0000] {logging_mixin.py:188} INFO - [2025-08-26T06:00:40.350+0000] {dagbag.py:545} INFO - Filling up the DagBag from /opt/airflow/dags/data_factory_pipeline.py
[2025-08-26T06:00:40.383+0000] {processor.py:840} INFO - DAG(s) 'silver_adf_trigger_gold' retrieved from /opt/airflow/dags/data_factory_pipeline.py
[2025-08-26T06:00:40.402+0000] {logging_mixin.py:188} INFO - [2025-08-26T06:00:40.402+0000] {dag.py:3089} INFO - Sync 1 DAGs
[2025-08-26T06:00:40.437+0000] {logging_mixin.py:188} INFO - [2025-08-26T06:00:40.437+0000] {dag.py:3947} INFO - Setting next_dagrun for silver_adf_trigger_gold to 2025-08-26 05:40:00+00:00, run_after=2025-08-27 05:40:00+00:00
[2025-08-26T06:00:40.462+0000] {processor.py:183} INFO - Processing /opt/airflow/dags/data_factory_pipeline.py took 0.153 seconds
[2025-08-26T06:01:10.649+0000] {processor.py:161} INFO - Started process (PID=961) to work on /opt/airflow/dags/data_factory_pipeline.py
[2025-08-26T06:01:10.684+0000] {processor.py:830} INFO - Processing file /opt/airflow/dags/data_factory_pipeline.py for tasks to queue
[2025-08-26T06:01:10.685+0000] {logging_mixin.py:188} INFO - [2025-08-26T06:01:10.685+0000] {dagbag.py:545} INFO - Filling up the DagBag from /opt/airflow/dags/data_factory_pipeline.py
[2025-08-26T06:01:10.713+0000] {processor.py:840} INFO - DAG(s) 'silver_adf_trigger_gold' retrieved from /opt/airflow/dags/data_factory_pipeline.py
[2025-08-26T06:01:10.730+0000] {logging_mixin.py:188} INFO - [2025-08-26T06:01:10.730+0000] {dag.py:3089} INFO - Sync 1 DAGs
[2025-08-26T06:01:10.764+0000] {logging_mixin.py:188} INFO - [2025-08-26T06:01:10.764+0000] {dag.py:3947} INFO - Setting next_dagrun for silver_adf_trigger_gold to 2025-08-26 05:40:00+00:00, run_after=2025-08-27 05:40:00+00:00
[2025-08-26T06:01:10.798+0000] {processor.py:183} INFO - Processing /opt/airflow/dags/data_factory_pipeline.py took 0.155 seconds
[2025-08-26T06:01:41.046+0000] {processor.py:161} INFO - Started process (PID=984) to work on /opt/airflow/dags/data_factory_pipeline.py
[2025-08-26T06:01:41.086+0000] {processor.py:830} INFO - Processing file /opt/airflow/dags/data_factory_pipeline.py for tasks to queue
[2025-08-26T06:01:41.088+0000] {logging_mixin.py:188} INFO - [2025-08-26T06:01:41.088+0000] {dagbag.py:545} INFO - Filling up the DagBag from /opt/airflow/dags/data_factory_pipeline.py
[2025-08-26T06:01:41.115+0000] {processor.py:840} INFO - DAG(s) 'silver_adf_trigger_gold' retrieved from /opt/airflow/dags/data_factory_pipeline.py
[2025-08-26T06:01:41.133+0000] {logging_mixin.py:188} INFO - [2025-08-26T06:01:41.133+0000] {dag.py:3089} INFO - Sync 1 DAGs
[2025-08-26T06:01:41.166+0000] {logging_mixin.py:188} INFO - [2025-08-26T06:01:41.166+0000] {dag.py:3947} INFO - Setting next_dagrun for silver_adf_trigger_gold to 2025-08-26 05:40:00+00:00, run_after=2025-08-27 05:40:00+00:00
[2025-08-26T06:01:41.198+0000] {processor.py:183} INFO - Processing /opt/airflow/dags/data_factory_pipeline.py took 0.160 seconds
[2025-08-26T06:02:11.543+0000] {processor.py:161} INFO - Started process (PID=999) to work on /opt/airflow/dags/data_factory_pipeline.py
[2025-08-26T06:02:11.544+0000] {processor.py:830} INFO - Processing file /opt/airflow/dags/data_factory_pipeline.py for tasks to queue
[2025-08-26T06:02:11.544+0000] {logging_mixin.py:188} INFO - [2025-08-26T06:02:11.544+0000] {dagbag.py:545} INFO - Filling up the DagBag from /opt/airflow/dags/data_factory_pipeline.py
[2025-08-26T06:02:11.572+0000] {processor.py:840} INFO - DAG(s) 'silver_adf_trigger_gold' retrieved from /opt/airflow/dags/data_factory_pipeline.py
[2025-08-26T06:02:11.589+0000] {logging_mixin.py:188} INFO - [2025-08-26T06:02:11.589+0000] {dag.py:3089} INFO - Sync 1 DAGs
[2025-08-26T06:02:11.616+0000] {logging_mixin.py:188} INFO - [2025-08-26T06:02:11.616+0000] {dag.py:3947} INFO - Setting next_dagrun for silver_adf_trigger_gold to 2025-08-26 05:40:00+00:00, run_after=2025-08-27 05:40:00+00:00
[2025-08-26T06:02:11.698+0000] {processor.py:183} INFO - Processing /opt/airflow/dags/data_factory_pipeline.py took 0.162 seconds
[2025-08-26T06:02:41.886+0000] {processor.py:161} INFO - Started process (PID=1015) to work on /opt/airflow/dags/data_factory_pipeline.py
[2025-08-26T06:02:41.900+0000] {processor.py:830} INFO - Processing file /opt/airflow/dags/data_factory_pipeline.py for tasks to queue
[2025-08-26T06:02:41.902+0000] {logging_mixin.py:188} INFO - [2025-08-26T06:02:41.902+0000] {dagbag.py:545} INFO - Filling up the DagBag from /opt/airflow/dags/data_factory_pipeline.py
[2025-08-26T06:02:41.976+0000] {processor.py:840} INFO - DAG(s) 'silver_adf_trigger_gold' retrieved from /opt/airflow/dags/data_factory_pipeline.py
[2025-08-26T06:02:41.999+0000] {logging_mixin.py:188} INFO - [2025-08-26T06:02:41.999+0000] {dag.py:3089} INFO - Sync 1 DAGs
[2025-08-26T06:02:42.039+0000] {logging_mixin.py:188} INFO - [2025-08-26T06:02:42.038+0000] {dag.py:3947} INFO - Setting next_dagrun for silver_adf_trigger_gold to 2025-08-26 05:40:00+00:00, run_after=2025-08-27 05:40:00+00:00
[2025-08-26T06:02:42.091+0000] {processor.py:183} INFO - Processing /opt/airflow/dags/data_factory_pipeline.py took 0.216 seconds
[2025-08-26T06:03:12.347+0000] {processor.py:161} INFO - Started process (PID=1030) to work on /opt/airflow/dags/data_factory_pipeline.py
[2025-08-26T06:03:12.357+0000] {processor.py:830} INFO - Processing file /opt/airflow/dags/data_factory_pipeline.py for tasks to queue
[2025-08-26T06:03:12.361+0000] {logging_mixin.py:188} INFO - [2025-08-26T06:03:12.359+0000] {dagbag.py:545} INFO - Filling up the DagBag from /opt/airflow/dags/data_factory_pipeline.py
[2025-08-26T06:03:12.398+0000] {processor.py:840} INFO - DAG(s) 'silver_adf_trigger_gold' retrieved from /opt/airflow/dags/data_factory_pipeline.py
[2025-08-26T06:03:12.415+0000] {logging_mixin.py:188} INFO - [2025-08-26T06:03:12.414+0000] {dag.py:3089} INFO - Sync 1 DAGs
[2025-08-26T06:03:12.451+0000] {logging_mixin.py:188} INFO - [2025-08-26T06:03:12.450+0000] {dag.py:3947} INFO - Setting next_dagrun for silver_adf_trigger_gold to 2025-08-26 05:40:00+00:00, run_after=2025-08-27 05:40:00+00:00
[2025-08-26T06:03:12.483+0000] {processor.py:183} INFO - Processing /opt/airflow/dags/data_factory_pipeline.py took 0.144 seconds
[2025-08-26T06:03:42.700+0000] {processor.py:161} INFO - Started process (PID=1045) to work on /opt/airflow/dags/data_factory_pipeline.py
[2025-08-26T06:03:42.701+0000] {processor.py:830} INFO - Processing file /opt/airflow/dags/data_factory_pipeline.py for tasks to queue
[2025-08-26T06:03:42.702+0000] {logging_mixin.py:188} INFO - [2025-08-26T06:03:42.702+0000] {dagbag.py:545} INFO - Filling up the DagBag from /opt/airflow/dags/data_factory_pipeline.py
[2025-08-26T06:03:42.753+0000] {processor.py:840} INFO - DAG(s) 'silver_adf_trigger_gold' retrieved from /opt/airflow/dags/data_factory_pipeline.py
[2025-08-26T06:03:42.777+0000] {logging_mixin.py:188} INFO - [2025-08-26T06:03:42.776+0000] {dag.py:3089} INFO - Sync 1 DAGs
[2025-08-26T06:03:42.820+0000] {logging_mixin.py:188} INFO - [2025-08-26T06:03:42.820+0000] {dag.py:3947} INFO - Setting next_dagrun for silver_adf_trigger_gold to 2025-08-26 05:40:00+00:00, run_after=2025-08-27 05:40:00+00:00
[2025-08-26T06:03:43.130+0000] {processor.py:183} INFO - Processing /opt/airflow/dags/data_factory_pipeline.py took 0.437 seconds
[2025-08-26T06:04:13.345+0000] {processor.py:161} INFO - Started process (PID=1060) to work on /opt/airflow/dags/data_factory_pipeline.py
[2025-08-26T06:04:13.382+0000] {processor.py:830} INFO - Processing file /opt/airflow/dags/data_factory_pipeline.py for tasks to queue
[2025-08-26T06:04:13.383+0000] {logging_mixin.py:188} INFO - [2025-08-26T06:04:13.383+0000] {dagbag.py:545} INFO - Filling up the DagBag from /opt/airflow/dags/data_factory_pipeline.py
[2025-08-26T06:04:13.415+0000] {processor.py:840} INFO - DAG(s) 'silver_adf_trigger_gold' retrieved from /opt/airflow/dags/data_factory_pipeline.py
[2025-08-26T06:04:13.434+0000] {logging_mixin.py:188} INFO - [2025-08-26T06:04:13.434+0000] {dag.py:3089} INFO - Sync 1 DAGs
[2025-08-26T06:04:13.468+0000] {logging_mixin.py:188} INFO - [2025-08-26T06:04:13.468+0000] {dag.py:3947} INFO - Setting next_dagrun for silver_adf_trigger_gold to 2025-08-26 05:40:00+00:00, run_after=2025-08-27 05:40:00+00:00
[2025-08-26T06:04:13.506+0000] {processor.py:183} INFO - Processing /opt/airflow/dags/data_factory_pipeline.py took 0.169 seconds
[2025-08-26T06:04:43.644+0000] {processor.py:161} INFO - Started process (PID=1076) to work on /opt/airflow/dags/data_factory_pipeline.py
[2025-08-26T06:04:43.651+0000] {processor.py:830} INFO - Processing file /opt/airflow/dags/data_factory_pipeline.py for tasks to queue
[2025-08-26T06:04:43.653+0000] {logging_mixin.py:188} INFO - [2025-08-26T06:04:43.652+0000] {dagbag.py:545} INFO - Filling up the DagBag from /opt/airflow/dags/data_factory_pipeline.py
[2025-08-26T06:04:43.684+0000] {processor.py:840} INFO - DAG(s) 'silver_adf_trigger_gold' retrieved from /opt/airflow/dags/data_factory_pipeline.py
[2025-08-26T06:04:43.707+0000] {logging_mixin.py:188} INFO - [2025-08-26T06:04:43.707+0000] {dag.py:3089} INFO - Sync 1 DAGs
[2025-08-26T06:04:43.744+0000] {logging_mixin.py:188} INFO - [2025-08-26T06:04:43.744+0000] {dag.py:3947} INFO - Setting next_dagrun for silver_adf_trigger_gold to 2025-08-26 05:40:00+00:00, run_after=2025-08-27 05:40:00+00:00
[2025-08-26T06:04:43.791+0000] {processor.py:183} INFO - Processing /opt/airflow/dags/data_factory_pipeline.py took 0.155 seconds
[2025-08-26T06:05:14.002+0000] {processor.py:161} INFO - Started process (PID=1091) to work on /opt/airflow/dags/data_factory_pipeline.py
[2025-08-26T06:05:14.007+0000] {processor.py:830} INFO - Processing file /opt/airflow/dags/data_factory_pipeline.py for tasks to queue
[2025-08-26T06:05:14.008+0000] {logging_mixin.py:188} INFO - [2025-08-26T06:05:14.008+0000] {dagbag.py:545} INFO - Filling up the DagBag from /opt/airflow/dags/data_factory_pipeline.py
[2025-08-26T06:05:14.038+0000] {processor.py:840} INFO - DAG(s) 'silver_adf_trigger_gold' retrieved from /opt/airflow/dags/data_factory_pipeline.py
[2025-08-26T06:05:14.061+0000] {logging_mixin.py:188} INFO - [2025-08-26T06:05:14.061+0000] {dag.py:3089} INFO - Sync 1 DAGs
[2025-08-26T06:05:14.098+0000] {logging_mixin.py:188} INFO - [2025-08-26T06:05:14.098+0000] {dag.py:3947} INFO - Setting next_dagrun for silver_adf_trigger_gold to 2025-08-26 05:40:00+00:00, run_after=2025-08-27 05:40:00+00:00
[2025-08-26T06:05:14.135+0000] {processor.py:183} INFO - Processing /opt/airflow/dags/data_factory_pipeline.py took 0.142 seconds
[2025-08-26T06:05:44.348+0000] {processor.py:161} INFO - Started process (PID=1106) to work on /opt/airflow/dags/data_factory_pipeline.py
[2025-08-26T06:05:44.353+0000] {processor.py:830} INFO - Processing file /opt/airflow/dags/data_factory_pipeline.py for tasks to queue
[2025-08-26T06:05:44.354+0000] {logging_mixin.py:188} INFO - [2025-08-26T06:05:44.354+0000] {dagbag.py:545} INFO - Filling up the DagBag from /opt/airflow/dags/data_factory_pipeline.py
[2025-08-26T06:05:44.384+0000] {processor.py:840} INFO - DAG(s) 'silver_adf_trigger_gold' retrieved from /opt/airflow/dags/data_factory_pipeline.py
[2025-08-26T06:05:44.401+0000] {logging_mixin.py:188} INFO - [2025-08-26T06:05:44.401+0000] {dag.py:3089} INFO - Sync 1 DAGs
[2025-08-26T06:05:44.436+0000] {logging_mixin.py:188} INFO - [2025-08-26T06:05:44.436+0000] {dag.py:3947} INFO - Setting next_dagrun for silver_adf_trigger_gold to 2025-08-26 05:40:00+00:00, run_after=2025-08-27 05:40:00+00:00
[2025-08-26T06:05:44.475+0000] {processor.py:183} INFO - Processing /opt/airflow/dags/data_factory_pipeline.py took 0.133 seconds
[2025-08-26T06:06:14.734+0000] {processor.py:161} INFO - Started process (PID=1121) to work on /opt/airflow/dags/data_factory_pipeline.py
[2025-08-26T06:06:14.735+0000] {processor.py:830} INFO - Processing file /opt/airflow/dags/data_factory_pipeline.py for tasks to queue
[2025-08-26T06:06:14.736+0000] {logging_mixin.py:188} INFO - [2025-08-26T06:06:14.736+0000] {dagbag.py:545} INFO - Filling up the DagBag from /opt/airflow/dags/data_factory_pipeline.py
[2025-08-26T06:06:14.763+0000] {processor.py:840} INFO - DAG(s) 'silver_adf_trigger_gold' retrieved from /opt/airflow/dags/data_factory_pipeline.py
[2025-08-26T06:06:14.781+0000] {logging_mixin.py:188} INFO - [2025-08-26T06:06:14.780+0000] {dag.py:3089} INFO - Sync 1 DAGs
[2025-08-26T06:06:14.807+0000] {logging_mixin.py:188} INFO - [2025-08-26T06:06:14.807+0000] {dag.py:3947} INFO - Setting next_dagrun for silver_adf_trigger_gold to 2025-08-26 05:40:00+00:00, run_after=2025-08-27 05:40:00+00:00
[2025-08-26T06:06:14.837+0000] {processor.py:183} INFO - Processing /opt/airflow/dags/data_factory_pipeline.py took 0.109 seconds
[2025-08-26T06:06:45.181+0000] {processor.py:161} INFO - Started process (PID=1136) to work on /opt/airflow/dags/data_factory_pipeline.py
[2025-08-26T06:06:45.190+0000] {processor.py:830} INFO - Processing file /opt/airflow/dags/data_factory_pipeline.py for tasks to queue
[2025-08-26T06:06:45.191+0000] {logging_mixin.py:188} INFO - [2025-08-26T06:06:45.191+0000] {dagbag.py:545} INFO - Filling up the DagBag from /opt/airflow/dags/data_factory_pipeline.py
[2025-08-26T06:06:45.218+0000] {processor.py:840} INFO - DAG(s) 'silver_adf_trigger_gold' retrieved from /opt/airflow/dags/data_factory_pipeline.py
[2025-08-26T06:06:45.238+0000] {logging_mixin.py:188} INFO - [2025-08-26T06:06:45.238+0000] {dag.py:3089} INFO - Sync 1 DAGs
[2025-08-26T06:06:45.263+0000] {logging_mixin.py:188} INFO - [2025-08-26T06:06:45.263+0000] {dag.py:3947} INFO - Setting next_dagrun for silver_adf_trigger_gold to 2025-08-26 05:40:00+00:00, run_after=2025-08-27 05:40:00+00:00
[2025-08-26T06:06:45.295+0000] {processor.py:183} INFO - Processing /opt/airflow/dags/data_factory_pipeline.py took 0.122 seconds
[2025-08-26T06:07:15.602+0000] {processor.py:161} INFO - Started process (PID=1159) to work on /opt/airflow/dags/data_factory_pipeline.py
[2025-08-26T06:07:15.603+0000] {processor.py:830} INFO - Processing file /opt/airflow/dags/data_factory_pipeline.py for tasks to queue
[2025-08-26T06:07:15.607+0000] {logging_mixin.py:188} INFO - [2025-08-26T06:07:15.604+0000] {dagbag.py:545} INFO - Filling up the DagBag from /opt/airflow/dags/data_factory_pipeline.py
[2025-08-26T06:07:15.673+0000] {processor.py:840} INFO - DAG(s) 'silver_adf_trigger_gold' retrieved from /opt/airflow/dags/data_factory_pipeline.py
[2025-08-26T06:07:15.702+0000] {logging_mixin.py:188} INFO - [2025-08-26T06:07:15.702+0000] {dag.py:3089} INFO - Sync 1 DAGs
[2025-08-26T06:07:15.748+0000] {logging_mixin.py:188} INFO - [2025-08-26T06:07:15.748+0000] {dag.py:3947} INFO - Setting next_dagrun for silver_adf_trigger_gold to 2025-08-26 05:40:00+00:00, run_after=2025-08-27 05:40:00+00:00
[2025-08-26T06:07:15.776+0000] {processor.py:183} INFO - Processing /opt/airflow/dags/data_factory_pipeline.py took 0.189 seconds
[2025-08-26T06:07:46.072+0000] {processor.py:161} INFO - Started process (PID=1173) to work on /opt/airflow/dags/data_factory_pipeline.py
[2025-08-26T06:07:46.086+0000] {processor.py:830} INFO - Processing file /opt/airflow/dags/data_factory_pipeline.py for tasks to queue
[2025-08-26T06:07:46.087+0000] {logging_mixin.py:188} INFO - [2025-08-26T06:07:46.087+0000] {dagbag.py:545} INFO - Filling up the DagBag from /opt/airflow/dags/data_factory_pipeline.py
[2025-08-26T06:07:46.121+0000] {processor.py:840} INFO - DAG(s) 'silver_adf_trigger_gold' retrieved from /opt/airflow/dags/data_factory_pipeline.py
[2025-08-26T06:07:46.151+0000] {logging_mixin.py:188} INFO - [2025-08-26T06:07:46.151+0000] {dag.py:3089} INFO - Sync 1 DAGs
[2025-08-26T06:07:46.195+0000] {logging_mixin.py:188} INFO - [2025-08-26T06:07:46.194+0000] {dag.py:3947} INFO - Setting next_dagrun for silver_adf_trigger_gold to 2025-08-26 05:40:00+00:00, run_after=2025-08-27 05:40:00+00:00
[2025-08-26T06:07:46.241+0000] {processor.py:183} INFO - Processing /opt/airflow/dags/data_factory_pipeline.py took 0.187 seconds
[2025-08-26T06:08:16.446+0000] {processor.py:161} INFO - Started process (PID=1190) to work on /opt/airflow/dags/data_factory_pipeline.py
[2025-08-26T06:08:16.447+0000] {processor.py:830} INFO - Processing file /opt/airflow/dags/data_factory_pipeline.py for tasks to queue
[2025-08-26T06:08:16.448+0000] {logging_mixin.py:188} INFO - [2025-08-26T06:08:16.448+0000] {dagbag.py:545} INFO - Filling up the DagBag from /opt/airflow/dags/data_factory_pipeline.py
[2025-08-26T06:08:16.477+0000] {processor.py:840} INFO - DAG(s) 'silver_adf_trigger_gold' retrieved from /opt/airflow/dags/data_factory_pipeline.py
[2025-08-26T06:08:16.494+0000] {logging_mixin.py:188} INFO - [2025-08-26T06:08:16.493+0000] {dag.py:3089} INFO - Sync 1 DAGs
[2025-08-26T06:08:16.521+0000] {logging_mixin.py:188} INFO - [2025-08-26T06:08:16.521+0000] {dag.py:3947} INFO - Setting next_dagrun for silver_adf_trigger_gold to 2025-08-26 05:40:00+00:00, run_after=2025-08-27 05:40:00+00:00
[2025-08-26T06:08:16.553+0000] {processor.py:183} INFO - Processing /opt/airflow/dags/data_factory_pipeline.py took 0.114 seconds
[2025-08-26T06:08:46.781+0000] {processor.py:161} INFO - Started process (PID=1205) to work on /opt/airflow/dags/data_factory_pipeline.py
[2025-08-26T06:08:46.790+0000] {processor.py:830} INFO - Processing file /opt/airflow/dags/data_factory_pipeline.py for tasks to queue
[2025-08-26T06:08:46.791+0000] {logging_mixin.py:188} INFO - [2025-08-26T06:08:46.791+0000] {dagbag.py:545} INFO - Filling up the DagBag from /opt/airflow/dags/data_factory_pipeline.py
[2025-08-26T06:08:46.819+0000] {processor.py:840} INFO - DAG(s) 'silver_adf_trigger_gold' retrieved from /opt/airflow/dags/data_factory_pipeline.py
[2025-08-26T06:08:46.840+0000] {logging_mixin.py:188} INFO - [2025-08-26T06:08:46.840+0000] {dag.py:3089} INFO - Sync 1 DAGs
[2025-08-26T06:08:46.865+0000] {logging_mixin.py:188} INFO - [2025-08-26T06:08:46.864+0000] {dag.py:3947} INFO - Setting next_dagrun for silver_adf_trigger_gold to 2025-08-26 05:40:00+00:00, run_after=2025-08-27 05:40:00+00:00
[2025-08-26T06:08:46.891+0000] {processor.py:183} INFO - Processing /opt/airflow/dags/data_factory_pipeline.py took 0.121 seconds
[2025-08-26T06:09:17.192+0000] {processor.py:161} INFO - Started process (PID=1221) to work on /opt/airflow/dags/data_factory_pipeline.py
[2025-08-26T06:09:17.193+0000] {processor.py:830} INFO - Processing file /opt/airflow/dags/data_factory_pipeline.py for tasks to queue
[2025-08-26T06:09:17.194+0000] {logging_mixin.py:188} INFO - [2025-08-26T06:09:17.193+0000] {dagbag.py:545} INFO - Filling up the DagBag from /opt/airflow/dags/data_factory_pipeline.py
[2025-08-26T06:09:17.221+0000] {processor.py:840} INFO - DAG(s) 'silver_adf_trigger_gold' retrieved from /opt/airflow/dags/data_factory_pipeline.py
[2025-08-26T06:09:17.243+0000] {logging_mixin.py:188} INFO - [2025-08-26T06:09:17.243+0000] {dag.py:3089} INFO - Sync 1 DAGs
[2025-08-26T06:09:17.274+0000] {logging_mixin.py:188} INFO - [2025-08-26T06:09:17.274+0000] {dag.py:3947} INFO - Setting next_dagrun for silver_adf_trigger_gold to 2025-08-26 05:40:00+00:00, run_after=2025-08-27 05:40:00+00:00
[2025-08-26T06:09:17.304+0000] {processor.py:183} INFO - Processing /opt/airflow/dags/data_factory_pipeline.py took 0.122 seconds
[2025-08-26T06:09:47.643+0000] {processor.py:161} INFO - Started process (PID=1236) to work on /opt/airflow/dags/data_factory_pipeline.py
[2025-08-26T06:09:47.658+0000] {processor.py:830} INFO - Processing file /opt/airflow/dags/data_factory_pipeline.py for tasks to queue
[2025-08-26T06:09:47.659+0000] {logging_mixin.py:188} INFO - [2025-08-26T06:09:47.659+0000] {dagbag.py:545} INFO - Filling up the DagBag from /opt/airflow/dags/data_factory_pipeline.py
[2025-08-26T06:09:47.707+0000] {processor.py:840} INFO - DAG(s) 'silver_adf_trigger_gold' retrieved from /opt/airflow/dags/data_factory_pipeline.py
[2025-08-26T06:09:47.726+0000] {logging_mixin.py:188} INFO - [2025-08-26T06:09:47.726+0000] {dag.py:3089} INFO - Sync 1 DAGs
[2025-08-26T06:09:47.758+0000] {logging_mixin.py:188} INFO - [2025-08-26T06:09:47.757+0000] {dag.py:3947} INFO - Setting next_dagrun for silver_adf_trigger_gold to 2025-08-26 05:40:00+00:00, run_after=2025-08-27 05:40:00+00:00
[2025-08-26T06:09:47.822+0000] {processor.py:183} INFO - Processing /opt/airflow/dags/data_factory_pipeline.py took 0.191 seconds
[2025-08-26T06:10:17.976+0000] {processor.py:161} INFO - Started process (PID=1258) to work on /opt/airflow/dags/data_factory_pipeline.py
[2025-08-26T06:10:17.978+0000] {processor.py:830} INFO - Processing file /opt/airflow/dags/data_factory_pipeline.py for tasks to queue
[2025-08-26T06:10:17.979+0000] {logging_mixin.py:188} INFO - [2025-08-26T06:10:17.979+0000] {dagbag.py:545} INFO - Filling up the DagBag from /opt/airflow/dags/data_factory_pipeline.py
[2025-08-26T06:10:18.007+0000] {processor.py:840} INFO - DAG(s) 'silver_adf_trigger_gold' retrieved from /opt/airflow/dags/data_factory_pipeline.py
[2025-08-26T06:10:18.026+0000] {logging_mixin.py:188} INFO - [2025-08-26T06:10:18.026+0000] {dag.py:3089} INFO - Sync 1 DAGs
[2025-08-26T06:10:18.065+0000] {logging_mixin.py:188} INFO - [2025-08-26T06:10:18.065+0000] {dag.py:3947} INFO - Setting next_dagrun for silver_adf_trigger_gold to 2025-08-26 05:40:00+00:00, run_after=2025-08-27 05:40:00+00:00
[2025-08-26T06:10:18.114+0000] {processor.py:183} INFO - Processing /opt/airflow/dags/data_factory_pipeline.py took 0.146 seconds
[2025-08-26T06:10:48.445+0000] {processor.py:161} INFO - Started process (PID=1273) to work on /opt/airflow/dags/data_factory_pipeline.py
[2025-08-26T06:10:48.450+0000] {processor.py:830} INFO - Processing file /opt/airflow/dags/data_factory_pipeline.py for tasks to queue
[2025-08-26T06:10:48.452+0000] {logging_mixin.py:188} INFO - [2025-08-26T06:10:48.451+0000] {dagbag.py:545} INFO - Filling up the DagBag from /opt/airflow/dags/data_factory_pipeline.py
[2025-08-26T06:10:48.484+0000] {processor.py:840} INFO - DAG(s) 'silver_adf_trigger_gold' retrieved from /opt/airflow/dags/data_factory_pipeline.py
[2025-08-26T06:10:48.499+0000] {logging_mixin.py:188} INFO - [2025-08-26T06:10:48.499+0000] {dag.py:3089} INFO - Sync 1 DAGs
[2025-08-26T06:10:48.526+0000] {logging_mixin.py:188} INFO - [2025-08-26T06:10:48.526+0000] {dag.py:3947} INFO - Setting next_dagrun for silver_adf_trigger_gold to 2025-08-26 05:40:00+00:00, run_after=2025-08-27 05:40:00+00:00
[2025-08-26T06:10:48.550+0000] {processor.py:183} INFO - Processing /opt/airflow/dags/data_factory_pipeline.py took 0.114 seconds
[2025-08-26T06:11:18.877+0000] {processor.py:161} INFO - Started process (PID=1288) to work on /opt/airflow/dags/data_factory_pipeline.py
[2025-08-26T06:11:18.886+0000] {processor.py:830} INFO - Processing file /opt/airflow/dags/data_factory_pipeline.py for tasks to queue
[2025-08-26T06:11:18.887+0000] {logging_mixin.py:188} INFO - [2025-08-26T06:11:18.886+0000] {dagbag.py:545} INFO - Filling up the DagBag from /opt/airflow/dags/data_factory_pipeline.py
[2025-08-26T06:11:18.926+0000] {processor.py:840} INFO - DAG(s) 'silver_adf_trigger_gold' retrieved from /opt/airflow/dags/data_factory_pipeline.py
[2025-08-26T06:11:18.949+0000] {logging_mixin.py:188} INFO - [2025-08-26T06:11:18.948+0000] {dag.py:3089} INFO - Sync 1 DAGs
[2025-08-26T06:11:18.997+0000] {logging_mixin.py:188} INFO - [2025-08-26T06:11:18.997+0000] {dag.py:3947} INFO - Setting next_dagrun for silver_adf_trigger_gold to 2025-08-26 05:40:00+00:00, run_after=2025-08-27 05:40:00+00:00
[2025-08-26T06:11:19.041+0000] {processor.py:183} INFO - Processing /opt/airflow/dags/data_factory_pipeline.py took 0.175 seconds
[2025-08-26T06:11:49.207+0000] {processor.py:161} INFO - Started process (PID=1304) to work on /opt/airflow/dags/data_factory_pipeline.py
[2025-08-26T06:11:49.220+0000] {processor.py:830} INFO - Processing file /opt/airflow/dags/data_factory_pipeline.py for tasks to queue
[2025-08-26T06:11:49.221+0000] {logging_mixin.py:188} INFO - [2025-08-26T06:11:49.220+0000] {dagbag.py:545} INFO - Filling up the DagBag from /opt/airflow/dags/data_factory_pipeline.py
[2025-08-26T06:11:49.246+0000] {processor.py:840} INFO - DAG(s) 'silver_adf_trigger_gold' retrieved from /opt/airflow/dags/data_factory_pipeline.py
[2025-08-26T06:11:49.262+0000] {logging_mixin.py:188} INFO - [2025-08-26T06:11:49.262+0000] {dag.py:3089} INFO - Sync 1 DAGs
[2025-08-26T06:11:49.298+0000] {logging_mixin.py:188} INFO - [2025-08-26T06:11:49.298+0000] {dag.py:3947} INFO - Setting next_dagrun for silver_adf_trigger_gold to 2025-08-26 05:40:00+00:00, run_after=2025-08-27 05:40:00+00:00
[2025-08-26T06:11:49.340+0000] {processor.py:183} INFO - Processing /opt/airflow/dags/data_factory_pipeline.py took 0.139 seconds
[2025-08-26T06:12:19.655+0000] {processor.py:161} INFO - Started process (PID=1319) to work on /opt/airflow/dags/data_factory_pipeline.py
[2025-08-26T06:12:19.666+0000] {processor.py:830} INFO - Processing file /opt/airflow/dags/data_factory_pipeline.py for tasks to queue
[2025-08-26T06:12:19.667+0000] {logging_mixin.py:188} INFO - [2025-08-26T06:12:19.666+0000] {dagbag.py:545} INFO - Filling up the DagBag from /opt/airflow/dags/data_factory_pipeline.py
[2025-08-26T06:12:19.697+0000] {processor.py:840} INFO - DAG(s) 'silver_adf_trigger_gold' retrieved from /opt/airflow/dags/data_factory_pipeline.py
[2025-08-26T06:12:19.712+0000] {logging_mixin.py:188} INFO - [2025-08-26T06:12:19.711+0000] {dag.py:3089} INFO - Sync 1 DAGs
[2025-08-26T06:12:19.739+0000] {logging_mixin.py:188} INFO - [2025-08-26T06:12:19.738+0000] {dag.py:3947} INFO - Setting next_dagrun for silver_adf_trigger_gold to 2025-08-26 05:40:00+00:00, run_after=2025-08-27 05:40:00+00:00
[2025-08-26T06:12:19.767+0000] {processor.py:183} INFO - Processing /opt/airflow/dags/data_factory_pipeline.py took 0.119 seconds
[2025-08-26T06:12:50.115+0000] {processor.py:161} INFO - Started process (PID=1341) to work on /opt/airflow/dags/data_factory_pipeline.py
[2025-08-26T06:12:50.123+0000] {processor.py:830} INFO - Processing file /opt/airflow/dags/data_factory_pipeline.py for tasks to queue
[2025-08-26T06:12:50.124+0000] {logging_mixin.py:188} INFO - [2025-08-26T06:12:50.124+0000] {dagbag.py:545} INFO - Filling up the DagBag from /opt/airflow/dags/data_factory_pipeline.py
[2025-08-26T06:12:50.151+0000] {processor.py:840} INFO - DAG(s) 'silver_adf_trigger_gold' retrieved from /opt/airflow/dags/data_factory_pipeline.py
[2025-08-26T06:12:50.167+0000] {logging_mixin.py:188} INFO - [2025-08-26T06:12:50.167+0000] {dag.py:3089} INFO - Sync 1 DAGs
[2025-08-26T06:12:50.198+0000] {logging_mixin.py:188} INFO - [2025-08-26T06:12:50.197+0000] {dag.py:3947} INFO - Setting next_dagrun for silver_adf_trigger_gold to 2025-08-26 05:40:00+00:00, run_after=2025-08-27 05:40:00+00:00
[2025-08-26T06:12:50.223+0000] {processor.py:183} INFO - Processing /opt/airflow/dags/data_factory_pipeline.py took 0.121 seconds
[2025-08-26T06:13:20.574+0000] {processor.py:161} INFO - Started process (PID=1356) to work on /opt/airflow/dags/data_factory_pipeline.py
[2025-08-26T06:13:20.575+0000] {processor.py:830} INFO - Processing file /opt/airflow/dags/data_factory_pipeline.py for tasks to queue
[2025-08-26T06:13:20.576+0000] {logging_mixin.py:188} INFO - [2025-08-26T06:13:20.576+0000] {dagbag.py:545} INFO - Filling up the DagBag from /opt/airflow/dags/data_factory_pipeline.py
[2025-08-26T06:13:20.631+0000] {processor.py:840} INFO - DAG(s) 'silver_adf_trigger_gold' retrieved from /opt/airflow/dags/data_factory_pipeline.py
[2025-08-26T06:13:20.666+0000] {logging_mixin.py:188} INFO - [2025-08-26T06:13:20.666+0000] {dag.py:3089} INFO - Sync 1 DAGs
[2025-08-26T06:13:20.732+0000] {logging_mixin.py:188} INFO - [2025-08-26T06:13:20.731+0000] {dag.py:3947} INFO - Setting next_dagrun for silver_adf_trigger_gold to 2025-08-26 05:40:00+00:00, run_after=2025-08-27 05:40:00+00:00
[2025-08-26T06:13:20.767+0000] {processor.py:183} INFO - Processing /opt/airflow/dags/data_factory_pipeline.py took 0.209 seconds
[2025-08-26T06:13:51.022+0000] {processor.py:161} INFO - Started process (PID=1371) to work on /opt/airflow/dags/data_factory_pipeline.py
[2025-08-26T06:13:51.029+0000] {processor.py:830} INFO - Processing file /opt/airflow/dags/data_factory_pipeline.py for tasks to queue
[2025-08-26T06:13:51.030+0000] {logging_mixin.py:188} INFO - [2025-08-26T06:13:51.030+0000] {dagbag.py:545} INFO - Filling up the DagBag from /opt/airflow/dags/data_factory_pipeline.py
[2025-08-26T06:13:51.064+0000] {processor.py:840} INFO - DAG(s) 'silver_adf_trigger_gold' retrieved from /opt/airflow/dags/data_factory_pipeline.py
[2025-08-26T06:13:51.088+0000] {logging_mixin.py:188} INFO - [2025-08-26T06:13:51.088+0000] {dag.py:3089} INFO - Sync 1 DAGs
[2025-08-26T06:13:51.118+0000] {logging_mixin.py:188} INFO - [2025-08-26T06:13:51.117+0000] {dag.py:3947} INFO - Setting next_dagrun for silver_adf_trigger_gold to 2025-08-26 05:40:00+00:00, run_after=2025-08-27 05:40:00+00:00
[2025-08-26T06:13:51.150+0000] {processor.py:183} INFO - Processing /opt/airflow/dags/data_factory_pipeline.py took 0.138 seconds
[2025-08-26T06:14:21.413+0000] {processor.py:161} INFO - Started process (PID=1386) to work on /opt/airflow/dags/data_factory_pipeline.py
[2025-08-26T06:14:21.419+0000] {processor.py:830} INFO - Processing file /opt/airflow/dags/data_factory_pipeline.py for tasks to queue
[2025-08-26T06:14:21.421+0000] {logging_mixin.py:188} INFO - [2025-08-26T06:14:21.420+0000] {dagbag.py:545} INFO - Filling up the DagBag from /opt/airflow/dags/data_factory_pipeline.py
[2025-08-26T06:14:21.462+0000] {processor.py:840} INFO - DAG(s) 'silver_adf_trigger_gold' retrieved from /opt/airflow/dags/data_factory_pipeline.py
[2025-08-26T06:14:21.491+0000] {logging_mixin.py:188} INFO - [2025-08-26T06:14:21.490+0000] {dag.py:3089} INFO - Sync 1 DAGs
[2025-08-26T06:14:21.542+0000] {logging_mixin.py:188} INFO - [2025-08-26T06:14:21.541+0000] {dag.py:3947} INFO - Setting next_dagrun for silver_adf_trigger_gold to 2025-08-26 05:40:00+00:00, run_after=2025-08-27 05:40:00+00:00
[2025-08-26T06:14:21.579+0000] {processor.py:183} INFO - Processing /opt/airflow/dags/data_factory_pipeline.py took 0.173 seconds
