[2025-08-25T05:49:12.760+0000] {local_task_job_runner.py:120} INFO - ::group::Pre task execution logs
[2025-08-25T05:49:12.821+0000] {taskinstance.py:2076} INFO - Dependencies all met for dep_context=non-requeueable deps ti=<TaskInstance: silver_adf_trigger_gold.trigger_gold_pipeline scheduled__2025-08-24T05:40:00+00:00 [queued]>
[2025-08-25T05:49:12.843+0000] {taskinstance.py:2076} INFO - Dependencies all met for dep_context=requeueable deps ti=<TaskInstance: silver_adf_trigger_gold.trigger_gold_pipeline scheduled__2025-08-24T05:40:00+00:00 [queued]>
[2025-08-25T05:49:12.843+0000] {taskinstance.py:2306} INFO - Starting attempt 1 of 1
[2025-08-25T05:49:12.873+0000] {taskinstance.py:2330} INFO - Executing <Task(AzureDataFactoryRunPipelineOperator): trigger_gold_pipeline> on 2025-08-24 05:40:00+00:00
[2025-08-25T05:49:12.893+0000] {logging_mixin.py:188} WARNING - /home/***/.local/lib/python3.12/site-packages/***/task/task_runner/standard_task_runner.py:62 DeprecationWarning: This process (pid=779) is multi-threaded, use of fork() may lead to deadlocks in the child.
[2025-08-25T05:49:12.893+0000] {standard_task_runner.py:64} INFO - Started process 781 to run task
[2025-08-25T05:49:12.891+0000] {standard_task_runner.py:90} INFO - Running: ['***', 'tasks', 'run', 'silver_adf_trigger_gold', 'trigger_gold_pipeline', 'scheduled__2025-08-24T05:40:00+00:00', '--job-id', '142', '--raw', '--subdir', 'DAGS_FOLDER/data_factory_pipeline.py', '--cfg-path', '/tmp/tmpeebyb7fg']
[2025-08-25T05:49:12.895+0000] {standard_task_runner.py:91} INFO - Job 142: Subtask trigger_gold_pipeline
[2025-08-25T05:49:12.987+0000] {task_command.py:426} INFO - Running <TaskInstance: silver_adf_trigger_gold.trigger_gold_pipeline scheduled__2025-08-24T05:40:00+00:00 [running]> on host 407e5fd95af2
[2025-08-25T05:49:13.213+0000] {taskinstance.py:2648} INFO - Exporting env vars: AIRFLOW_CTX_DAG_OWNER='***' AIRFLOW_CTX_DAG_ID='silver_adf_trigger_gold' AIRFLOW_CTX_TASK_ID='trigger_gold_pipeline' AIRFLOW_CTX_EXECUTION_DATE='2025-08-24T05:40:00+00:00' AIRFLOW_CTX_TRY_NUMBER='1' AIRFLOW_CTX_DAG_RUN_ID='scheduled__2025-08-24T05:40:00+00:00'
[2025-08-25T05:49:13.215+0000] {taskinstance.py:430} INFO - ::endgroup::
[2025-08-25T05:49:13.250+0000] {data_factory.py:168} INFO - Executing the gold_store_procedures_pipeline pipeline.
[2025-08-25T05:49:13.280+0000] {connection.py:274} WARNING - Connection schemes (type: azure_data_factory) shall not contain '_' according to RFC3986.
[2025-08-25T05:49:13.290+0000] {base.py:84} INFO - Using connection ID 'azure_data_factory_default' for task execution.
[2025-08-25T05:49:13.302+0000] {authority.py:75} INFO - Initializing with Entra authority: https://login.microsoftonline.com/9b617bf3-2377-4477-b5c4-396bb56461d6
[2025-08-25T05:49:13.303+0000] {_universal.py:513} INFO - Request URL: 'https://login.microsoftonline.com/9b617bf3-2377-4477-b5c4-396bb56461d6/v2.0/.well-known/openid-configuration'
Request method: 'GET'
Request headers:
    'User-Agent': 'azsdk-python-identity/1.17.1 Python/3.12.4 (Linux-5.15.0-139-generic-x86_64-with-glibc2.36)'
No body was attached to the request
[2025-08-25T05:49:13.657+0000] {_universal.py:549} INFO - Response status: 200
Response headers:
    'Cache-Control': 'max-age=86400, private'
    'Content-Type': 'application/json; charset=utf-8'
    'Strict-Transport-Security': 'REDACTED'
    'X-Content-Type-Options': 'REDACTED'
    'Access-Control-Allow-Origin': 'REDACTED'
    'Access-Control-Allow-Methods': 'REDACTED'
    'P3P': 'REDACTED'
    'x-ms-request-id': '09c1c075-b6e9-49d9-bf60-0c7b9d5b3b01'
    'x-ms-ests-server': 'REDACTED'
    'x-ms-srs': 'REDACTED'
    'Content-Security-Policy-Report-Only': 'REDACTED'
    'X-XSS-Protection': 'REDACTED'
    'Set-Cookie': 'REDACTED'
    'Date': 'Mon, 25 Aug 2025 05:49:12 GMT'
    'Content-Length': '1753'
[2025-08-25T05:49:13.659+0000] {_universal.py:510} INFO - Request URL: 'https://login.microsoftonline.com/9b617bf3-2377-4477-b5c4-396bb56461d6/oauth2/v2.0/token'
Request method: 'POST'
Request headers:
    'Accept': 'application/json'
    'x-client-sku': 'REDACTED'
    'x-client-ver': 'REDACTED'
    'x-client-os': 'REDACTED'
    'x-ms-lib-capability': 'REDACTED'
    'client-request-id': 'REDACTED'
    'x-client-current-telemetry': 'REDACTED'
    'x-client-last-telemetry': 'REDACTED'
    'User-Agent': 'azsdk-python-identity/1.17.1 Python/3.12.4 (Linux-5.15.0-139-generic-x86_64-with-glibc2.36)'
A body is sent with the request
[2025-08-25T05:49:13.802+0000] {_universal.py:549} INFO - Response status: 200
Response headers:
    'Cache-Control': 'no-store, no-cache'
    'Pragma': 'no-cache'
    'Content-Type': 'application/json; charset=utf-8'
    'Expires': '-1'
    'Strict-Transport-Security': 'REDACTED'
    'X-Content-Type-Options': 'REDACTED'
    'P3P': 'REDACTED'
    'client-request-id': 'REDACTED'
    'x-ms-request-id': '09c1c075-b6e9-49d9-bf60-0c7ba85b3b01'
    'x-ms-ests-server': 'REDACTED'
    'x-ms-clitelem': 'REDACTED'
    'x-ms-srs': 'REDACTED'
    'Content-Security-Policy-Report-Only': 'REDACTED'
    'X-XSS-Protection': 'REDACTED'
    'Set-Cookie': 'REDACTED'
    'Date': 'Mon, 25 Aug 2025 05:49:12 GMT'
    'Content-Length': '1792'
[2025-08-25T05:49:13.802+0000] {get_token_mixin.py:104} INFO - ClientSecretCredential.get_token succeeded
[2025-08-25T05:49:13.803+0000] {_universal.py:510} INFO - Request URL: 'https://management.azure.com/subscriptions/1c39c210-e3f2-4150-9318-db149d7bfec2/resourceGroups/data_platform/providers/Microsoft.DataFactory/factories/adf-data-platform/pipelines/gold_store_procedures_pipeline/createRun?api-version=REDACTED'
Request method: 'POST'
Request headers:
    'Content-Type': 'application/json'
    'Content-Length': '44'
    'Accept': 'application/json'
    'x-ms-client-request-id': '3a9dee8a-8177-11f0-a6fa-825faeda3d25'
    'User-Agent': 'azsdk-python-mgmt-datafactory/8.0.0 Python/3.12.4 (Linux-5.15.0-139-generic-x86_64-with-glibc2.36)'
    'Authorization': 'REDACTED'
A body is sent with the request
[2025-08-25T05:49:16.599+0000] {_universal.py:549} INFO - Response status: 200
Response headers:
    'Cache-Control': 'no-cache'
    'Pragma': 'no-cache'
    'Content-Length': '53'
    'Content-Type': 'application/json; charset=utf-8'
    'Expires': '-1'
    'x-ms-correlation-request-id': 'REDACTED'
    'x-ms-operation-identifier': 'REDACTED'
    'x-ms-ratelimit-remaining-subscription-writes': '199'
    'x-ms-ratelimit-remaining-subscription-global-writes': 'REDACTED'
    'x-ms-request-id': 'f515115c-e8d3-4105-a6e1-55ce4f3deebc'
    'x-ms-routing-request-id': 'REDACTED'
    'Strict-Transport-Security': 'REDACTED'
    'X-Content-Type-Options': 'REDACTED'
    'X-Cache': 'REDACTED'
    'X-MSEdge-Ref': 'REDACTED'
    'Date': 'Mon, 25 Aug 2025 05:49:16 GMT'
[2025-08-25T05:49:16.627+0000] {data_factory.py:187} INFO - Waiting for pipeline run 3a9dee8a-8177-11f0-a6fa-825faeda3d25 to terminate.
[2025-08-25T05:49:16.627+0000] {data_factory.py:806} INFO - Getting the status of run ID 3a9dee8a-8177-11f0-a6fa-825faeda3d25.
[2025-08-25T05:49:16.629+0000] {_universal.py:513} INFO - Request URL: 'https://management.azure.com/subscriptions/1c39c210-e3f2-4150-9318-db149d7bfec2/resourceGroups/data_platform/providers/Microsoft.DataFactory/factories/adf-data-platform/pipelineruns/3a9dee8a-8177-11f0-a6fa-825faeda3d25?api-version=REDACTED'
Request method: 'GET'
Request headers:
    'Accept': 'application/json'
    'x-ms-client-request-id': '3c99c89e-8177-11f0-a6fa-825faeda3d25'
    'User-Agent': 'azsdk-python-mgmt-datafactory/8.0.0 Python/3.12.4 (Linux-5.15.0-139-generic-x86_64-with-glibc2.36)'
    'Authorization': 'REDACTED'
No body was attached to the request
[2025-08-25T05:49:16.869+0000] {_universal.py:549} INFO - Response status: 200
Response headers:
    'Cache-Control': 'no-cache'
    'Pragma': 'no-cache'
    'Content-Length': '855'
    'Content-Type': 'application/json; charset=utf-8'
    'Expires': '-1'
    'x-ms-correlation-request-id': 'REDACTED'
    'x-ms-operation-identifier': 'REDACTED'
    'x-ms-ratelimit-remaining-subscription-reads': '249'
    'x-ms-ratelimit-remaining-subscription-global-reads': 'REDACTED'
    'x-ms-request-id': '02da5f03-33dc-4e6a-a3fe-c912ad64e1e3'
    'x-ms-routing-request-id': 'REDACTED'
    'Strict-Transport-Security': 'REDACTED'
    'X-Content-Type-Options': 'REDACTED'
    'X-Cache': 'REDACTED'
    'X-MSEdge-Ref': 'REDACTED'
    'Date': 'Mon, 25 Aug 2025 05:49:16 GMT'
[2025-08-25T05:49:16.873+0000] {data_factory.py:808} INFO - Current status of pipeline run 3a9dee8a-8177-11f0-a6fa-825faeda3d25: Queued
[2025-08-25T05:50:16.874+0000] {data_factory.py:806} INFO - Getting the status of run ID 3a9dee8a-8177-11f0-a6fa-825faeda3d25.
[2025-08-25T05:50:16.876+0000] {_universal.py:513} INFO - Request URL: 'https://management.azure.com/subscriptions/1c39c210-e3f2-4150-9318-db149d7bfec2/resourceGroups/data_platform/providers/Microsoft.DataFactory/factories/adf-data-platform/pipelineruns/3a9dee8a-8177-11f0-a6fa-825faeda3d25?api-version=REDACTED'
Request method: 'GET'
Request headers:
    'Accept': 'application/json'
    'x-ms-client-request-id': '6082c0b2-8177-11f0-a6fa-825faeda3d25'
    'User-Agent': 'azsdk-python-mgmt-datafactory/8.0.0 Python/3.12.4 (Linux-5.15.0-139-generic-x86_64-with-glibc2.36)'
    'Authorization': 'REDACTED'
No body was attached to the request
[2025-08-25T05:50:17.173+0000] {_universal.py:549} INFO - Response status: 200
Response headers:
    'Cache-Control': 'no-cache'
    'Pragma': 'no-cache'
    'Content-Length': '881'
    'Content-Type': 'application/json; charset=utf-8'
    'Expires': '-1'
    'x-ms-correlation-request-id': 'REDACTED'
    'x-ms-operation-identifier': 'REDACTED'
    'x-ms-ratelimit-remaining-subscription-reads': '249'
    'x-ms-ratelimit-remaining-subscription-global-reads': 'REDACTED'
    'x-ms-request-id': 'cc78f559-aa94-4400-b950-2e6dd79216f1'
    'x-ms-routing-request-id': 'REDACTED'
    'Strict-Transport-Security': 'REDACTED'
    'X-Content-Type-Options': 'REDACTED'
    'X-Cache': 'REDACTED'
    'X-MSEdge-Ref': 'REDACTED'
    'Date': 'Mon, 25 Aug 2025 05:50:16 GMT'
[2025-08-25T05:50:17.174+0000] {data_factory.py:808} INFO - Current status of pipeline run 3a9dee8a-8177-11f0-a6fa-825faeda3d25: Succeeded
[2025-08-25T05:50:17.175+0000] {data_factory.py:197} INFO - Pipeline run 3a9dee8a-8177-11f0-a6fa-825faeda3d25 has completed successfully.
[2025-08-25T05:50:17.176+0000] {taskinstance.py:441} INFO - ::group::Post task execution logs
[2025-08-25T05:50:17.188+0000] {taskinstance.py:1206} INFO - Marking task as SUCCESS. dag_id=silver_adf_trigger_gold, task_id=trigger_gold_pipeline, run_id=scheduled__2025-08-24T05:40:00+00:00, execution_date=20250824T054000, start_date=20250825T054912, end_date=20250825T055017
[2025-08-25T05:50:17.258+0000] {local_task_job_runner.py:243} INFO - Task exited with return code 0
[2025-08-25T05:50:17.282+0000] {taskinstance.py:3503} INFO - 0 downstream tasks scheduled from follow-on schedule check
[2025-08-25T05:50:17.287+0000] {local_task_job_runner.py:222} INFO - ::endgroup::
