[2025-08-16T21:24:14.330+0000] {local_task_job_runner.py:120} INFO - ::group::Pre task execution logs
[2025-08-16T21:24:14.396+0000] {taskinstance.py:2076} INFO - Dependencies all met for dep_context=non-requeueable deps ti=<TaskInstance: silver_adf_trigger_gold.trigger_gold_pipeline scheduled__2025-08-14T21:00:00+00:00 [queued]>
[2025-08-16T21:24:14.409+0000] {taskinstance.py:2076} INFO - Dependencies all met for dep_context=requeueable deps ti=<TaskInstance: silver_adf_trigger_gold.trigger_gold_pipeline scheduled__2025-08-14T21:00:00+00:00 [queued]>
[2025-08-16T21:24:14.409+0000] {taskinstance.py:2306} INFO - Starting attempt 1 of 1
[2025-08-16T21:24:14.437+0000] {taskinstance.py:2330} INFO - Executing <Task(AzureDataFactoryRunPipelineOperator): trigger_gold_pipeline> on 2025-08-14 21:00:00+00:00
[2025-08-16T21:24:14.445+0000] {standard_task_runner.py:90} INFO - Running: ['***', 'tasks', 'run', 'silver_adf_trigger_gold', 'trigger_gold_pipeline', 'scheduled__2025-08-14T21:00:00+00:00', '--job-id', '87', '--raw', '--subdir', 'DAGS_FOLDER/data_factory_pipeline.py', '--cfg-path', '/tmp/tmpej8gxcaa']
[2025-08-16T21:24:14.448+0000] {standard_task_runner.py:91} INFO - Job 87: Subtask trigger_gold_pipeline
[2025-08-16T21:24:14.451+0000] {logging_mixin.py:188} WARNING - /home/***/.local/lib/python3.12/site-packages/***/task/task_runner/standard_task_runner.py:62 DeprecationWarning: This process (pid=1266) is multi-threaded, use of fork() may lead to deadlocks in the child.
[2025-08-16T21:24:14.452+0000] {standard_task_runner.py:64} INFO - Started process 1268 to run task
[2025-08-16T21:24:14.521+0000] {task_command.py:426} INFO - Running <TaskInstance: silver_adf_trigger_gold.trigger_gold_pipeline scheduled__2025-08-14T21:00:00+00:00 [running]> on host 29f6123ea3de
[2025-08-16T21:24:14.657+0000] {taskinstance.py:2648} INFO - Exporting env vars: AIRFLOW_CTX_DAG_OWNER='***' AIRFLOW_CTX_DAG_ID='silver_adf_trigger_gold' AIRFLOW_CTX_TASK_ID='trigger_gold_pipeline' AIRFLOW_CTX_EXECUTION_DATE='2025-08-14T21:00:00+00:00' AIRFLOW_CTX_TRY_NUMBER='1' AIRFLOW_CTX_DAG_RUN_ID='scheduled__2025-08-14T21:00:00+00:00'
[2025-08-16T21:24:14.658+0000] {taskinstance.py:430} INFO - ::endgroup::
[2025-08-16T21:24:14.672+0000] {data_factory.py:168} INFO - Executing the gold_store_procedures_pipeline pipeline.
[2025-08-16T21:24:14.687+0000] {connection.py:274} WARNING - Connection schemes (type: azure_data_factory) shall not contain '_' according to RFC3986.
[2025-08-16T21:24:14.689+0000] {base.py:84} INFO - Using connection ID 'azure_data_factory_default' for task execution.
[2025-08-16T21:24:14.697+0000] {authority.py:75} INFO - Initializing with Entra authority: https://login.microsoftonline.com/9b617bf3-2377-4477-b5c4-396bb56461d6
[2025-08-16T21:24:14.698+0000] {_universal.py:513} INFO - Request URL: 'https://login.microsoftonline.com/9b617bf3-2377-4477-b5c4-396bb56461d6/v2.0/.well-known/openid-configuration'
Request method: 'GET'
Request headers:
    'User-Agent': 'azsdk-python-identity/1.17.1 Python/3.12.4 (Linux-5.15.0-139-generic-x86_64-with-glibc2.36)'
No body was attached to the request
[2025-08-16T21:24:14.942+0000] {_universal.py:549} INFO - Response status: 200
Response headers:
    'Cache-Control': 'max-age=86400, private'
    'Content-Type': 'application/json; charset=utf-8'
    'Strict-Transport-Security': 'REDACTED'
    'X-Content-Type-Options': 'REDACTED'
    'Access-Control-Allow-Origin': 'REDACTED'
    'Access-Control-Allow-Methods': 'REDACTED'
    'P3P': 'REDACTED'
    'x-ms-request-id': 'e54e26a8-0cea-436c-978a-17ced147a400'
    'x-ms-ests-server': 'REDACTED'
    'x-ms-srs': 'REDACTED'
    'Content-Security-Policy-Report-Only': 'REDACTED'
    'X-XSS-Protection': 'REDACTED'
    'Set-Cookie': 'REDACTED'
    'Date': 'Sat, 16 Aug 2025 21:24:14 GMT'
    'Content-Length': '1753'
[2025-08-16T21:24:14.943+0000] {_universal.py:510} INFO - Request URL: 'https://login.microsoftonline.com/9b617bf3-2377-4477-b5c4-396bb56461d6/oauth2/v2.0/token'
Request method: 'POST'
Request headers:
    'Accept': 'application/json'
    'x-client-sku': 'REDACTED'
    'x-client-ver': 'REDACTED'
    'x-client-os': 'REDACTED'
    'x-ms-lib-capability': 'REDACTED'
    'client-request-id': 'REDACTED'
    'x-client-current-telemetry': 'REDACTED'
    'x-client-last-telemetry': 'REDACTED'
    'User-Agent': 'azsdk-python-identity/1.17.1 Python/3.12.4 (Linux-5.15.0-139-generic-x86_64-with-glibc2.36)'
A body is sent with the request
[2025-08-16T21:24:15.097+0000] {_universal.py:549} INFO - Response status: 200
Response headers:
    'Cache-Control': 'no-store, no-cache'
    'Pragma': 'no-cache'
    'Content-Type': 'application/json; charset=utf-8'
    'Expires': '-1'
    'Strict-Transport-Security': 'REDACTED'
    'X-Content-Type-Options': 'REDACTED'
    'P3P': 'REDACTED'
    'client-request-id': 'REDACTED'
    'x-ms-request-id': '45c6e435-a022-41b7-b880-4b3a0debe200'
    'x-ms-ests-server': 'REDACTED'
    'x-ms-clitelem': 'REDACTED'
    'x-ms-srs': 'REDACTED'
    'Content-Security-Policy-Report-Only': 'REDACTED'
    'X-XSS-Protection': 'REDACTED'
    'Set-Cookie': 'REDACTED'
    'Date': 'Sat, 16 Aug 2025 21:24:14 GMT'
    'Content-Length': '1797'
[2025-08-16T21:24:15.097+0000] {get_token_mixin.py:104} INFO - ClientSecretCredential.get_token succeeded
[2025-08-16T21:24:15.098+0000] {_universal.py:510} INFO - Request URL: 'https://management.azure.com/subscriptions/1c39c210-e3f2-4150-9318-db149d7bfec2/resourceGroups/data_platform/providers/Microsoft.DataFactory/factories/adf-data-platform/pipelines/gold_store_procedures_pipeline/createRun?api-version=REDACTED'
Request method: 'POST'
Request headers:
    'Content-Type': 'application/json'
    'Content-Length': '22'
    'Accept': 'application/json'
    'x-ms-client-request-id': '5befeea8-7ae7-11f0-92df-36935347d445'
    'User-Agent': 'azsdk-python-mgmt-datafactory/8.0.0 Python/3.12.4 (Linux-5.15.0-139-generic-x86_64-with-glibc2.36)'
    'Authorization': 'REDACTED'
A body is sent with the request
[2025-08-16T21:24:16.179+0000] {_universal.py:549} INFO - Response status: 200
Response headers:
    'Cache-Control': 'no-cache'
    'Pragma': 'no-cache'
    'Content-Length': '53'
    'Content-Type': 'application/json; charset=utf-8'
    'Expires': '-1'
    'x-ms-correlation-request-id': 'REDACTED'
    'x-ms-operation-identifier': 'REDACTED'
    'x-ms-ratelimit-remaining-subscription-writes': '199'
    'x-ms-ratelimit-remaining-subscription-global-writes': 'REDACTED'
    'x-ms-request-id': 'bea0e4f2-a748-4eab-9fd8-e78ecf428fdd'
    'x-ms-routing-request-id': 'REDACTED'
    'Strict-Transport-Security': 'REDACTED'
    'X-Content-Type-Options': 'REDACTED'
    'X-Cache': 'REDACTED'
    'X-MSEdge-Ref': 'REDACTED'
    'Date': 'Sat, 16 Aug 2025 21:24:16 GMT'
[2025-08-16T21:24:16.203+0000] {data_factory.py:187} INFO - Waiting for pipeline run 5befeea8-7ae7-11f0-92df-36935347d445 to terminate.
[2025-08-16T21:24:16.204+0000] {data_factory.py:806} INFO - Getting the status of run ID 5befeea8-7ae7-11f0-92df-36935347d445.
[2025-08-16T21:24:16.205+0000] {_universal.py:513} INFO - Request URL: 'https://management.azure.com/subscriptions/1c39c210-e3f2-4150-9318-db149d7bfec2/resourceGroups/data_platform/providers/Microsoft.DataFactory/factories/adf-data-platform/pipelineruns/5befeea8-7ae7-11f0-92df-36935347d445?api-version=REDACTED'
Request method: 'GET'
Request headers:
    'Accept': 'application/json'
    'x-ms-client-request-id': '5cd61c34-7ae7-11f0-92df-36935347d445'
    'User-Agent': 'azsdk-python-mgmt-datafactory/8.0.0 Python/3.12.4 (Linux-5.15.0-139-generic-x86_64-with-glibc2.36)'
    'Authorization': 'REDACTED'
No body was attached to the request
[2025-08-16T21:24:16.504+0000] {_universal.py:549} INFO - Response status: 200
Response headers:
    'Cache-Control': 'no-cache'
    'Pragma': 'no-cache'
    'Content-Length': '825'
    'Content-Type': 'application/json; charset=utf-8'
    'Expires': '-1'
    'x-ms-correlation-request-id': 'REDACTED'
    'x-ms-operation-identifier': 'REDACTED'
    'x-ms-ratelimit-remaining-subscription-reads': '249'
    'x-ms-ratelimit-remaining-subscription-global-reads': 'REDACTED'
    'x-ms-request-id': '76cec132-fac5-44f8-8bdd-299b487b8b0e'
    'x-ms-routing-request-id': 'REDACTED'
    'Strict-Transport-Security': 'REDACTED'
    'X-Content-Type-Options': 'REDACTED'
    'X-Cache': 'REDACTED'
    'X-MSEdge-Ref': 'REDACTED'
    'Date': 'Sat, 16 Aug 2025 21:24:16 GMT'
[2025-08-16T21:24:16.515+0000] {data_factory.py:808} INFO - Current status of pipeline run 5befeea8-7ae7-11f0-92df-36935347d445: Queued
[2025-08-16T21:25:16.515+0000] {data_factory.py:806} INFO - Getting the status of run ID 5befeea8-7ae7-11f0-92df-36935347d445.
[2025-08-16T21:25:16.516+0000] {_universal.py:513} INFO - Request URL: 'https://management.azure.com/subscriptions/1c39c210-e3f2-4150-9318-db149d7bfec2/resourceGroups/data_platform/providers/Microsoft.DataFactory/factories/adf-data-platform/pipelineruns/5befeea8-7ae7-11f0-92df-36935347d445?api-version=REDACTED'
Request method: 'GET'
Request headers:
    'Accept': 'application/json'
    'x-ms-client-request-id': '80c8d7da-7ae7-11f0-92df-36935347d445'
    'User-Agent': 'azsdk-python-mgmt-datafactory/8.0.0 Python/3.12.4 (Linux-5.15.0-139-generic-x86_64-with-glibc2.36)'
    'Authorization': 'REDACTED'
No body was attached to the request
[2025-08-16T21:25:16.715+0000] {_universal.py:549} INFO - Response status: 200
Response headers:
    'Cache-Control': 'no-cache'
    'Pragma': 'no-cache'
    'Content-Length': '1333'
    'Content-Type': 'application/json; charset=utf-8'
    'Expires': '-1'
    'x-ms-correlation-request-id': 'REDACTED'
    'x-ms-operation-identifier': 'REDACTED'
    'x-ms-ratelimit-remaining-subscription-reads': '249'
    'x-ms-ratelimit-remaining-subscription-global-reads': 'REDACTED'
    'x-ms-request-id': '11041765-d284-4b1f-9393-d67f6863c9c4'
    'x-ms-routing-request-id': 'REDACTED'
    'Strict-Transport-Security': 'REDACTED'
    'X-Content-Type-Options': 'REDACTED'
    'X-Cache': 'REDACTED'
    'X-MSEdge-Ref': 'REDACTED'
    'Date': 'Sat, 16 Aug 2025 21:25:16 GMT'
[2025-08-16T21:25:16.716+0000] {data_factory.py:808} INFO - Current status of pipeline run 5befeea8-7ae7-11f0-92df-36935347d445: Failed
[2025-08-16T21:25:16.716+0000] {taskinstance.py:441} INFO - ::group::Post task execution logs
[2025-08-16T21:25:16.730+0000] {taskinstance.py:2905} ERROR - Task failed with exception
Traceback (most recent call last):
  File "/home/airflow/.local/lib/python3.12/site-packages/airflow/models/taskinstance.py", line 465, in _execute_task
    result = _execute_callable(context=context, **execute_callable_kwargs)
             ^^^^^^^^^^^^^^^^^^^^^^^^^^^^^^^^^^^^^^^^^^^^^^^^^^^^^^^^^^^^^
  File "/home/airflow/.local/lib/python3.12/site-packages/airflow/models/taskinstance.py", line 432, in _execute_callable
    return execute_callable(context=context, **execute_callable_kwargs)
           ^^^^^^^^^^^^^^^^^^^^^^^^^^^^^^^^^^^^^^^^^^^^^^^^^^^^^^^^^^^^
  File "/home/airflow/.local/lib/python3.12/site-packages/airflow/models/baseoperator.py", line 401, in wrapper
    return func(self, *args, **kwargs)
           ^^^^^^^^^^^^^^^^^^^^^^^^^^^
  File "/home/airflow/.local/lib/python3.12/site-packages/airflow/providers/microsoft/azure/operators/data_factory.py", line 199, in execute
    raise AzureDataFactoryPipelineRunException(
airflow.providers.microsoft.azure.hooks.data_factory.AzureDataFactoryPipelineRunException: Pipeline run 5befeea8-7ae7-11f0-92df-36935347d445 has failed or has been cancelled.
[2025-08-16T21:25:16.746+0000] {taskinstance.py:1206} INFO - Marking task as FAILED. dag_id=silver_adf_trigger_gold, task_id=trigger_gold_pipeline, run_id=scheduled__2025-08-14T21:00:00+00:00, execution_date=20250814T210000, start_date=20250816T212414, end_date=20250816T212516
[2025-08-16T21:25:16.818+0000] {standard_task_runner.py:110} ERROR - Failed to execute job 87 for task trigger_gold_pipeline (Pipeline run 5befeea8-7ae7-11f0-92df-36935347d445 has failed or has been cancelled.; 1268)
[2025-08-16T21:25:16.853+0000] {local_task_job_runner.py:243} INFO - Task exited with return code 1
[2025-08-16T21:25:16.867+0000] {taskinstance.py:3503} INFO - 0 downstream tasks scheduled from follow-on schedule check
[2025-08-16T21:25:16.874+0000] {local_task_job_runner.py:222} INFO - ::endgroup::
