[2025-08-08T18:50:03.014+0000] {local_task_job_runner.py:120} INFO - ::group::Pre task execution logs
[2025-08-08T18:50:03.061+0000] {taskinstance.py:2076} INFO - Dependencies all met for dep_context=non-requeueable deps ti=<TaskInstance: simple_adf_silver_trigger.trigger_silver_pipeline manual__2025-08-08T18:36:22.955440+00:00 [queued]>
[2025-08-08T18:50:03.073+0000] {taskinstance.py:2076} INFO - Dependencies all met for dep_context=requeueable deps ti=<TaskInstance: simple_adf_silver_trigger.trigger_silver_pipeline manual__2025-08-08T18:36:22.955440+00:00 [queued]>
[2025-08-08T18:50:03.073+0000] {taskinstance.py:2306} INFO - Starting attempt 2 of 2
[2025-08-08T18:50:03.103+0000] {taskinstance.py:2330} INFO - Executing <Task(AzureDataFactoryRunPipelineOperator): trigger_silver_pipeline> on 2025-08-08 18:36:22.955440+00:00
[2025-08-08T18:50:03.110+0000] {standard_task_runner.py:90} INFO - Running: ['***', 'tasks', 'run', 'simple_adf_silver_trigger', 'trigger_silver_pipeline', 'manual__2025-08-08T18:36:22.955440+00:00', '--job-id', '32', '--raw', '--subdir', 'DAGS_FOLDER/data_factory_pipeline.py', '--cfg-path', '/tmp/tmpr15wpk0w']
[2025-08-08T18:50:03.112+0000] {standard_task_runner.py:91} INFO - Job 32: Subtask trigger_silver_pipeline
[2025-08-08T18:50:03.114+0000] {logging_mixin.py:188} WARNING - /home/***/.local/lib/python3.12/site-packages/***/task/task_runner/standard_task_runner.py:62 DeprecationWarning: This process (pid=7304) is multi-threaded, use of fork() may lead to deadlocks in the child.
[2025-08-08T18:50:03.115+0000] {standard_task_runner.py:64} INFO - Started process 7306 to run task
[2025-08-08T18:50:03.190+0000] {task_command.py:426} INFO - Running <TaskInstance: simple_adf_silver_trigger.trigger_silver_pipeline manual__2025-08-08T18:36:22.955440+00:00 [running]> on host ffd22e086310
[2025-08-08T18:50:03.349+0000] {taskinstance.py:2648} INFO - Exporting env vars: AIRFLOW_CTX_DAG_OWNER='***' AIRFLOW_CTX_DAG_ID='simple_adf_silver_trigger' AIRFLOW_CTX_TASK_ID='trigger_silver_pipeline' AIRFLOW_CTX_EXECUTION_DATE='2025-08-08T18:36:22.955440+00:00' AIRFLOW_CTX_TRY_NUMBER='2' AIRFLOW_CTX_DAG_RUN_ID='manual__2025-08-08T18:36:22.955440+00:00'
[2025-08-08T18:50:03.351+0000] {taskinstance.py:430} INFO - ::endgroup::
[2025-08-08T18:50:03.370+0000] {data_factory.py:168} INFO - Executing the silver_pipeline pipeline.
[2025-08-08T18:50:03.389+0000] {connection.py:274} WARNING - Connection schemes (type: azure_data_factory) shall not contain '_' according to RFC3986.
[2025-08-08T18:50:03.390+0000] {base.py:84} INFO - Using connection ID 'azure_data_factory_default' for task execution.
[2025-08-08T18:50:03.400+0000] {authority.py:75} INFO - Initializing with Entra authority: https://login.microsoftonline.com/9b617bf3-2377-4477-b5c4-396bb56461d6
[2025-08-08T18:50:03.401+0000] {_universal.py:513} INFO - Request URL: 'https://login.microsoftonline.com/9b617bf3-2377-4477-b5c4-396bb56461d6/v2.0/.well-known/openid-configuration'
Request method: 'GET'
Request headers:
    'User-Agent': 'azsdk-python-identity/1.17.1 Python/3.12.4 (Linux-5.15.0-139-generic-x86_64-with-glibc2.36)'
No body was attached to the request
[2025-08-08T18:50:03.669+0000] {_universal.py:549} INFO - Response status: 200
Response headers:
    'Cache-Control': 'max-age=86400, private'
    'Content-Type': 'application/json; charset=utf-8'
    'Strict-Transport-Security': 'REDACTED'
    'X-Content-Type-Options': 'REDACTED'
    'Access-Control-Allow-Origin': 'REDACTED'
    'Access-Control-Allow-Methods': 'REDACTED'
    'P3P': 'REDACTED'
    'x-ms-request-id': '87ef90e8-76a2-4371-938c-87d56c9c2d00'
    'x-ms-ests-server': 'REDACTED'
    'x-ms-srs': 'REDACTED'
    'Content-Security-Policy-Report-Only': 'REDACTED'
    'X-XSS-Protection': 'REDACTED'
    'Set-Cookie': 'REDACTED'
    'Date': 'Fri, 08 Aug 2025 18:50:03 GMT'
    'Content-Length': '1753'
[2025-08-08T18:50:03.671+0000] {_universal.py:510} INFO - Request URL: 'https://login.microsoftonline.com/9b617bf3-2377-4477-b5c4-396bb56461d6/oauth2/v2.0/token'
Request method: 'POST'
Request headers:
    'Accept': 'application/json'
    'x-client-sku': 'REDACTED'
    'x-client-ver': 'REDACTED'
    'x-client-os': 'REDACTED'
    'x-ms-lib-capability': 'REDACTED'
    'client-request-id': 'REDACTED'
    'x-client-current-telemetry': 'REDACTED'
    'x-client-last-telemetry': 'REDACTED'
    'User-Agent': 'azsdk-python-identity/1.17.1 Python/3.12.4 (Linux-5.15.0-139-generic-x86_64-with-glibc2.36)'
A body is sent with the request
[2025-08-08T18:50:03.763+0000] {_universal.py:549} INFO - Response status: 200
Response headers:
    'Cache-Control': 'no-store, no-cache'
    'Pragma': 'no-cache'
    'Content-Type': 'application/json; charset=utf-8'
    'Expires': '-1'
    'Strict-Transport-Security': 'REDACTED'
    'X-Content-Type-Options': 'REDACTED'
    'P3P': 'REDACTED'
    'client-request-id': 'REDACTED'
    'x-ms-request-id': '72594378-7612-4116-a512-69ad91fe4a00'
    'x-ms-ests-server': 'REDACTED'
    'x-ms-clitelem': 'REDACTED'
    'x-ms-srs': 'REDACTED'
    'Content-Security-Policy-Report-Only': 'REDACTED'
    'X-XSS-Protection': 'REDACTED'
    'Set-Cookie': 'REDACTED'
    'Date': 'Fri, 08 Aug 2025 18:50:03 GMT'
    'Content-Length': '1799'
[2025-08-08T18:50:03.765+0000] {get_token_mixin.py:104} INFO - ClientSecretCredential.get_token succeeded
[2025-08-08T18:50:03.765+0000] {_universal.py:510} INFO - Request URL: 'https://management.azure.com/subscriptions/1c39c210-e3f2-4150-9318-db149d7bfec2/resourceGroups/data_platform/providers/Microsoft.DataFactory/factories/adf-data-platform/pipelines/silver_pipeline/createRun?api-version=REDACTED'
Request method: 'POST'
Request headers:
    'Content-Type': 'application/json'
    'Content-Length': '22'
    'Accept': 'application/json'
    'x-ms-client-request-id': '7e6dda2c-7488-11f0-914c-d2dea2665bef'
    'User-Agent': 'azsdk-python-mgmt-datafactory/8.0.0 Python/3.12.4 (Linux-5.15.0-139-generic-x86_64-with-glibc2.36)'
    'Authorization': 'REDACTED'
A body is sent with the request
[2025-08-08T18:50:04.922+0000] {_universal.py:549} INFO - Response status: 200
Response headers:
    'Cache-Control': 'no-cache'
    'Pragma': 'no-cache'
    'Content-Length': '53'
    'Content-Type': 'application/json; charset=utf-8'
    'Expires': '-1'
    'x-ms-correlation-request-id': 'REDACTED'
    'x-ms-operation-identifier': 'REDACTED'
    'x-ms-ratelimit-remaining-subscription-writes': '199'
    'x-ms-ratelimit-remaining-subscription-global-writes': 'REDACTED'
    'x-ms-request-id': 'c74aab91-d72b-4fd1-aef2-6ed7392e6441'
    'x-ms-routing-request-id': 'REDACTED'
    'Strict-Transport-Security': 'REDACTED'
    'X-Content-Type-Options': 'REDACTED'
    'X-Cache': 'REDACTED'
    'X-MSEdge-Ref': 'REDACTED'
    'Date': 'Fri, 08 Aug 2025 18:50:04 GMT'
[2025-08-08T18:50:04.993+0000] {data_factory.py:187} INFO - Waiting for pipeline run 7e6dda2c-7488-11f0-914c-d2dea2665bef to terminate.
[2025-08-08T18:50:05.007+0000] {data_factory.py:806} INFO - Getting the status of run ID 7e6dda2c-7488-11f0-914c-d2dea2665bef.
[2025-08-08T18:50:05.008+0000] {_universal.py:513} INFO - Request URL: 'https://management.azure.com/subscriptions/1c39c210-e3f2-4150-9318-db149d7bfec2/resourceGroups/data_platform/providers/Microsoft.DataFactory/factories/adf-data-platform/pipelineruns/7e6dda2c-7488-11f0-914c-d2dea2665bef?api-version=REDACTED'
Request method: 'GET'
Request headers:
    'Accept': 'application/json'
    'x-ms-client-request-id': '7f637c2a-7488-11f0-914c-d2dea2665bef'
    'User-Agent': 'azsdk-python-mgmt-datafactory/8.0.0 Python/3.12.4 (Linux-5.15.0-139-generic-x86_64-with-glibc2.36)'
    'Authorization': 'REDACTED'
No body was attached to the request
[2025-08-08T18:50:05.325+0000] {_universal.py:549} INFO - Response status: 200
Response headers:
    'Cache-Control': 'no-cache'
    'Pragma': 'no-cache'
    'Content-Length': '810'
    'Content-Type': 'application/json; charset=utf-8'
    'Expires': '-1'
    'x-ms-correlation-request-id': 'REDACTED'
    'x-ms-operation-identifier': 'REDACTED'
    'x-ms-ratelimit-remaining-subscription-reads': '249'
    'x-ms-ratelimit-remaining-subscription-global-reads': 'REDACTED'
    'x-ms-request-id': '0c258676-3d33-4344-9c1a-c5285af3dc96'
    'x-ms-routing-request-id': 'REDACTED'
    'Strict-Transport-Security': 'REDACTED'
    'X-Content-Type-Options': 'REDACTED'
    'X-Cache': 'REDACTED'
    'X-MSEdge-Ref': 'REDACTED'
    'Date': 'Fri, 08 Aug 2025 18:50:04 GMT'
[2025-08-08T18:50:05.341+0000] {data_factory.py:808} INFO - Current status of pipeline run 7e6dda2c-7488-11f0-914c-d2dea2665bef: Queued
[2025-08-08T18:51:05.343+0000] {data_factory.py:806} INFO - Getting the status of run ID 7e6dda2c-7488-11f0-914c-d2dea2665bef.
[2025-08-08T18:51:05.344+0000] {_universal.py:513} INFO - Request URL: 'https://management.azure.com/subscriptions/1c39c210-e3f2-4150-9318-db149d7bfec2/resourceGroups/data_platform/providers/Microsoft.DataFactory/factories/adf-data-platform/pipelineruns/7e6dda2c-7488-11f0-914c-d2dea2665bef?api-version=REDACTED'
Request method: 'GET'
Request headers:
    'Accept': 'application/json'
    'x-ms-client-request-id': 'a35a04b4-7488-11f0-914c-d2dea2665bef'
    'User-Agent': 'azsdk-python-mgmt-datafactory/8.0.0 Python/3.12.4 (Linux-5.15.0-139-generic-x86_64-with-glibc2.36)'
    'Authorization': 'REDACTED'
No body was attached to the request
[2025-08-08T18:51:05.676+0000] {_universal.py:549} INFO - Response status: 200
Response headers:
    'Cache-Control': 'no-cache'
    'Pragma': 'no-cache'
    'Content-Length': '1200'
    'Content-Type': 'application/json; charset=utf-8'
    'Expires': '-1'
    'x-ms-correlation-request-id': 'REDACTED'
    'x-ms-operation-identifier': 'REDACTED'
    'x-ms-ratelimit-remaining-subscription-reads': '249'
    'x-ms-ratelimit-remaining-subscription-global-reads': 'REDACTED'
    'x-ms-request-id': '5a4b2231-daec-4c5f-a7ae-d495f1e0d858'
    'x-ms-routing-request-id': 'REDACTED'
    'Strict-Transport-Security': 'REDACTED'
    'X-Content-Type-Options': 'REDACTED'
    'X-Cache': 'REDACTED'
    'X-MSEdge-Ref': 'REDACTED'
    'Date': 'Fri, 08 Aug 2025 18:51:04 GMT'
[2025-08-08T18:51:05.677+0000] {data_factory.py:808} INFO - Current status of pipeline run 7e6dda2c-7488-11f0-914c-d2dea2665bef: Failed
[2025-08-08T18:51:05.678+0000] {taskinstance.py:441} INFO - ::group::Post task execution logs
[2025-08-08T18:51:05.689+0000] {taskinstance.py:2905} ERROR - Task failed with exception
Traceback (most recent call last):
  File "/home/airflow/.local/lib/python3.12/site-packages/airflow/models/taskinstance.py", line 465, in _execute_task
    result = _execute_callable(context=context, **execute_callable_kwargs)
             ^^^^^^^^^^^^^^^^^^^^^^^^^^^^^^^^^^^^^^^^^^^^^^^^^^^^^^^^^^^^^
  File "/home/airflow/.local/lib/python3.12/site-packages/airflow/models/taskinstance.py", line 432, in _execute_callable
    return execute_callable(context=context, **execute_callable_kwargs)
           ^^^^^^^^^^^^^^^^^^^^^^^^^^^^^^^^^^^^^^^^^^^^^^^^^^^^^^^^^^^^
  File "/home/airflow/.local/lib/python3.12/site-packages/airflow/models/baseoperator.py", line 401, in wrapper
    return func(self, *args, **kwargs)
           ^^^^^^^^^^^^^^^^^^^^^^^^^^^
  File "/home/airflow/.local/lib/python3.12/site-packages/airflow/providers/microsoft/azure/operators/data_factory.py", line 199, in execute
    raise AzureDataFactoryPipelineRunException(
airflow.providers.microsoft.azure.hooks.data_factory.AzureDataFactoryPipelineRunException: Pipeline run 7e6dda2c-7488-11f0-914c-d2dea2665bef has failed or has been cancelled.
[2025-08-08T18:51:05.695+0000] {taskinstance.py:1206} INFO - Marking task as FAILED. dag_id=simple_adf_silver_trigger, task_id=trigger_silver_pipeline, run_id=manual__2025-08-08T18:36:22.955440+00:00, execution_date=20250808T183622, start_date=20250808T185003, end_date=20250808T185105
[2025-08-08T18:51:05.755+0000] {standard_task_runner.py:110} ERROR - Failed to execute job 32 for task trigger_silver_pipeline (Pipeline run 7e6dda2c-7488-11f0-914c-d2dea2665bef has failed or has been cancelled.; 7306)
[2025-08-08T18:51:05.780+0000] {local_task_job_runner.py:243} INFO - Task exited with return code 1
[2025-08-08T18:51:05.801+0000] {taskinstance.py:3503} INFO - 0 downstream tasks scheduled from follow-on schedule check
[2025-08-08T18:51:05.830+0000] {local_task_job_runner.py:222} INFO - ::endgroup::
