[2025-08-16T20:30:07.269+0000] {local_task_job_runner.py:120} INFO - ::group::Pre task execution logs
[2025-08-16T20:30:07.308+0000] {taskinstance.py:2076} INFO - Dependencies all met for dep_context=non-requeueable deps ti=<TaskInstance: silver_adf_trigger.trigger_silver_pipeline scheduled__2025-08-15T20:30:00+00:00 [queued]>
[2025-08-16T20:30:07.319+0000] {taskinstance.py:2076} INFO - Dependencies all met for dep_context=requeueable deps ti=<TaskInstance: silver_adf_trigger.trigger_silver_pipeline scheduled__2025-08-15T20:30:00+00:00 [queued]>
[2025-08-16T20:30:07.319+0000] {taskinstance.py:2306} INFO - Starting attempt 1 of 1
[2025-08-16T20:30:07.334+0000] {taskinstance.py:2330} INFO - Executing <Task(AzureDataFactoryRunPipelineOperator): trigger_silver_pipeline> on 2025-08-15 20:30:00+00:00
[2025-08-16T20:30:07.352+0000] {standard_task_runner.py:90} INFO - Running: ['***', 'tasks', 'run', 'silver_adf_trigger', 'trigger_silver_pipeline', 'scheduled__2025-08-15T20:30:00+00:00', '--job-id', '78', '--raw', '--subdir', 'DAGS_FOLDER/data_factory_pipeline.py', '--cfg-path', '/tmp/tmphehl0w4d']
[2025-08-16T20:30:07.356+0000] {standard_task_runner.py:91} INFO - Job 78: Subtask trigger_silver_pipeline
[2025-08-16T20:30:07.358+0000] {logging_mixin.py:188} WARNING - /home/***/.local/lib/python3.12/site-packages/***/task/task_runner/standard_task_runner.py:62 DeprecationWarning: This process (pid=319) is multi-threaded, use of fork() may lead to deadlocks in the child.
[2025-08-16T20:30:07.360+0000] {standard_task_runner.py:64} INFO - Started process 321 to run task
[2025-08-16T20:30:07.435+0000] {task_command.py:426} INFO - Running <TaskInstance: silver_adf_trigger.trigger_silver_pipeline scheduled__2025-08-15T20:30:00+00:00 [running]> on host 24e1120be3ce
[2025-08-16T20:30:07.595+0000] {taskinstance.py:2648} INFO - Exporting env vars: AIRFLOW_CTX_DAG_OWNER='***' AIRFLOW_CTX_DAG_ID='silver_adf_trigger' AIRFLOW_CTX_TASK_ID='trigger_silver_pipeline' AIRFLOW_CTX_EXECUTION_DATE='2025-08-15T20:30:00+00:00' AIRFLOW_CTX_TRY_NUMBER='1' AIRFLOW_CTX_DAG_RUN_ID='scheduled__2025-08-15T20:30:00+00:00'
[2025-08-16T20:30:07.596+0000] {taskinstance.py:430} INFO - ::endgroup::
[2025-08-16T20:30:07.618+0000] {data_factory.py:168} INFO - Executing the silver_pipeline pipeline.
[2025-08-16T20:30:07.642+0000] {connection.py:274} WARNING - Connection schemes (type: azure_data_factory) shall not contain '_' according to RFC3986.
[2025-08-16T20:30:07.645+0000] {base.py:84} INFO - Using connection ID 'azure_data_factory_default' for task execution.
[2025-08-16T20:30:07.654+0000] {authority.py:75} INFO - Initializing with Entra authority: https://login.microsoftonline.com/9b617bf3-2377-4477-b5c4-396bb56461d6
[2025-08-16T20:30:07.655+0000] {_universal.py:513} INFO - Request URL: 'https://login.microsoftonline.com/9b617bf3-2377-4477-b5c4-396bb56461d6/v2.0/.well-known/openid-configuration'
Request method: 'GET'
Request headers:
    'User-Agent': 'azsdk-python-identity/1.17.1 Python/3.12.4 (Linux-5.15.0-139-generic-x86_64-with-glibc2.36)'
No body was attached to the request
[2025-08-16T20:30:07.958+0000] {_universal.py:549} INFO - Response status: 200
Response headers:
    'Cache-Control': 'max-age=86400, private'
    'Content-Type': 'application/json; charset=utf-8'
    'Strict-Transport-Security': 'REDACTED'
    'X-Content-Type-Options': 'REDACTED'
    'Access-Control-Allow-Origin': 'REDACTED'
    'Access-Control-Allow-Methods': 'REDACTED'
    'P3P': 'REDACTED'
    'x-ms-request-id': '7588f768-c825-47a1-a77e-89cd2329ec00'
    'x-ms-ests-server': 'REDACTED'
    'x-ms-srs': 'REDACTED'
    'Content-Security-Policy-Report-Only': 'REDACTED'
    'X-XSS-Protection': 'REDACTED'
    'Set-Cookie': 'REDACTED'
    'Date': 'Sat, 16 Aug 2025 20:30:07 GMT'
    'Content-Length': '1753'
[2025-08-16T20:30:07.959+0000] {_universal.py:510} INFO - Request URL: 'https://login.microsoftonline.com/9b617bf3-2377-4477-b5c4-396bb56461d6/oauth2/v2.0/token'
Request method: 'POST'
Request headers:
    'Accept': 'application/json'
    'x-client-sku': 'REDACTED'
    'x-client-ver': 'REDACTED'
    'x-client-os': 'REDACTED'
    'x-ms-lib-capability': 'REDACTED'
    'client-request-id': 'REDACTED'
    'x-client-current-telemetry': 'REDACTED'
    'x-client-last-telemetry': 'REDACTED'
    'User-Agent': 'azsdk-python-identity/1.17.1 Python/3.12.4 (Linux-5.15.0-139-generic-x86_64-with-glibc2.36)'
A body is sent with the request
[2025-08-16T20:30:08.072+0000] {_universal.py:549} INFO - Response status: 200
Response headers:
    'Cache-Control': 'no-store, no-cache'
    'Pragma': 'no-cache'
    'Content-Type': 'application/json; charset=utf-8'
    'Expires': '-1'
    'Strict-Transport-Security': 'REDACTED'
    'X-Content-Type-Options': 'REDACTED'
    'P3P': 'REDACTED'
    'client-request-id': 'REDACTED'
    'x-ms-request-id': '130f0f4a-3f0f-49df-8704-7e5006763801'
    'x-ms-ests-server': 'REDACTED'
    'x-ms-clitelem': 'REDACTED'
    'x-ms-srs': 'REDACTED'
    'Content-Security-Policy-Report-Only': 'REDACTED'
    'X-XSS-Protection': 'REDACTED'
    'Set-Cookie': 'REDACTED'
    'Date': 'Sat, 16 Aug 2025 20:30:07 GMT'
    'Content-Length': '1792'
[2025-08-16T20:30:08.073+0000] {get_token_mixin.py:104} INFO - ClientSecretCredential.get_token succeeded
[2025-08-16T20:30:08.073+0000] {_universal.py:510} INFO - Request URL: 'https://management.azure.com/subscriptions/1c39c210-e3f2-4150-9318-db149d7bfec2/resourceGroups/data_platform/providers/Microsoft.DataFactory/factories/adf-data-platform/pipelines/silver_pipeline/createRun?api-version=REDACTED'
Request method: 'POST'
Request headers:
    'Content-Type': 'application/json'
    'Content-Length': '22'
    'Accept': 'application/json'
    'x-ms-client-request-id': 'cc8c876e-7adf-11f0-8f11-721da43f8b76'
    'User-Agent': 'azsdk-python-mgmt-datafactory/8.0.0 Python/3.12.4 (Linux-5.15.0-139-generic-x86_64-with-glibc2.36)'
    'Authorization': 'REDACTED'
A body is sent with the request
[2025-08-16T20:30:09.101+0000] {_universal.py:549} INFO - Response status: 200
Response headers:
    'Cache-Control': 'no-cache'
    'Pragma': 'no-cache'
    'Content-Length': '53'
    'Content-Type': 'application/json; charset=utf-8'
    'Expires': '-1'
    'x-ms-correlation-request-id': 'REDACTED'
    'x-ms-operation-identifier': 'REDACTED'
    'x-ms-ratelimit-remaining-subscription-writes': '199'
    'x-ms-ratelimit-remaining-subscription-global-writes': 'REDACTED'
    'x-ms-request-id': 'd3dec5e7-ab84-40ed-be0a-394f67566c9a'
    'x-ms-routing-request-id': 'REDACTED'
    'Strict-Transport-Security': 'REDACTED'
    'X-Content-Type-Options': 'REDACTED'
    'X-Cache': 'REDACTED'
    'X-MSEdge-Ref': 'REDACTED'
    'Date': 'Sat, 16 Aug 2025 20:30:08 GMT'
[2025-08-16T20:30:09.180+0000] {data_factory.py:187} INFO - Waiting for pipeline run cc8c876e-7adf-11f0-8f11-721da43f8b76 to terminate.
[2025-08-16T20:30:09.181+0000] {data_factory.py:806} INFO - Getting the status of run ID cc8c876e-7adf-11f0-8f11-721da43f8b76.
[2025-08-16T20:30:09.182+0000] {_universal.py:513} INFO - Request URL: 'https://management.azure.com/subscriptions/1c39c210-e3f2-4150-9318-db149d7bfec2/resourceGroups/data_platform/providers/Microsoft.DataFactory/factories/adf-data-platform/pipelineruns/cc8c876e-7adf-11f0-8f11-721da43f8b76?api-version=REDACTED'
Request method: 'GET'
Request headers:
    'Accept': 'application/json'
    'x-ms-client-request-id': 'cd75b042-7adf-11f0-8f11-721da43f8b76'
    'User-Agent': 'azsdk-python-mgmt-datafactory/8.0.0 Python/3.12.4 (Linux-5.15.0-139-generic-x86_64-with-glibc2.36)'
    'Authorization': 'REDACTED'
No body was attached to the request
[2025-08-16T20:30:09.460+0000] {_universal.py:549} INFO - Response status: 200
Response headers:
    'Cache-Control': 'no-cache'
    'Pragma': 'no-cache'
    'Content-Length': '810'
    'Content-Type': 'application/json; charset=utf-8'
    'Expires': '-1'
    'x-ms-correlation-request-id': 'REDACTED'
    'x-ms-operation-identifier': 'REDACTED'
    'x-ms-ratelimit-remaining-subscription-reads': '249'
    'x-ms-ratelimit-remaining-subscription-global-reads': 'REDACTED'
    'x-ms-request-id': 'db7a790f-2569-4cf3-8391-97956dc40383'
    'x-ms-routing-request-id': 'REDACTED'
    'Strict-Transport-Security': 'REDACTED'
    'X-Content-Type-Options': 'REDACTED'
    'X-Cache': 'REDACTED'
    'X-MSEdge-Ref': 'REDACTED'
    'Date': 'Sat, 16 Aug 2025 20:30:08 GMT'
[2025-08-16T20:30:09.464+0000] {data_factory.py:808} INFO - Current status of pipeline run cc8c876e-7adf-11f0-8f11-721da43f8b76: Queued
[2025-08-16T20:31:09.464+0000] {data_factory.py:806} INFO - Getting the status of run ID cc8c876e-7adf-11f0-8f11-721da43f8b76.
[2025-08-16T20:31:09.465+0000] {_universal.py:513} INFO - Request URL: 'https://management.azure.com/subscriptions/1c39c210-e3f2-4150-9318-db149d7bfec2/resourceGroups/data_platform/providers/Microsoft.DataFactory/factories/adf-data-platform/pipelineruns/cc8c876e-7adf-11f0-8f11-721da43f8b76?api-version=REDACTED'
Request method: 'GET'
Request headers:
    'Accept': 'application/json'
    'x-ms-client-request-id': 'f1642b1e-7adf-11f0-8f11-721da43f8b76'
    'User-Agent': 'azsdk-python-mgmt-datafactory/8.0.0 Python/3.12.4 (Linux-5.15.0-139-generic-x86_64-with-glibc2.36)'
    'Authorization': 'REDACTED'
No body was attached to the request
[2025-08-16T20:31:10.003+0000] {_universal.py:549} INFO - Response status: 200
Response headers:
    'Cache-Control': 'no-cache'
    'Pragma': 'no-cache'
    'Content-Length': '1200'
    'Content-Type': 'application/json; charset=utf-8'
    'Expires': '-1'
    'x-ms-correlation-request-id': 'REDACTED'
    'x-ms-operation-identifier': 'REDACTED'
    'x-ms-ratelimit-remaining-subscription-reads': '249'
    'x-ms-ratelimit-remaining-subscription-global-reads': 'REDACTED'
    'x-ms-request-id': '61cc1183-4a37-4111-8e92-6c343ed60ca7'
    'x-ms-routing-request-id': 'REDACTED'
    'Strict-Transport-Security': 'REDACTED'
    'X-Content-Type-Options': 'REDACTED'
    'X-Cache': 'REDACTED'
    'X-MSEdge-Ref': 'REDACTED'
    'Date': 'Sat, 16 Aug 2025 20:31:09 GMT'
[2025-08-16T20:31:10.004+0000] {data_factory.py:808} INFO - Current status of pipeline run cc8c876e-7adf-11f0-8f11-721da43f8b76: Failed
[2025-08-16T20:31:10.004+0000] {taskinstance.py:441} INFO - ::group::Post task execution logs
[2025-08-16T20:31:10.031+0000] {taskinstance.py:2905} ERROR - Task failed with exception
Traceback (most recent call last):
  File "/home/airflow/.local/lib/python3.12/site-packages/airflow/models/taskinstance.py", line 465, in _execute_task
    result = _execute_callable(context=context, **execute_callable_kwargs)
             ^^^^^^^^^^^^^^^^^^^^^^^^^^^^^^^^^^^^^^^^^^^^^^^^^^^^^^^^^^^^^
  File "/home/airflow/.local/lib/python3.12/site-packages/airflow/models/taskinstance.py", line 432, in _execute_callable
    return execute_callable(context=context, **execute_callable_kwargs)
           ^^^^^^^^^^^^^^^^^^^^^^^^^^^^^^^^^^^^^^^^^^^^^^^^^^^^^^^^^^^^
  File "/home/airflow/.local/lib/python3.12/site-packages/airflow/models/baseoperator.py", line 401, in wrapper
    return func(self, *args, **kwargs)
           ^^^^^^^^^^^^^^^^^^^^^^^^^^^
  File "/home/airflow/.local/lib/python3.12/site-packages/airflow/providers/microsoft/azure/operators/data_factory.py", line 199, in execute
    raise AzureDataFactoryPipelineRunException(
airflow.providers.microsoft.azure.hooks.data_factory.AzureDataFactoryPipelineRunException: Pipeline run cc8c876e-7adf-11f0-8f11-721da43f8b76 has failed or has been cancelled.
[2025-08-16T20:31:10.041+0000] {taskinstance.py:1206} INFO - Marking task as FAILED. dag_id=silver_adf_trigger, task_id=trigger_silver_pipeline, run_id=scheduled__2025-08-15T20:30:00+00:00, execution_date=20250815T203000, start_date=20250816T203007, end_date=20250816T203110
[2025-08-16T20:31:10.116+0000] {standard_task_runner.py:110} ERROR - Failed to execute job 78 for task trigger_silver_pipeline (Pipeline run cc8c876e-7adf-11f0-8f11-721da43f8b76 has failed or has been cancelled.; 321)
[2025-08-16T20:31:10.178+0000] {local_task_job_runner.py:243} INFO - Task exited with return code 1
[2025-08-16T20:31:10.242+0000] {taskinstance.py:3503} INFO - 0 downstream tasks scheduled from follow-on schedule check
[2025-08-16T20:31:10.286+0000] {local_task_job_runner.py:222} INFO - ::endgroup::
