[2025-08-08T18:24:41.073+0000] {local_task_job_runner.py:120} INFO - ::group::Pre task execution logs
[2025-08-08T18:24:41.122+0000] {taskinstance.py:2076} INFO - Dependencies all met for dep_context=non-requeueable deps ti=<TaskInstance: simple_adf_silver_trigger.trigger_silver_pipeline manual__2025-08-08T18:24:18.612852+00:00 [queued]>
[2025-08-08T18:24:41.137+0000] {taskinstance.py:2076} INFO - Dependencies all met for dep_context=requeueable deps ti=<TaskInstance: simple_adf_silver_trigger.trigger_silver_pipeline manual__2025-08-08T18:24:18.612852+00:00 [queued]>
[2025-08-08T18:24:41.138+0000] {taskinstance.py:2306} INFO - Starting attempt 1 of 1
[2025-08-08T18:24:41.166+0000] {taskinstance.py:2330} INFO - Executing <Task(AzureDataFactoryRunPipelineOperator): trigger_silver_pipeline> on 2025-08-08 18:24:18.612852+00:00
[2025-08-08T18:24:41.179+0000] {standard_task_runner.py:90} INFO - Running: ['***', 'tasks', 'run', 'simple_adf_silver_trigger', 'trigger_silver_pipeline', 'manual__2025-08-08T18:24:18.612852+00:00', '--job-id', '25', '--raw', '--subdir', 'DAGS_FOLDER/data_factory_pipeline.py', '--cfg-path', '/tmp/tmpj6oh8lx9']
[2025-08-08T18:24:41.182+0000] {standard_task_runner.py:91} INFO - Job 25: Subtask trigger_silver_pipeline
[2025-08-08T18:24:41.185+0000] {logging_mixin.py:188} WARNING - /home/***/.local/lib/python3.12/site-packages/***/task/task_runner/standard_task_runner.py:62 DeprecationWarning: This process (pid=6509) is multi-threaded, use of fork() may lead to deadlocks in the child.
[2025-08-08T18:24:41.185+0000] {standard_task_runner.py:64} INFO - Started process 6511 to run task
[2025-08-08T18:24:41.251+0000] {task_command.py:426} INFO - Running <TaskInstance: simple_adf_silver_trigger.trigger_silver_pipeline manual__2025-08-08T18:24:18.612852+00:00 [running]> on host ffd22e086310
[2025-08-08T18:24:41.457+0000] {taskinstance.py:2648} INFO - Exporting env vars: AIRFLOW_CTX_DAG_OWNER='***' AIRFLOW_CTX_DAG_ID='simple_adf_silver_trigger' AIRFLOW_CTX_TASK_ID='trigger_silver_pipeline' AIRFLOW_CTX_EXECUTION_DATE='2025-08-08T18:24:18.612852+00:00' AIRFLOW_CTX_TRY_NUMBER='1' AIRFLOW_CTX_DAG_RUN_ID='manual__2025-08-08T18:24:18.612852+00:00'
[2025-08-08T18:24:41.459+0000] {taskinstance.py:430} INFO - ::endgroup::
[2025-08-08T18:24:41.477+0000] {data_factory.py:168} INFO - Executing the silver_pipeline pipeline.
[2025-08-08T18:24:41.621+0000] {connection.py:274} WARNING - Connection schemes (type: azure_data_factory) shall not contain '_' according to RFC3986.
[2025-08-08T18:24:41.624+0000] {base.py:84} INFO - Using connection ID 'azure_data_factory_default' for task execution.
[2025-08-08T18:24:42.164+0000] {authority.py:75} INFO - Initializing with Entra authority: https://login.microsoftonline.com/9b617bf3-2377-4477-b5c4-396bb56461d6
[2025-08-08T18:24:42.165+0000] {_universal.py:513} INFO - Request URL: 'https://login.microsoftonline.com/9b617bf3-2377-4477-b5c4-396bb56461d6/v2.0/.well-known/openid-configuration'
Request method: 'GET'
Request headers:
    'User-Agent': 'azsdk-python-identity/1.17.1 Python/3.12.4 (Linux-5.15.0-139-generic-x86_64-with-glibc2.36)'
No body was attached to the request
[2025-08-08T18:24:42.762+0000] {_universal.py:549} INFO - Response status: 200
Response headers:
    'Cache-Control': 'max-age=86400, private'
    'Content-Type': 'application/json; charset=utf-8'
    'Strict-Transport-Security': 'REDACTED'
    'X-Content-Type-Options': 'REDACTED'
    'Access-Control-Allow-Origin': 'REDACTED'
    'Access-Control-Allow-Methods': 'REDACTED'
    'P3P': 'REDACTED'
    'x-ms-request-id': 'be0d8773-643c-4132-b3bd-1a66bf00af00'
    'x-ms-ests-server': 'REDACTED'
    'x-ms-srs': 'REDACTED'
    'Content-Security-Policy-Report-Only': 'REDACTED'
    'X-XSS-Protection': 'REDACTED'
    'Set-Cookie': 'REDACTED'
    'Date': 'Fri, 08 Aug 2025 18:24:42 GMT'
    'Content-Length': '1753'
[2025-08-08T18:24:42.763+0000] {_universal.py:510} INFO - Request URL: 'https://login.microsoftonline.com/9b617bf3-2377-4477-b5c4-396bb56461d6/oauth2/v2.0/token'
Request method: 'POST'
Request headers:
    'Accept': 'application/json'
    'x-client-sku': 'REDACTED'
    'x-client-ver': 'REDACTED'
    'x-client-os': 'REDACTED'
    'x-ms-lib-capability': 'REDACTED'
    'client-request-id': 'REDACTED'
    'x-client-current-telemetry': 'REDACTED'
    'x-client-last-telemetry': 'REDACTED'
    'User-Agent': 'azsdk-python-identity/1.17.1 Python/3.12.4 (Linux-5.15.0-139-generic-x86_64-with-glibc2.36)'
A body is sent with the request
[2025-08-08T18:24:42.861+0000] {_universal.py:549} INFO - Response status: 200
Response headers:
    'Cache-Control': 'no-store, no-cache'
    'Pragma': 'no-cache'
    'Content-Type': 'application/json; charset=utf-8'
    'Expires': '-1'
    'Strict-Transport-Security': 'REDACTED'
    'X-Content-Type-Options': 'REDACTED'
    'P3P': 'REDACTED'
    'client-request-id': 'REDACTED'
    'x-ms-request-id': '888be4f9-cba7-42da-91db-ffe78a1b8700'
    'x-ms-ests-server': 'REDACTED'
    'x-ms-clitelem': 'REDACTED'
    'x-ms-srs': 'REDACTED'
    'Content-Security-Policy-Report-Only': 'REDACTED'
    'X-XSS-Protection': 'REDACTED'
    'Set-Cookie': 'REDACTED'
    'Date': 'Fri, 08 Aug 2025 18:24:42 GMT'
    'Content-Length': '1799'
[2025-08-08T18:24:42.862+0000] {get_token_mixin.py:104} INFO - ClientSecretCredential.get_token succeeded
[2025-08-08T18:24:42.863+0000] {_universal.py:510} INFO - Request URL: 'https://management.azure.com/subscriptions/1c39c210-e3f2-4150-9318-db149d7bfec2/resourceGroups/data_platform/providers/Microsoft.DataFactory/factories/adf-data-platform/pipelines/silver_pipeline/createRun?api-version=REDACTED'
Request method: 'POST'
Request headers:
    'Content-Type': 'application/json'
    'Content-Length': '22'
    'Accept': 'application/json'
    'x-ms-client-request-id': 'f397589a-7484-11f0-8b20-d2dea2665bef'
    'User-Agent': 'azsdk-python-mgmt-datafactory/8.0.0 Python/3.12.4 (Linux-5.15.0-139-generic-x86_64-with-glibc2.36)'
    'Authorization': 'REDACTED'
A body is sent with the request
[2025-08-08T18:24:44.171+0000] {_universal.py:549} INFO - Response status: 200
Response headers:
    'Cache-Control': 'no-cache'
    'Pragma': 'no-cache'
    'Content-Length': '53'
    'Content-Type': 'application/json; charset=utf-8'
    'Expires': '-1'
    'x-ms-correlation-request-id': 'REDACTED'
    'x-ms-operation-identifier': 'REDACTED'
    'x-ms-ratelimit-remaining-subscription-writes': '199'
    'x-ms-ratelimit-remaining-subscription-global-writes': 'REDACTED'
    'x-ms-request-id': 'f063e06a-64a6-4604-a795-d8dda58b0865'
    'x-ms-routing-request-id': 'REDACTED'
    'Strict-Transport-Security': 'REDACTED'
    'X-Content-Type-Options': 'REDACTED'
    'X-Cache': 'REDACTED'
    'X-MSEdge-Ref': 'REDACTED'
    'Date': 'Fri, 08 Aug 2025 18:24:44 GMT'
[2025-08-08T18:24:44.266+0000] {data_factory.py:187} INFO - Waiting for pipeline run f397589a-7484-11f0-8b20-d2dea2665bef to terminate.
[2025-08-08T18:24:44.267+0000] {data_factory.py:806} INFO - Getting the status of run ID f397589a-7484-11f0-8b20-d2dea2665bef.
[2025-08-08T18:24:44.268+0000] {_universal.py:513} INFO - Request URL: 'https://management.azure.com/subscriptions/1c39c210-e3f2-4150-9318-db149d7bfec2/resourceGroups/data_platform/providers/Microsoft.DataFactory/factories/adf-data-platform/pipelineruns/f397589a-7484-11f0-8b20-d2dea2665bef?api-version=REDACTED'
Request method: 'GET'
Request headers:
    'Accept': 'application/json'
    'x-ms-client-request-id': 'f4f4db68-7484-11f0-8b20-d2dea2665bef'
    'User-Agent': 'azsdk-python-mgmt-datafactory/8.0.0 Python/3.12.4 (Linux-5.15.0-139-generic-x86_64-with-glibc2.36)'
    'Authorization': 'REDACTED'
No body was attached to the request
[2025-08-08T18:24:44.481+0000] {_universal.py:549} INFO - Response status: 200
Response headers:
    'Cache-Control': 'no-cache'
    'Pragma': 'no-cache'
    'Content-Length': '810'
    'Content-Type': 'application/json; charset=utf-8'
    'Expires': '-1'
    'x-ms-correlation-request-id': 'REDACTED'
    'x-ms-operation-identifier': 'REDACTED'
    'x-ms-ratelimit-remaining-subscription-reads': '249'
    'x-ms-ratelimit-remaining-subscription-global-reads': 'REDACTED'
    'x-ms-request-id': 'c4d0550e-8c49-4fb8-8cce-7d5c9b1256f4'
    'x-ms-routing-request-id': 'REDACTED'
    'Strict-Transport-Security': 'REDACTED'
    'X-Content-Type-Options': 'REDACTED'
    'X-Cache': 'REDACTED'
    'X-MSEdge-Ref': 'REDACTED'
    'Date': 'Fri, 08 Aug 2025 18:24:44 GMT'
[2025-08-08T18:24:44.600+0000] {data_factory.py:808} INFO - Current status of pipeline run f397589a-7484-11f0-8b20-d2dea2665bef: Queued
[2025-08-08T18:25:44.600+0000] {data_factory.py:806} INFO - Getting the status of run ID f397589a-7484-11f0-8b20-d2dea2665bef.
[2025-08-08T18:25:44.604+0000] {_universal.py:513} INFO - Request URL: 'https://management.azure.com/subscriptions/1c39c210-e3f2-4150-9318-db149d7bfec2/resourceGroups/data_platform/providers/Microsoft.DataFactory/factories/adf-data-platform/pipelineruns/f397589a-7484-11f0-8b20-d2dea2665bef?api-version=REDACTED'
Request method: 'GET'
Request headers:
    'Accept': 'application/json'
    'x-ms-client-request-id': '18eb48b8-7485-11f0-8b20-d2dea2665bef'
    'User-Agent': 'azsdk-python-mgmt-datafactory/8.0.0 Python/3.12.4 (Linux-5.15.0-139-generic-x86_64-with-glibc2.36)'
    'Authorization': 'REDACTED'
No body was attached to the request
[2025-08-08T18:25:44.849+0000] {_universal.py:549} INFO - Response status: 200
Response headers:
    'Cache-Control': 'no-cache'
    'Pragma': 'no-cache'
    'Content-Length': '1201'
    'Content-Type': 'application/json; charset=utf-8'
    'Expires': '-1'
    'x-ms-correlation-request-id': 'REDACTED'
    'x-ms-operation-identifier': 'REDACTED'
    'x-ms-ratelimit-remaining-subscription-reads': '249'
    'x-ms-ratelimit-remaining-subscription-global-reads': 'REDACTED'
    'x-ms-request-id': '98caca9e-a5c4-43e1-9fdb-073413dd2918'
    'x-ms-routing-request-id': 'REDACTED'
    'Strict-Transport-Security': 'REDACTED'
    'X-Content-Type-Options': 'REDACTED'
    'X-Cache': 'REDACTED'
    'X-MSEdge-Ref': 'REDACTED'
    'Date': 'Fri, 08 Aug 2025 18:25:44 GMT'
[2025-08-08T18:25:44.851+0000] {data_factory.py:808} INFO - Current status of pipeline run f397589a-7484-11f0-8b20-d2dea2665bef: Failed
[2025-08-08T18:25:44.852+0000] {taskinstance.py:441} INFO - ::group::Post task execution logs
[2025-08-08T18:25:44.883+0000] {taskinstance.py:2905} ERROR - Task failed with exception
Traceback (most recent call last):
  File "/home/airflow/.local/lib/python3.12/site-packages/airflow/models/taskinstance.py", line 465, in _execute_task
    result = _execute_callable(context=context, **execute_callable_kwargs)
             ^^^^^^^^^^^^^^^^^^^^^^^^^^^^^^^^^^^^^^^^^^^^^^^^^^^^^^^^^^^^^
  File "/home/airflow/.local/lib/python3.12/site-packages/airflow/models/taskinstance.py", line 432, in _execute_callable
    return execute_callable(context=context, **execute_callable_kwargs)
           ^^^^^^^^^^^^^^^^^^^^^^^^^^^^^^^^^^^^^^^^^^^^^^^^^^^^^^^^^^^^
  File "/home/airflow/.local/lib/python3.12/site-packages/airflow/models/baseoperator.py", line 401, in wrapper
    return func(self, *args, **kwargs)
           ^^^^^^^^^^^^^^^^^^^^^^^^^^^
  File "/home/airflow/.local/lib/python3.12/site-packages/airflow/providers/microsoft/azure/operators/data_factory.py", line 199, in execute
    raise AzureDataFactoryPipelineRunException(
airflow.providers.microsoft.azure.hooks.data_factory.AzureDataFactoryPipelineRunException: Pipeline run f397589a-7484-11f0-8b20-d2dea2665bef has failed or has been cancelled.
[2025-08-08T18:25:44.916+0000] {taskinstance.py:1206} INFO - Marking task as FAILED. dag_id=simple_adf_silver_trigger, task_id=trigger_silver_pipeline, run_id=manual__2025-08-08T18:24:18.612852+00:00, execution_date=20250808T182418, start_date=20250808T182441, end_date=20250808T182544
[2025-08-08T18:25:44.962+0000] {standard_task_runner.py:110} ERROR - Failed to execute job 25 for task trigger_silver_pipeline (Pipeline run f397589a-7484-11f0-8b20-d2dea2665bef has failed or has been cancelled.; 6511)
[2025-08-08T18:25:45.003+0000] {local_task_job_runner.py:243} INFO - Task exited with return code 1
[2025-08-08T18:25:45.034+0000] {taskinstance.py:3503} INFO - 0 downstream tasks scheduled from follow-on schedule check
[2025-08-08T18:25:45.051+0000] {local_task_job_runner.py:222} INFO - ::endgroup::
