[2025-08-27T05:40:05.738+0000] {local_task_job_runner.py:120} INFO - ::group::Pre task execution logs
[2025-08-27T05:40:05.780+0000] {taskinstance.py:2076} INFO - Dependencies all met for dep_context=non-requeueable deps ti=<TaskInstance: silver_adf_trigger_gold.trigger_silver_pipeline scheduled__2025-08-26T05:40:00+00:00 [queued]>
[2025-08-27T05:40:05.805+0000] {taskinstance.py:2076} INFO - Dependencies all met for dep_context=requeueable deps ti=<TaskInstance: silver_adf_trigger_gold.trigger_silver_pipeline scheduled__2025-08-26T05:40:00+00:00 [queued]>
[2025-08-27T05:40:05.806+0000] {taskinstance.py:2306} INFO - Starting attempt 1 of 1
[2025-08-27T05:40:05.843+0000] {taskinstance.py:2330} INFO - Executing <Task(AzureDataFactoryRunPipelineOperator): trigger_silver_pipeline> on 2025-08-26 05:40:00+00:00
[2025-08-27T05:40:05.867+0000] {logging_mixin.py:188} WARNING - /home/***/.local/lib/python3.12/site-packages/***/task/task_runner/standard_task_runner.py:62 DeprecationWarning: This process (pid=519) is multi-threaded, use of fork() may lead to deadlocks in the child.
[2025-08-27T05:40:05.870+0000] {standard_task_runner.py:64} INFO - Started process 521 to run task
[2025-08-27T05:40:05.864+0000] {standard_task_runner.py:90} INFO - Running: ['***', 'tasks', 'run', 'silver_adf_trigger_gold', 'trigger_silver_pipeline', 'scheduled__2025-08-26T05:40:00+00:00', '--job-id', '161', '--raw', '--subdir', 'DAGS_FOLDER/data_factory_pipeline.py', '--cfg-path', '/tmp/tmptz1cm73o']
[2025-08-27T05:40:05.872+0000] {standard_task_runner.py:91} INFO - Job 161: Subtask trigger_silver_pipeline
[2025-08-27T05:40:05.970+0000] {task_command.py:426} INFO - Running <TaskInstance: silver_adf_trigger_gold.trigger_silver_pipeline scheduled__2025-08-26T05:40:00+00:00 [running]> on host 5dcb34521e5e
[2025-08-27T05:40:06.241+0000] {taskinstance.py:2648} INFO - Exporting env vars: AIRFLOW_CTX_DAG_OWNER='***' AIRFLOW_CTX_DAG_ID='silver_adf_trigger_gold' AIRFLOW_CTX_TASK_ID='trigger_silver_pipeline' AIRFLOW_CTX_EXECUTION_DATE='2025-08-26T05:40:00+00:00' AIRFLOW_CTX_TRY_NUMBER='1' AIRFLOW_CTX_DAG_RUN_ID='scheduled__2025-08-26T05:40:00+00:00'
[2025-08-27T05:40:06.242+0000] {taskinstance.py:430} INFO - ::endgroup::
[2025-08-27T05:40:06.292+0000] {data_factory.py:168} INFO - Executing the silver_pipeline pipeline.
[2025-08-27T05:40:06.357+0000] {connection.py:274} WARNING - Connection schemes (type: azure_data_factory) shall not contain '_' according to RFC3986.
[2025-08-27T05:40:06.360+0000] {base.py:84} INFO - Using connection ID 'azure_data_factory_default' for task execution.
[2025-08-27T05:40:06.471+0000] {authority.py:75} INFO - Initializing with Entra authority: https://login.microsoftonline.com/9b617bf3-2377-4477-b5c4-396bb56461d6
[2025-08-27T05:40:06.472+0000] {_universal.py:513} INFO - Request URL: 'https://login.microsoftonline.com/9b617bf3-2377-4477-b5c4-396bb56461d6/v2.0/.well-known/openid-configuration'
Request method: 'GET'
Request headers:
    'User-Agent': 'azsdk-python-identity/1.17.1 Python/3.12.4 (Linux-5.15.0-139-generic-x86_64-with-glibc2.36)'
No body was attached to the request
[2025-08-27T05:40:06.986+0000] {_universal.py:549} INFO - Response status: 200
Response headers:
    'Cache-Control': 'max-age=86400, private'
    'Content-Type': 'application/json; charset=utf-8'
    'Strict-Transport-Security': 'REDACTED'
    'X-Content-Type-Options': 'REDACTED'
    'Access-Control-Allow-Origin': 'REDACTED'
    'Access-Control-Allow-Methods': 'REDACTED'
    'P3P': 'REDACTED'
    'x-ms-request-id': 'e4508076-085c-476a-b574-8e934d865800'
    'x-ms-ests-server': 'REDACTED'
    'x-ms-srs': 'REDACTED'
    'Content-Security-Policy-Report-Only': 'REDACTED'
    'X-XSS-Protection': 'REDACTED'
    'Set-Cookie': 'REDACTED'
    'Date': 'Wed, 27 Aug 2025 05:40:06 GMT'
    'Content-Length': '1753'
[2025-08-27T05:40:06.989+0000] {_universal.py:510} INFO - Request URL: 'https://login.microsoftonline.com/9b617bf3-2377-4477-b5c4-396bb56461d6/oauth2/v2.0/token'
Request method: 'POST'
Request headers:
    'Accept': 'application/json'
    'x-client-sku': 'REDACTED'
    'x-client-ver': 'REDACTED'
    'x-client-os': 'REDACTED'
    'x-ms-lib-capability': 'REDACTED'
    'client-request-id': 'REDACTED'
    'x-client-current-telemetry': 'REDACTED'
    'x-client-last-telemetry': 'REDACTED'
    'User-Agent': 'azsdk-python-identity/1.17.1 Python/3.12.4 (Linux-5.15.0-139-generic-x86_64-with-glibc2.36)'
A body is sent with the request
[2025-08-27T05:40:07.090+0000] {_universal.py:549} INFO - Response status: 200
Response headers:
    'Cache-Control': 'no-store, no-cache'
    'Pragma': 'no-cache'
    'Content-Type': 'application/json; charset=utf-8'
    'Expires': '-1'
    'Strict-Transport-Security': 'REDACTED'
    'X-Content-Type-Options': 'REDACTED'
    'P3P': 'REDACTED'
    'client-request-id': 'REDACTED'
    'x-ms-request-id': '18a90b74-f3cf-49ed-93fd-678ddae92600'
    'x-ms-ests-server': 'REDACTED'
    'x-ms-clitelem': 'REDACTED'
    'x-ms-srs': 'REDACTED'
    'Content-Security-Policy-Report-Only': 'REDACTED'
    'X-XSS-Protection': 'REDACTED'
    'Set-Cookie': 'REDACTED'
    'Date': 'Wed, 27 Aug 2025 05:40:06 GMT'
    'Content-Length': '1793'
[2025-08-27T05:40:07.091+0000] {get_token_mixin.py:104} INFO - ClientSecretCredential.get_token succeeded
[2025-08-27T05:40:07.092+0000] {_universal.py:510} INFO - Request URL: 'https://management.azure.com/subscriptions/1c39c210-e3f2-4150-9318-db149d7bfec2/resourceGroups/data_platform/providers/Microsoft.DataFactory/factories/adf-data-platform/pipelines/silver_pipeline/createRun?api-version=REDACTED'
Request method: 'POST'
Request headers:
    'Content-Type': 'application/json'
    'Content-Length': '22'
    'Accept': 'application/json'
    'x-ms-client-request-id': '4981d30c-8308-11f0-818c-5e7fb597d82e'
    'User-Agent': 'azsdk-python-mgmt-datafactory/8.0.0 Python/3.12.4 (Linux-5.15.0-139-generic-x86_64-with-glibc2.36)'
    'Authorization': 'REDACTED'
A body is sent with the request
[2025-08-27T05:40:08.537+0000] {_universal.py:549} INFO - Response status: 200
Response headers:
    'Cache-Control': 'no-cache'
    'Pragma': 'no-cache'
    'Content-Length': '53'
    'Content-Type': 'application/json; charset=utf-8'
    'Expires': '-1'
    'x-ms-correlation-request-id': 'REDACTED'
    'x-ms-operation-identifier': 'REDACTED'
    'x-ms-ratelimit-remaining-subscription-writes': '199'
    'x-ms-ratelimit-remaining-subscription-global-writes': 'REDACTED'
    'x-ms-request-id': 'd9b21a38-f996-4245-982d-c1990c6496bf'
    'x-ms-routing-request-id': 'REDACTED'
    'Strict-Transport-Security': 'REDACTED'
    'X-Content-Type-Options': 'REDACTED'
    'X-Cache': 'REDACTED'
    'X-MSEdge-Ref': 'REDACTED'
    'Date': 'Wed, 27 Aug 2025 05:40:08 GMT'
[2025-08-27T05:40:08.567+0000] {data_factory.py:187} INFO - Waiting for pipeline run 4981d30c-8308-11f0-818c-5e7fb597d82e to terminate.
[2025-08-27T05:40:08.568+0000] {data_factory.py:806} INFO - Getting the status of run ID 4981d30c-8308-11f0-818c-5e7fb597d82e.
[2025-08-27T05:40:08.570+0000] {_universal.py:513} INFO - Request URL: 'https://management.azure.com/subscriptions/1c39c210-e3f2-4150-9318-db149d7bfec2/resourceGroups/data_platform/providers/Microsoft.DataFactory/factories/adf-data-platform/pipelineruns/4981d30c-8308-11f0-818c-5e7fb597d82e?api-version=REDACTED'
Request method: 'GET'
Request headers:
    'Accept': 'application/json'
    'x-ms-client-request-id': '4ac21ec0-8308-11f0-818c-5e7fb597d82e'
    'User-Agent': 'azsdk-python-mgmt-datafactory/8.0.0 Python/3.12.4 (Linux-5.15.0-139-generic-x86_64-with-glibc2.36)'
    'Authorization': 'REDACTED'
No body was attached to the request
[2025-08-27T05:40:08.924+0000] {_universal.py:549} INFO - Response status: 200
Response headers:
    'Cache-Control': 'no-cache'
    'Pragma': 'no-cache'
    'Content-Length': '810'
    'Content-Type': 'application/json; charset=utf-8'
    'Expires': '-1'
    'x-ms-correlation-request-id': 'REDACTED'
    'x-ms-operation-identifier': 'REDACTED'
    'x-ms-ratelimit-remaining-subscription-reads': '249'
    'x-ms-ratelimit-remaining-subscription-global-reads': 'REDACTED'
    'x-ms-request-id': '99cb553c-2e24-4331-8840-03ed37c17994'
    'x-ms-routing-request-id': 'REDACTED'
    'Strict-Transport-Security': 'REDACTED'
    'X-Content-Type-Options': 'REDACTED'
    'X-Cache': 'REDACTED'
    'X-MSEdge-Ref': 'REDACTED'
    'Date': 'Wed, 27 Aug 2025 05:40:08 GMT'
[2025-08-27T05:40:08.931+0000] {data_factory.py:808} INFO - Current status of pipeline run 4981d30c-8308-11f0-818c-5e7fb597d82e: Queued
[2025-08-27T05:41:08.932+0000] {data_factory.py:806} INFO - Getting the status of run ID 4981d30c-8308-11f0-818c-5e7fb597d82e.
[2025-08-27T05:41:08.934+0000] {_universal.py:513} INFO - Request URL: 'https://management.azure.com/subscriptions/1c39c210-e3f2-4150-9318-db149d7bfec2/resourceGroups/data_platform/providers/Microsoft.DataFactory/factories/adf-data-platform/pipelineruns/4981d30c-8308-11f0-818c-5e7fb597d82e?api-version=REDACTED'
Request method: 'GET'
Request headers:
    'Accept': 'application/json'
    'x-ms-client-request-id': '6ebcf020-8308-11f0-818c-5e7fb597d82e'
    'User-Agent': 'azsdk-python-mgmt-datafactory/8.0.0 Python/3.12.4 (Linux-5.15.0-139-generic-x86_64-with-glibc2.36)'
    'Authorization': 'REDACTED'
No body was attached to the request
[2025-08-27T05:41:09.210+0000] {_universal.py:549} INFO - Response status: 200
Response headers:
    'Cache-Control': 'no-cache'
    'Pragma': 'no-cache'
    'Content-Length': '812'
    'Content-Type': 'application/json; charset=utf-8'
    'Expires': '-1'
    'x-ms-correlation-request-id': 'REDACTED'
    'x-ms-operation-identifier': 'REDACTED'
    'x-ms-ratelimit-remaining-subscription-reads': '249'
    'x-ms-ratelimit-remaining-subscription-global-reads': 'REDACTED'
    'x-ms-request-id': 'e203d485-6b64-4f62-b307-fb31e394c19c'
    'x-ms-routing-request-id': 'REDACTED'
    'Strict-Transport-Security': 'REDACTED'
    'X-Content-Type-Options': 'REDACTED'
    'X-Cache': 'REDACTED'
    'X-MSEdge-Ref': 'REDACTED'
    'Date': 'Wed, 27 Aug 2025 05:41:08 GMT'
[2025-08-27T05:41:09.212+0000] {data_factory.py:808} INFO - Current status of pipeline run 4981d30c-8308-11f0-818c-5e7fb597d82e: InProgress
[2025-08-27T05:42:09.213+0000] {data_factory.py:806} INFO - Getting the status of run ID 4981d30c-8308-11f0-818c-5e7fb597d82e.
[2025-08-27T05:42:09.213+0000] {_universal.py:513} INFO - Request URL: 'https://management.azure.com/subscriptions/1c39c210-e3f2-4150-9318-db149d7bfec2/resourceGroups/data_platform/providers/Microsoft.DataFactory/factories/adf-data-platform/pipelineruns/4981d30c-8308-11f0-818c-5e7fb597d82e?api-version=REDACTED'
Request method: 'GET'
Request headers:
    'Accept': 'application/json'
    'x-ms-client-request-id': '92aaeb04-8308-11f0-818c-5e7fb597d82e'
    'User-Agent': 'azsdk-python-mgmt-datafactory/8.0.0 Python/3.12.4 (Linux-5.15.0-139-generic-x86_64-with-glibc2.36)'
    'Authorization': 'REDACTED'
No body was attached to the request
[2025-08-27T05:42:09.448+0000] {_universal.py:549} INFO - Response status: 200
Response headers:
    'Cache-Control': 'no-cache'
    'Pragma': 'no-cache'
    'Content-Length': '812'
    'Content-Type': 'application/json; charset=utf-8'
    'Expires': '-1'
    'x-ms-correlation-request-id': 'REDACTED'
    'x-ms-operation-identifier': 'REDACTED'
    'x-ms-ratelimit-remaining-subscription-reads': '249'
    'x-ms-ratelimit-remaining-subscription-global-reads': 'REDACTED'
    'x-ms-request-id': 'b5291f22-1e1d-4d8d-8906-5858ff4666b7'
    'x-ms-routing-request-id': 'REDACTED'
    'Strict-Transport-Security': 'REDACTED'
    'X-Content-Type-Options': 'REDACTED'
    'X-Cache': 'REDACTED'
    'X-MSEdge-Ref': 'REDACTED'
    'Date': 'Wed, 27 Aug 2025 05:42:09 GMT'
[2025-08-27T05:42:09.449+0000] {data_factory.py:808} INFO - Current status of pipeline run 4981d30c-8308-11f0-818c-5e7fb597d82e: InProgress
[2025-08-27T05:43:09.450+0000] {data_factory.py:806} INFO - Getting the status of run ID 4981d30c-8308-11f0-818c-5e7fb597d82e.
[2025-08-27T05:43:09.452+0000] {_universal.py:513} INFO - Request URL: 'https://management.azure.com/subscriptions/1c39c210-e3f2-4150-9318-db149d7bfec2/resourceGroups/data_platform/providers/Microsoft.DataFactory/factories/adf-data-platform/pipelineruns/4981d30c-8308-11f0-818c-5e7fb597d82e?api-version=REDACTED'
Request method: 'GET'
Request headers:
    'Accept': 'application/json'
    'x-ms-client-request-id': 'b6928a2c-8308-11f0-818c-5e7fb597d82e'
    'User-Agent': 'azsdk-python-mgmt-datafactory/8.0.0 Python/3.12.4 (Linux-5.15.0-139-generic-x86_64-with-glibc2.36)'
    'Authorization': 'REDACTED'
No body was attached to the request
[2025-08-27T05:43:09.814+0000] {_universal.py:549} INFO - Response status: 200
Response headers:
    'Cache-Control': 'no-cache'
    'Pragma': 'no-cache'
    'Content-Length': '812'
    'Content-Type': 'application/json; charset=utf-8'
    'Expires': '-1'
    'x-ms-correlation-request-id': 'REDACTED'
    'x-ms-operation-identifier': 'REDACTED'
    'x-ms-ratelimit-remaining-subscription-reads': '249'
    'x-ms-ratelimit-remaining-subscription-global-reads': 'REDACTED'
    'x-ms-request-id': '68676f81-b8ea-4319-a5ea-02c991bde232'
    'x-ms-routing-request-id': 'REDACTED'
    'Strict-Transport-Security': 'REDACTED'
    'X-Content-Type-Options': 'REDACTED'
    'X-Cache': 'REDACTED'
    'X-MSEdge-Ref': 'REDACTED'
    'Date': 'Wed, 27 Aug 2025 05:43:09 GMT'
[2025-08-27T05:43:09.815+0000] {data_factory.py:808} INFO - Current status of pipeline run 4981d30c-8308-11f0-818c-5e7fb597d82e: InProgress
[2025-08-27T05:44:09.816+0000] {data_factory.py:806} INFO - Getting the status of run ID 4981d30c-8308-11f0-818c-5e7fb597d82e.
[2025-08-27T05:44:09.818+0000] {_universal.py:513} INFO - Request URL: 'https://management.azure.com/subscriptions/1c39c210-e3f2-4150-9318-db149d7bfec2/resourceGroups/data_platform/providers/Microsoft.DataFactory/factories/adf-data-platform/pipelineruns/4981d30c-8308-11f0-818c-5e7fb597d82e?api-version=REDACTED'
Request method: 'GET'
Request headers:
    'Accept': 'application/json'
    'x-ms-client-request-id': 'da8da7a4-8308-11f0-818c-5e7fb597d82e'
    'User-Agent': 'azsdk-python-mgmt-datafactory/8.0.0 Python/3.12.4 (Linux-5.15.0-139-generic-x86_64-with-glibc2.36)'
    'Authorization': 'REDACTED'
No body was attached to the request
[2025-08-27T05:44:10.140+0000] {_universal.py:549} INFO - Response status: 200
Response headers:
    'Cache-Control': 'no-cache'
    'Pragma': 'no-cache'
    'Content-Length': '812'
    'Content-Type': 'application/json; charset=utf-8'
    'Expires': '-1'
    'x-ms-correlation-request-id': 'REDACTED'
    'x-ms-operation-identifier': 'REDACTED'
    'x-ms-ratelimit-remaining-subscription-reads': '249'
    'x-ms-ratelimit-remaining-subscription-global-reads': 'REDACTED'
    'x-ms-request-id': '375cc241-2c4b-43a7-9f97-0b95e2ba55d8'
    'x-ms-routing-request-id': 'REDACTED'
    'Strict-Transport-Security': 'REDACTED'
    'X-Content-Type-Options': 'REDACTED'
    'X-Cache': 'REDACTED'
    'X-MSEdge-Ref': 'REDACTED'
    'Date': 'Wed, 27 Aug 2025 05:44:09 GMT'
[2025-08-27T05:44:10.141+0000] {data_factory.py:808} INFO - Current status of pipeline run 4981d30c-8308-11f0-818c-5e7fb597d82e: InProgress
[2025-08-27T05:45:10.142+0000] {data_factory.py:806} INFO - Getting the status of run ID 4981d30c-8308-11f0-818c-5e7fb597d82e.
[2025-08-27T05:45:10.143+0000] {_universal.py:513} INFO - Request URL: 'https://management.azure.com/subscriptions/1c39c210-e3f2-4150-9318-db149d7bfec2/resourceGroups/data_platform/providers/Microsoft.DataFactory/factories/adf-data-platform/pipelineruns/4981d30c-8308-11f0-818c-5e7fb597d82e?api-version=REDACTED'
Request method: 'GET'
Request headers:
    'Accept': 'application/json'
    'x-ms-client-request-id': 'fe828706-8308-11f0-818c-5e7fb597d82e'
    'User-Agent': 'azsdk-python-mgmt-datafactory/8.0.0 Python/3.12.4 (Linux-5.15.0-139-generic-x86_64-with-glibc2.36)'
    'Authorization': 'REDACTED'
No body was attached to the request
[2025-08-27T05:45:10.499+0000] {_universal.py:549} INFO - Response status: 200
Response headers:
    'Cache-Control': 'no-cache'
    'Pragma': 'no-cache'
    'Content-Length': '812'
    'Content-Type': 'application/json; charset=utf-8'
    'Expires': '-1'
    'x-ms-correlation-request-id': 'REDACTED'
    'x-ms-operation-identifier': 'REDACTED'
    'x-ms-ratelimit-remaining-subscription-reads': '249'
    'x-ms-ratelimit-remaining-subscription-global-reads': 'REDACTED'
    'x-ms-request-id': '706faa63-1aef-436c-8644-0fe349ddf865'
    'x-ms-routing-request-id': 'REDACTED'
    'Strict-Transport-Security': 'REDACTED'
    'X-Content-Type-Options': 'REDACTED'
    'X-Cache': 'REDACTED'
    'X-MSEdge-Ref': 'REDACTED'
    'Date': 'Wed, 27 Aug 2025 05:45:10 GMT'
[2025-08-27T05:45:10.500+0000] {data_factory.py:808} INFO - Current status of pipeline run 4981d30c-8308-11f0-818c-5e7fb597d82e: InProgress
[2025-08-27T05:46:10.503+0000] {data_factory.py:806} INFO - Getting the status of run ID 4981d30c-8308-11f0-818c-5e7fb597d82e.
[2025-08-27T05:46:10.505+0000] {_universal.py:513} INFO - Request URL: 'https://management.azure.com/subscriptions/1c39c210-e3f2-4150-9318-db149d7bfec2/resourceGroups/data_platform/providers/Microsoft.DataFactory/factories/adf-data-platform/pipelineruns/4981d30c-8308-11f0-818c-5e7fb597d82e?api-version=REDACTED'
Request method: 'GET'
Request headers:
    'Accept': 'application/json'
    'x-ms-client-request-id': '227ceaac-8309-11f0-818c-5e7fb597d82e'
    'User-Agent': 'azsdk-python-mgmt-datafactory/8.0.0 Python/3.12.4 (Linux-5.15.0-139-generic-x86_64-with-glibc2.36)'
    'Authorization': 'REDACTED'
No body was attached to the request
[2025-08-27T05:46:10.793+0000] {_universal.py:549} INFO - Response status: 200
Response headers:
    'Cache-Control': 'no-cache'
    'Pragma': 'no-cache'
    'Content-Length': '812'
    'Content-Type': 'application/json; charset=utf-8'
    'Expires': '-1'
    'x-ms-correlation-request-id': 'REDACTED'
    'x-ms-operation-identifier': 'REDACTED'
    'x-ms-ratelimit-remaining-subscription-reads': '249'
    'x-ms-ratelimit-remaining-subscription-global-reads': 'REDACTED'
    'x-ms-request-id': 'b986f495-5541-44a0-9659-6ebcf449ce8c'
    'x-ms-routing-request-id': 'REDACTED'
    'Strict-Transport-Security': 'REDACTED'
    'X-Content-Type-Options': 'REDACTED'
    'X-Cache': 'REDACTED'
    'X-MSEdge-Ref': 'REDACTED'
    'Date': 'Wed, 27 Aug 2025 05:46:10 GMT'
[2025-08-27T05:46:10.795+0000] {data_factory.py:808} INFO - Current status of pipeline run 4981d30c-8308-11f0-818c-5e7fb597d82e: InProgress
[2025-08-27T05:47:10.796+0000] {data_factory.py:806} INFO - Getting the status of run ID 4981d30c-8308-11f0-818c-5e7fb597d82e.
[2025-08-27T05:47:10.797+0000] {_universal.py:513} INFO - Request URL: 'https://management.azure.com/subscriptions/1c39c210-e3f2-4150-9318-db149d7bfec2/resourceGroups/data_platform/providers/Microsoft.DataFactory/factories/adf-data-platform/pipelineruns/4981d30c-8308-11f0-818c-5e7fb597d82e?api-version=REDACTED'
Request method: 'GET'
Request headers:
    'Accept': 'application/json'
    'x-ms-client-request-id': '466cdeae-8309-11f0-818c-5e7fb597d82e'
    'User-Agent': 'azsdk-python-mgmt-datafactory/8.0.0 Python/3.12.4 (Linux-5.15.0-139-generic-x86_64-with-glibc2.36)'
    'Authorization': 'REDACTED'
No body was attached to the request
[2025-08-27T05:47:11.094+0000] {_universal.py:549} INFO - Response status: 200
Response headers:
    'Cache-Control': 'no-cache'
    'Pragma': 'no-cache'
    'Content-Length': '812'
    'Content-Type': 'application/json; charset=utf-8'
    'Expires': '-1'
    'x-ms-correlation-request-id': 'REDACTED'
    'x-ms-operation-identifier': 'REDACTED'
    'x-ms-ratelimit-remaining-subscription-reads': '249'
    'x-ms-ratelimit-remaining-subscription-global-reads': 'REDACTED'
    'x-ms-request-id': '602e3281-c531-4f63-a575-5470548723b5'
    'x-ms-routing-request-id': 'REDACTED'
    'Strict-Transport-Security': 'REDACTED'
    'X-Content-Type-Options': 'REDACTED'
    'X-Cache': 'REDACTED'
    'X-MSEdge-Ref': 'REDACTED'
    'Date': 'Wed, 27 Aug 2025 05:47:10 GMT'
[2025-08-27T05:47:11.095+0000] {data_factory.py:808} INFO - Current status of pipeline run 4981d30c-8308-11f0-818c-5e7fb597d82e: InProgress
[2025-08-27T05:48:11.095+0000] {data_factory.py:806} INFO - Getting the status of run ID 4981d30c-8308-11f0-818c-5e7fb597d82e.
[2025-08-27T05:48:11.096+0000] {_universal.py:513} INFO - Request URL: 'https://management.azure.com/subscriptions/1c39c210-e3f2-4150-9318-db149d7bfec2/resourceGroups/data_platform/providers/Microsoft.DataFactory/factories/adf-data-platform/pipelineruns/4981d30c-8308-11f0-818c-5e7fb597d82e?api-version=REDACTED'
Request method: 'GET'
Request headers:
    'Accept': 'application/json'
    'x-ms-client-request-id': '6a5dd642-8309-11f0-818c-5e7fb597d82e'
    'User-Agent': 'azsdk-python-mgmt-datafactory/8.0.0 Python/3.12.4 (Linux-5.15.0-139-generic-x86_64-with-glibc2.36)'
    'Authorization': 'REDACTED'
No body was attached to the request
[2025-08-27T05:48:11.556+0000] {_universal.py:549} INFO - Response status: 200
Response headers:
    'Cache-Control': 'no-cache'
    'Pragma': 'no-cache'
    'Content-Length': '812'
    'Content-Type': 'application/json; charset=utf-8'
    'Expires': '-1'
    'x-ms-correlation-request-id': 'REDACTED'
    'x-ms-operation-identifier': 'REDACTED'
    'x-ms-ratelimit-remaining-subscription-reads': '249'
    'x-ms-ratelimit-remaining-subscription-global-reads': 'REDACTED'
    'x-ms-request-id': '330189e9-8d1b-4b00-8b9d-1d3f75615a05'
    'x-ms-routing-request-id': 'REDACTED'
    'Strict-Transport-Security': 'REDACTED'
    'X-Content-Type-Options': 'REDACTED'
    'X-Cache': 'REDACTED'
    'X-MSEdge-Ref': 'REDACTED'
    'Date': 'Wed, 27 Aug 2025 05:48:11 GMT'
[2025-08-27T05:48:11.558+0000] {data_factory.py:808} INFO - Current status of pipeline run 4981d30c-8308-11f0-818c-5e7fb597d82e: InProgress
[2025-08-27T05:49:11.558+0000] {data_factory.py:806} INFO - Getting the status of run ID 4981d30c-8308-11f0-818c-5e7fb597d82e.
[2025-08-27T05:49:11.559+0000] {_universal.py:513} INFO - Request URL: 'https://management.azure.com/subscriptions/1c39c210-e3f2-4150-9318-db149d7bfec2/resourceGroups/data_platform/providers/Microsoft.DataFactory/factories/adf-data-platform/pipelineruns/4981d30c-8308-11f0-818c-5e7fb597d82e?api-version=REDACTED'
Request method: 'GET'
Request headers:
    'Accept': 'application/json'
    'x-ms-client-request-id': '8e67c9b2-8309-11f0-818c-5e7fb597d82e'
    'User-Agent': 'azsdk-python-mgmt-datafactory/8.0.0 Python/3.12.4 (Linux-5.15.0-139-generic-x86_64-with-glibc2.36)'
    'Authorization': 'REDACTED'
No body was attached to the request
[2025-08-27T05:49:11.769+0000] {_universal.py:549} INFO - Response status: 200
Response headers:
    'Cache-Control': 'no-cache'
    'Pragma': 'no-cache'
    'Content-Length': '836'
    'Content-Type': 'application/json; charset=utf-8'
    'Expires': '-1'
    'x-ms-correlation-request-id': 'REDACTED'
    'x-ms-operation-identifier': 'REDACTED'
    'x-ms-ratelimit-remaining-subscription-reads': '249'
    'x-ms-ratelimit-remaining-subscription-global-reads': 'REDACTED'
    'x-ms-request-id': 'a204d960-8cb8-4343-80bb-2f3aa37801be'
    'x-ms-routing-request-id': 'REDACTED'
    'Strict-Transport-Security': 'REDACTED'
    'X-Content-Type-Options': 'REDACTED'
    'X-Cache': 'REDACTED'
    'X-MSEdge-Ref': 'REDACTED'
    'Date': 'Wed, 27 Aug 2025 05:49:11 GMT'
[2025-08-27T05:49:11.770+0000] {data_factory.py:808} INFO - Current status of pipeline run 4981d30c-8308-11f0-818c-5e7fb597d82e: Succeeded
[2025-08-27T05:49:11.770+0000] {data_factory.py:197} INFO - Pipeline run 4981d30c-8308-11f0-818c-5e7fb597d82e has completed successfully.
[2025-08-27T05:49:11.770+0000] {taskinstance.py:441} INFO - ::group::Post task execution logs
[2025-08-27T05:49:11.779+0000] {taskinstance.py:1206} INFO - Marking task as SUCCESS. dag_id=silver_adf_trigger_gold, task_id=trigger_silver_pipeline, run_id=scheduled__2025-08-26T05:40:00+00:00, execution_date=20250826T054000, start_date=20250827T054005, end_date=20250827T054911
[2025-08-27T05:49:11.850+0000] {local_task_job_runner.py:243} INFO - Task exited with return code 0
[2025-08-27T05:49:11.873+0000] {taskinstance.py:3503} INFO - 1 downstream tasks scheduled from follow-on schedule check
[2025-08-27T05:49:11.881+0000] {local_task_job_runner.py:222} INFO - ::endgroup::
