[2025-08-27T05:27:09.715+0000] {processor.py:161} INFO - Started process (PID=67) to work on /opt/airflow/dags/data_factory_pipeline.py
[2025-08-27T05:27:09.715+0000] {processor.py:830} INFO - Processing file /opt/airflow/dags/data_factory_pipeline.py for tasks to queue
[2025-08-27T05:27:09.717+0000] {logging_mixin.py:188} INFO - [2025-08-27T05:27:09.716+0000] {dagbag.py:545} INFO - Filling up the DagBag from /opt/airflow/dags/data_factory_pipeline.py
[2025-08-27T05:27:09.753+0000] {processor.py:840} INFO - DAG(s) 'silver_adf_trigger_gold' retrieved from /opt/airflow/dags/data_factory_pipeline.py
[2025-08-27T05:27:10.043+0000] {logging_mixin.py:188} INFO - [2025-08-27T05:27:10.043+0000] {dag.py:3089} INFO - Sync 1 DAGs
[2025-08-27T05:27:10.075+0000] {logging_mixin.py:188} INFO - [2025-08-27T05:27:10.075+0000] {dag.py:3947} INFO - Setting next_dagrun for silver_adf_trigger_gold to 2025-08-26 05:40:00+00:00, run_after=2025-08-27 05:40:00+00:00
[2025-08-27T05:27:10.147+0000] {processor.py:183} INFO - Processing /opt/airflow/dags/data_factory_pipeline.py took 0.438 seconds
[2025-08-27T05:27:40.368+0000] {processor.py:161} INFO - Started process (PID=89) to work on /opt/airflow/dags/data_factory_pipeline.py
[2025-08-27T05:27:40.369+0000] {processor.py:830} INFO - Processing file /opt/airflow/dags/data_factory_pipeline.py for tasks to queue
[2025-08-27T05:27:40.370+0000] {logging_mixin.py:188} INFO - [2025-08-27T05:27:40.370+0000] {dagbag.py:545} INFO - Filling up the DagBag from /opt/airflow/dags/data_factory_pipeline.py
[2025-08-27T05:27:40.402+0000] {processor.py:840} INFO - DAG(s) 'silver_adf_trigger_gold' retrieved from /opt/airflow/dags/data_factory_pipeline.py
[2025-08-27T05:27:40.422+0000] {logging_mixin.py:188} INFO - [2025-08-27T05:27:40.421+0000] {dag.py:3089} INFO - Sync 1 DAGs
[2025-08-27T05:27:40.459+0000] {logging_mixin.py:188} INFO - [2025-08-27T05:27:40.459+0000] {dag.py:3947} INFO - Setting next_dagrun for silver_adf_trigger_gold to 2025-08-26 05:40:00+00:00, run_after=2025-08-27 05:40:00+00:00
[2025-08-27T05:27:40.499+0000] {processor.py:183} INFO - Processing /opt/airflow/dags/data_factory_pipeline.py took 0.138 seconds
[2025-08-27T05:28:02.231+0000] {processor.py:161} INFO - Started process (PID=24) to work on /opt/airflow/dags/data_factory_pipeline.py
[2025-08-27T05:28:02.245+0000] {processor.py:830} INFO - Processing file /opt/airflow/dags/data_factory_pipeline.py for tasks to queue
[2025-08-27T05:28:02.247+0000] {logging_mixin.py:188} INFO - [2025-08-27T05:28:02.246+0000] {dagbag.py:545} INFO - Filling up the DagBag from /opt/airflow/dags/data_factory_pipeline.py
[2025-08-27T05:28:02.283+0000] {processor.py:840} INFO - DAG(s) 'silver_adf_trigger_gold' retrieved from /opt/airflow/dags/data_factory_pipeline.py
[2025-08-27T05:28:02.322+0000] {logging_mixin.py:188} INFO - [2025-08-27T05:28:02.321+0000] {dag.py:3089} INFO - Sync 1 DAGs
[2025-08-27T05:28:02.352+0000] {logging_mixin.py:188} INFO - [2025-08-27T05:28:02.352+0000] {dag.py:3947} INFO - Setting next_dagrun for silver_adf_trigger_gold to 2025-08-26 05:40:00+00:00, run_after=2025-08-27 05:40:00+00:00
[2025-08-27T05:28:02.394+0000] {processor.py:183} INFO - Processing /opt/airflow/dags/data_factory_pipeline.py took 0.177 seconds
[2025-08-27T05:28:32.613+0000] {processor.py:161} INFO - Started process (PID=39) to work on /opt/airflow/dags/data_factory_pipeline.py
[2025-08-27T05:28:32.614+0000] {processor.py:830} INFO - Processing file /opt/airflow/dags/data_factory_pipeline.py for tasks to queue
[2025-08-27T05:28:32.615+0000] {logging_mixin.py:188} INFO - [2025-08-27T05:28:32.615+0000] {dagbag.py:545} INFO - Filling up the DagBag from /opt/airflow/dags/data_factory_pipeline.py
[2025-08-27T05:28:32.651+0000] {processor.py:840} INFO - DAG(s) 'silver_adf_trigger_gold' retrieved from /opt/airflow/dags/data_factory_pipeline.py
[2025-08-27T05:28:32.674+0000] {logging_mixin.py:188} INFO - [2025-08-27T05:28:32.674+0000] {dag.py:3089} INFO - Sync 1 DAGs
[2025-08-27T05:28:32.711+0000] {logging_mixin.py:188} INFO - [2025-08-27T05:28:32.711+0000] {dag.py:3947} INFO - Setting next_dagrun for silver_adf_trigger_gold to 2025-08-26 05:40:00+00:00, run_after=2025-08-27 05:40:00+00:00
[2025-08-27T05:28:32.758+0000] {processor.py:183} INFO - Processing /opt/airflow/dags/data_factory_pipeline.py took 0.153 seconds
[2025-08-27T05:29:02.918+0000] {processor.py:161} INFO - Started process (PID=54) to work on /opt/airflow/dags/data_factory_pipeline.py
[2025-08-27T05:29:02.925+0000] {processor.py:830} INFO - Processing file /opt/airflow/dags/data_factory_pipeline.py for tasks to queue
[2025-08-27T05:29:02.926+0000] {logging_mixin.py:188} INFO - [2025-08-27T05:29:02.925+0000] {dagbag.py:545} INFO - Filling up the DagBag from /opt/airflow/dags/data_factory_pipeline.py
[2025-08-27T05:29:02.964+0000] {processor.py:840} INFO - DAG(s) 'silver_adf_trigger_gold' retrieved from /opt/airflow/dags/data_factory_pipeline.py
[2025-08-27T05:29:02.986+0000] {logging_mixin.py:188} INFO - [2025-08-27T05:29:02.985+0000] {dag.py:3089} INFO - Sync 1 DAGs
[2025-08-27T05:29:03.025+0000] {logging_mixin.py:188} INFO - [2025-08-27T05:29:03.025+0000] {dag.py:3947} INFO - Setting next_dagrun for silver_adf_trigger_gold to 2025-08-26 05:40:00+00:00, run_after=2025-08-27 05:40:00+00:00
[2025-08-27T05:29:03.063+0000] {processor.py:183} INFO - Processing /opt/airflow/dags/data_factory_pipeline.py took 0.154 seconds
[2025-08-27T05:29:33.288+0000] {processor.py:161} INFO - Started process (PID=76) to work on /opt/airflow/dags/data_factory_pipeline.py
[2025-08-27T05:29:33.304+0000] {processor.py:830} INFO - Processing file /opt/airflow/dags/data_factory_pipeline.py for tasks to queue
[2025-08-27T05:29:33.306+0000] {logging_mixin.py:188} INFO - [2025-08-27T05:29:33.305+0000] {dagbag.py:545} INFO - Filling up the DagBag from /opt/airflow/dags/data_factory_pipeline.py
[2025-08-27T05:29:33.349+0000] {processor.py:840} INFO - DAG(s) 'silver_adf_trigger_gold' retrieved from /opt/airflow/dags/data_factory_pipeline.py
[2025-08-27T05:29:33.384+0000] {logging_mixin.py:188} INFO - [2025-08-27T05:29:33.383+0000] {dag.py:3089} INFO - Sync 1 DAGs
[2025-08-27T05:29:33.434+0000] {logging_mixin.py:188} INFO - [2025-08-27T05:29:33.434+0000] {dag.py:3947} INFO - Setting next_dagrun for silver_adf_trigger_gold to 2025-08-26 05:40:00+00:00, run_after=2025-08-27 05:40:00+00:00
[2025-08-27T05:29:33.482+0000] {processor.py:183} INFO - Processing /opt/airflow/dags/data_factory_pipeline.py took 0.204 seconds
[2025-08-27T05:30:03.565+0000] {processor.py:161} INFO - Started process (PID=92) to work on /opt/airflow/dags/data_factory_pipeline.py
[2025-08-27T05:30:03.566+0000] {processor.py:830} INFO - Processing file /opt/airflow/dags/data_factory_pipeline.py for tasks to queue
[2025-08-27T05:30:03.567+0000] {logging_mixin.py:188} INFO - [2025-08-27T05:30:03.567+0000] {dagbag.py:545} INFO - Filling up the DagBag from /opt/airflow/dags/data_factory_pipeline.py
[2025-08-27T05:30:03.601+0000] {processor.py:840} INFO - DAG(s) 'silver_adf_trigger_gold' retrieved from /opt/airflow/dags/data_factory_pipeline.py
[2025-08-27T05:30:03.618+0000] {logging_mixin.py:188} INFO - [2025-08-27T05:30:03.618+0000] {dag.py:3089} INFO - Sync 1 DAGs
[2025-08-27T05:30:03.648+0000] {logging_mixin.py:188} INFO - [2025-08-27T05:30:03.648+0000] {dag.py:3947} INFO - Setting next_dagrun for silver_adf_trigger_gold to 2025-08-26 05:40:00+00:00, run_after=2025-08-27 05:40:00+00:00
[2025-08-27T05:30:03.675+0000] {processor.py:183} INFO - Processing /opt/airflow/dags/data_factory_pipeline.py took 0.116 seconds
[2025-08-27T05:30:33.994+0000] {processor.py:161} INFO - Started process (PID=107) to work on /opt/airflow/dags/data_factory_pipeline.py
[2025-08-27T05:30:34.007+0000] {processor.py:830} INFO - Processing file /opt/airflow/dags/data_factory_pipeline.py for tasks to queue
[2025-08-27T05:30:34.008+0000] {logging_mixin.py:188} INFO - [2025-08-27T05:30:34.007+0000] {dagbag.py:545} INFO - Filling up the DagBag from /opt/airflow/dags/data_factory_pipeline.py
[2025-08-27T05:30:34.041+0000] {processor.py:840} INFO - DAG(s) 'silver_adf_trigger_gold' retrieved from /opt/airflow/dags/data_factory_pipeline.py
[2025-08-27T05:30:34.060+0000] {logging_mixin.py:188} INFO - [2025-08-27T05:30:34.059+0000] {dag.py:3089} INFO - Sync 1 DAGs
[2025-08-27T05:30:34.091+0000] {logging_mixin.py:188} INFO - [2025-08-27T05:30:34.090+0000] {dag.py:3947} INFO - Setting next_dagrun for silver_adf_trigger_gold to 2025-08-26 05:40:00+00:00, run_after=2025-08-27 05:40:00+00:00
[2025-08-27T05:30:34.142+0000] {processor.py:183} INFO - Processing /opt/airflow/dags/data_factory_pipeline.py took 0.156 seconds
[2025-08-27T05:31:04.387+0000] {processor.py:161} INFO - Started process (PID=123) to work on /opt/airflow/dags/data_factory_pipeline.py
[2025-08-27T05:31:04.402+0000] {processor.py:830} INFO - Processing file /opt/airflow/dags/data_factory_pipeline.py for tasks to queue
[2025-08-27T05:31:04.403+0000] {logging_mixin.py:188} INFO - [2025-08-27T05:31:04.402+0000] {dagbag.py:545} INFO - Filling up the DagBag from /opt/airflow/dags/data_factory_pipeline.py
[2025-08-27T05:31:04.436+0000] {processor.py:840} INFO - DAG(s) 'silver_adf_trigger_gold' retrieved from /opt/airflow/dags/data_factory_pipeline.py
[2025-08-27T05:31:04.453+0000] {logging_mixin.py:188} INFO - [2025-08-27T05:31:04.453+0000] {dag.py:3089} INFO - Sync 1 DAGs
[2025-08-27T05:31:04.485+0000] {logging_mixin.py:188} INFO - [2025-08-27T05:31:04.484+0000] {dag.py:3947} INFO - Setting next_dagrun for silver_adf_trigger_gold to 2025-08-26 05:40:00+00:00, run_after=2025-08-27 05:40:00+00:00
[2025-08-27T05:31:04.520+0000] {processor.py:183} INFO - Processing /opt/airflow/dags/data_factory_pipeline.py took 0.140 seconds
[2025-08-27T05:31:34.748+0000] {processor.py:161} INFO - Started process (PID=138) to work on /opt/airflow/dags/data_factory_pipeline.py
[2025-08-27T05:31:34.749+0000] {processor.py:830} INFO - Processing file /opt/airflow/dags/data_factory_pipeline.py for tasks to queue
[2025-08-27T05:31:34.750+0000] {logging_mixin.py:188} INFO - [2025-08-27T05:31:34.749+0000] {dagbag.py:545} INFO - Filling up the DagBag from /opt/airflow/dags/data_factory_pipeline.py
[2025-08-27T05:31:34.794+0000] {processor.py:840} INFO - DAG(s) 'silver_adf_trigger_gold' retrieved from /opt/airflow/dags/data_factory_pipeline.py
[2025-08-27T05:31:34.816+0000] {logging_mixin.py:188} INFO - [2025-08-27T05:31:34.815+0000] {dag.py:3089} INFO - Sync 1 DAGs
[2025-08-27T05:31:34.855+0000] {logging_mixin.py:188} INFO - [2025-08-27T05:31:34.855+0000] {dag.py:3947} INFO - Setting next_dagrun for silver_adf_trigger_gold to 2025-08-26 05:40:00+00:00, run_after=2025-08-27 05:40:00+00:00
[2025-08-27T05:31:34.901+0000] {processor.py:183} INFO - Processing /opt/airflow/dags/data_factory_pipeline.py took 0.166 seconds
[2025-08-27T05:32:05.071+0000] {processor.py:161} INFO - Started process (PID=153) to work on /opt/airflow/dags/data_factory_pipeline.py
[2025-08-27T05:32:05.094+0000] {processor.py:830} INFO - Processing file /opt/airflow/dags/data_factory_pipeline.py for tasks to queue
[2025-08-27T05:32:05.095+0000] {logging_mixin.py:188} INFO - [2025-08-27T05:32:05.094+0000] {dagbag.py:545} INFO - Filling up the DagBag from /opt/airflow/dags/data_factory_pipeline.py
[2025-08-27T05:32:05.131+0000] {processor.py:840} INFO - DAG(s) 'silver_adf_trigger_gold' retrieved from /opt/airflow/dags/data_factory_pipeline.py
[2025-08-27T05:32:05.150+0000] {logging_mixin.py:188} INFO - [2025-08-27T05:32:05.150+0000] {dag.py:3089} INFO - Sync 1 DAGs
[2025-08-27T05:32:05.182+0000] {logging_mixin.py:188} INFO - [2025-08-27T05:32:05.181+0000] {dag.py:3947} INFO - Setting next_dagrun for silver_adf_trigger_gold to 2025-08-26 05:40:00+00:00, run_after=2025-08-27 05:40:00+00:00
[2025-08-27T05:32:05.224+0000] {processor.py:183} INFO - Processing /opt/airflow/dags/data_factory_pipeline.py took 0.162 seconds
[2025-08-27T05:32:35.526+0000] {processor.py:161} INFO - Started process (PID=168) to work on /opt/airflow/dags/data_factory_pipeline.py
[2025-08-27T05:32:35.528+0000] {processor.py:830} INFO - Processing file /opt/airflow/dags/data_factory_pipeline.py for tasks to queue
[2025-08-27T05:32:35.529+0000] {logging_mixin.py:188} INFO - [2025-08-27T05:32:35.529+0000] {dagbag.py:545} INFO - Filling up the DagBag from /opt/airflow/dags/data_factory_pipeline.py
[2025-08-27T05:32:35.576+0000] {processor.py:840} INFO - DAG(s) 'silver_adf_trigger_gold' retrieved from /opt/airflow/dags/data_factory_pipeline.py
[2025-08-27T05:32:35.610+0000] {logging_mixin.py:188} INFO - [2025-08-27T05:32:35.610+0000] {dag.py:3089} INFO - Sync 1 DAGs
[2025-08-27T05:32:35.656+0000] {logging_mixin.py:188} INFO - [2025-08-27T05:32:35.656+0000] {dag.py:3947} INFO - Setting next_dagrun for silver_adf_trigger_gold to 2025-08-26 05:40:00+00:00, run_after=2025-08-27 05:40:00+00:00
[2025-08-27T05:32:35.711+0000] {processor.py:183} INFO - Processing /opt/airflow/dags/data_factory_pipeline.py took 0.198 seconds
[2025-08-27T05:33:05.903+0000] {processor.py:161} INFO - Started process (PID=183) to work on /opt/airflow/dags/data_factory_pipeline.py
[2025-08-27T05:33:05.904+0000] {processor.py:830} INFO - Processing file /opt/airflow/dags/data_factory_pipeline.py for tasks to queue
[2025-08-27T05:33:05.904+0000] {logging_mixin.py:188} INFO - [2025-08-27T05:33:05.904+0000] {dagbag.py:545} INFO - Filling up the DagBag from /opt/airflow/dags/data_factory_pipeline.py
[2025-08-27T05:33:05.957+0000] {processor.py:840} INFO - DAG(s) 'silver_adf_trigger_gold' retrieved from /opt/airflow/dags/data_factory_pipeline.py
[2025-08-27T05:33:05.999+0000] {logging_mixin.py:188} INFO - [2025-08-27T05:33:05.999+0000] {dag.py:3089} INFO - Sync 1 DAGs
[2025-08-27T05:33:06.053+0000] {logging_mixin.py:188} INFO - [2025-08-27T05:33:06.052+0000] {dag.py:3947} INFO - Setting next_dagrun for silver_adf_trigger_gold to 2025-08-26 05:40:00+00:00, run_after=2025-08-27 05:40:00+00:00
[2025-08-27T05:33:06.104+0000] {processor.py:183} INFO - Processing /opt/airflow/dags/data_factory_pipeline.py took 0.211 seconds
[2025-08-27T05:33:36.370+0000] {processor.py:161} INFO - Started process (PID=199) to work on /opt/airflow/dags/data_factory_pipeline.py
[2025-08-27T05:33:36.377+0000] {processor.py:830} INFO - Processing file /opt/airflow/dags/data_factory_pipeline.py for tasks to queue
[2025-08-27T05:33:36.379+0000] {logging_mixin.py:188} INFO - [2025-08-27T05:33:36.378+0000] {dagbag.py:545} INFO - Filling up the DagBag from /opt/airflow/dags/data_factory_pipeline.py
[2025-08-27T05:33:36.436+0000] {processor.py:840} INFO - DAG(s) 'silver_adf_trigger_gold' retrieved from /opt/airflow/dags/data_factory_pipeline.py
[2025-08-27T05:33:36.503+0000] {logging_mixin.py:188} INFO - [2025-08-27T05:33:36.503+0000] {dag.py:3089} INFO - Sync 1 DAGs
[2025-08-27T05:33:36.555+0000] {logging_mixin.py:188} INFO - [2025-08-27T05:33:36.554+0000] {dag.py:3947} INFO - Setting next_dagrun for silver_adf_trigger_gold to 2025-08-26 05:40:00+00:00, run_after=2025-08-27 05:40:00+00:00
[2025-08-27T05:33:36.610+0000] {processor.py:183} INFO - Processing /opt/airflow/dags/data_factory_pipeline.py took 0.269 seconds
[2025-08-27T05:34:06.857+0000] {processor.py:161} INFO - Started process (PID=214) to work on /opt/airflow/dags/data_factory_pipeline.py
[2025-08-27T05:34:06.858+0000] {processor.py:830} INFO - Processing file /opt/airflow/dags/data_factory_pipeline.py for tasks to queue
[2025-08-27T05:34:06.863+0000] {logging_mixin.py:188} INFO - [2025-08-27T05:34:06.862+0000] {dagbag.py:545} INFO - Filling up the DagBag from /opt/airflow/dags/data_factory_pipeline.py
[2025-08-27T05:34:06.924+0000] {processor.py:840} INFO - DAG(s) 'silver_adf_trigger_gold' retrieved from /opt/airflow/dags/data_factory_pipeline.py
[2025-08-27T05:34:06.954+0000] {logging_mixin.py:188} INFO - [2025-08-27T05:34:06.954+0000] {dag.py:3089} INFO - Sync 1 DAGs
[2025-08-27T05:34:07.005+0000] {logging_mixin.py:188} INFO - [2025-08-27T05:34:07.005+0000] {dag.py:3947} INFO - Setting next_dagrun for silver_adf_trigger_gold to 2025-08-26 05:40:00+00:00, run_after=2025-08-27 05:40:00+00:00
[2025-08-27T05:34:07.066+0000] {processor.py:183} INFO - Processing /opt/airflow/dags/data_factory_pipeline.py took 0.231 seconds
[2025-08-27T05:34:37.454+0000] {processor.py:161} INFO - Started process (PID=229) to work on /opt/airflow/dags/data_factory_pipeline.py
[2025-08-27T05:34:37.469+0000] {processor.py:830} INFO - Processing file /opt/airflow/dags/data_factory_pipeline.py for tasks to queue
[2025-08-27T05:34:37.471+0000] {logging_mixin.py:188} INFO - [2025-08-27T05:34:37.470+0000] {dagbag.py:545} INFO - Filling up the DagBag from /opt/airflow/dags/data_factory_pipeline.py
[2025-08-27T05:34:37.534+0000] {processor.py:840} INFO - DAG(s) 'silver_adf_trigger_gold' retrieved from /opt/airflow/dags/data_factory_pipeline.py
[2025-08-27T05:34:37.561+0000] {logging_mixin.py:188} INFO - [2025-08-27T05:34:37.561+0000] {dag.py:3089} INFO - Sync 1 DAGs
[2025-08-27T05:34:37.611+0000] {logging_mixin.py:188} INFO - [2025-08-27T05:34:37.611+0000] {dag.py:3947} INFO - Setting next_dagrun for silver_adf_trigger_gold to 2025-08-26 05:40:00+00:00, run_after=2025-08-27 05:40:00+00:00
[2025-08-27T05:34:37.668+0000] {processor.py:183} INFO - Processing /opt/airflow/dags/data_factory_pipeline.py took 0.225 seconds
[2025-08-27T05:35:07.838+0000] {processor.py:161} INFO - Started process (PID=244) to work on /opt/airflow/dags/data_factory_pipeline.py
[2025-08-27T05:35:07.839+0000] {processor.py:830} INFO - Processing file /opt/airflow/dags/data_factory_pipeline.py for tasks to queue
[2025-08-27T05:35:07.841+0000] {logging_mixin.py:188} INFO - [2025-08-27T05:35:07.840+0000] {dagbag.py:545} INFO - Filling up the DagBag from /opt/airflow/dags/data_factory_pipeline.py
[2025-08-27T05:35:07.890+0000] {processor.py:840} INFO - DAG(s) 'silver_adf_trigger_gold' retrieved from /opt/airflow/dags/data_factory_pipeline.py
[2025-08-27T05:35:07.918+0000] {logging_mixin.py:188} INFO - [2025-08-27T05:35:07.917+0000] {dag.py:3089} INFO - Sync 1 DAGs
[2025-08-27T05:35:07.965+0000] {logging_mixin.py:188} INFO - [2025-08-27T05:35:07.964+0000] {dag.py:3947} INFO - Setting next_dagrun for silver_adf_trigger_gold to 2025-08-26 05:40:00+00:00, run_after=2025-08-27 05:40:00+00:00
[2025-08-27T05:35:08.004+0000] {processor.py:183} INFO - Processing /opt/airflow/dags/data_factory_pipeline.py took 0.173 seconds
[2025-08-27T05:35:38.277+0000] {processor.py:161} INFO - Started process (PID=259) to work on /opt/airflow/dags/data_factory_pipeline.py
[2025-08-27T05:35:38.312+0000] {processor.py:830} INFO - Processing file /opt/airflow/dags/data_factory_pipeline.py for tasks to queue
[2025-08-27T05:35:38.313+0000] {logging_mixin.py:188} INFO - [2025-08-27T05:35:38.312+0000] {dagbag.py:545} INFO - Filling up the DagBag from /opt/airflow/dags/data_factory_pipeline.py
[2025-08-27T05:35:38.342+0000] {processor.py:840} INFO - DAG(s) 'silver_adf_trigger_gold' retrieved from /opt/airflow/dags/data_factory_pipeline.py
[2025-08-27T05:35:38.357+0000] {logging_mixin.py:188} INFO - [2025-08-27T05:35:38.357+0000] {dag.py:3089} INFO - Sync 1 DAGs
[2025-08-27T05:35:38.384+0000] {logging_mixin.py:188} INFO - [2025-08-27T05:35:38.383+0000] {dag.py:3947} INFO - Setting next_dagrun for silver_adf_trigger_gold to 2025-08-26 05:40:00+00:00, run_after=2025-08-27 05:40:00+00:00
[2025-08-27T05:35:38.414+0000] {processor.py:183} INFO - Processing /opt/airflow/dags/data_factory_pipeline.py took 0.145 seconds
[2025-08-27T05:36:08.731+0000] {processor.py:161} INFO - Started process (PID=274) to work on /opt/airflow/dags/data_factory_pipeline.py
[2025-08-27T05:36:08.731+0000] {processor.py:830} INFO - Processing file /opt/airflow/dags/data_factory_pipeline.py for tasks to queue
[2025-08-27T05:36:08.732+0000] {logging_mixin.py:188} INFO - [2025-08-27T05:36:08.732+0000] {dagbag.py:545} INFO - Filling up the DagBag from /opt/airflow/dags/data_factory_pipeline.py
[2025-08-27T05:36:08.755+0000] {processor.py:840} INFO - DAG(s) 'silver_adf_trigger_gold' retrieved from /opt/airflow/dags/data_factory_pipeline.py
[2025-08-27T05:36:08.774+0000] {logging_mixin.py:188} INFO - [2025-08-27T05:36:08.774+0000] {dag.py:3089} INFO - Sync 1 DAGs
[2025-08-27T05:36:08.798+0000] {logging_mixin.py:188} INFO - [2025-08-27T05:36:08.798+0000] {dag.py:3947} INFO - Setting next_dagrun for silver_adf_trigger_gold to 2025-08-26 05:40:00+00:00, run_after=2025-08-27 05:40:00+00:00
[2025-08-27T05:36:08.832+0000] {processor.py:183} INFO - Processing /opt/airflow/dags/data_factory_pipeline.py took 0.108 seconds
[2025-08-27T05:36:39.212+0000] {processor.py:161} INFO - Started process (PID=289) to work on /opt/airflow/dags/data_factory_pipeline.py
[2025-08-27T05:36:39.224+0000] {processor.py:830} INFO - Processing file /opt/airflow/dags/data_factory_pipeline.py for tasks to queue
[2025-08-27T05:36:39.225+0000] {logging_mixin.py:188} INFO - [2025-08-27T05:36:39.224+0000] {dagbag.py:545} INFO - Filling up the DagBag from /opt/airflow/dags/data_factory_pipeline.py
[2025-08-27T05:36:39.284+0000] {processor.py:840} INFO - DAG(s) 'silver_adf_trigger_gold' retrieved from /opt/airflow/dags/data_factory_pipeline.py
[2025-08-27T05:36:39.323+0000] {logging_mixin.py:188} INFO - [2025-08-27T05:36:39.322+0000] {dag.py:3089} INFO - Sync 1 DAGs
[2025-08-27T05:36:39.378+0000] {logging_mixin.py:188} INFO - [2025-08-27T05:36:39.378+0000] {dag.py:3947} INFO - Setting next_dagrun for silver_adf_trigger_gold to 2025-08-26 05:40:00+00:00, run_after=2025-08-27 05:40:00+00:00
[2025-08-27T05:36:39.428+0000] {processor.py:183} INFO - Processing /opt/airflow/dags/data_factory_pipeline.py took 0.230 seconds
[2025-08-27T05:37:09.572+0000] {processor.py:161} INFO - Started process (PID=304) to work on /opt/airflow/dags/data_factory_pipeline.py
[2025-08-27T05:37:09.573+0000] {processor.py:830} INFO - Processing file /opt/airflow/dags/data_factory_pipeline.py for tasks to queue
[2025-08-27T05:37:09.574+0000] {logging_mixin.py:188} INFO - [2025-08-27T05:37:09.573+0000] {dagbag.py:545} INFO - Filling up the DagBag from /opt/airflow/dags/data_factory_pipeline.py
[2025-08-27T05:37:09.598+0000] {processor.py:840} INFO - DAG(s) 'silver_adf_trigger_gold' retrieved from /opt/airflow/dags/data_factory_pipeline.py
[2025-08-27T05:37:09.617+0000] {logging_mixin.py:188} INFO - [2025-08-27T05:37:09.617+0000] {dag.py:3089} INFO - Sync 1 DAGs
[2025-08-27T05:37:09.648+0000] {logging_mixin.py:188} INFO - [2025-08-27T05:37:09.647+0000] {dag.py:3947} INFO - Setting next_dagrun for silver_adf_trigger_gold to 2025-08-26 05:40:00+00:00, run_after=2025-08-27 05:40:00+00:00
[2025-08-27T05:37:09.684+0000] {processor.py:183} INFO - Processing /opt/airflow/dags/data_factory_pipeline.py took 0.122 seconds
[2025-08-27T05:37:39.927+0000] {processor.py:161} INFO - Started process (PID=320) to work on /opt/airflow/dags/data_factory_pipeline.py
[2025-08-27T05:37:39.948+0000] {processor.py:830} INFO - Processing file /opt/airflow/dags/data_factory_pipeline.py for tasks to queue
[2025-08-27T05:37:39.949+0000] {logging_mixin.py:188} INFO - [2025-08-27T05:37:39.949+0000] {dagbag.py:545} INFO - Filling up the DagBag from /opt/airflow/dags/data_factory_pipeline.py
[2025-08-27T05:37:39.977+0000] {processor.py:840} INFO - DAG(s) 'silver_adf_trigger_gold' retrieved from /opt/airflow/dags/data_factory_pipeline.py
[2025-08-27T05:37:40.004+0000] {logging_mixin.py:188} INFO - [2025-08-27T05:37:40.003+0000] {dag.py:3089} INFO - Sync 1 DAGs
[2025-08-27T05:37:40.046+0000] {logging_mixin.py:188} INFO - [2025-08-27T05:37:40.046+0000] {dag.py:3947} INFO - Setting next_dagrun for silver_adf_trigger_gold to 2025-08-26 05:40:00+00:00, run_after=2025-08-27 05:40:00+00:00
[2025-08-27T05:37:40.141+0000] {processor.py:183} INFO - Processing /opt/airflow/dags/data_factory_pipeline.py took 0.223 seconds
[2025-08-27T05:38:10.560+0000] {processor.py:161} INFO - Started process (PID=341) to work on /opt/airflow/dags/data_factory_pipeline.py
[2025-08-27T05:38:10.594+0000] {processor.py:830} INFO - Processing file /opt/airflow/dags/data_factory_pipeline.py for tasks to queue
[2025-08-27T05:38:10.595+0000] {logging_mixin.py:188} INFO - [2025-08-27T05:38:10.594+0000] {dagbag.py:545} INFO - Filling up the DagBag from /opt/airflow/dags/data_factory_pipeline.py
[2025-08-27T05:38:10.627+0000] {processor.py:840} INFO - DAG(s) 'silver_adf_trigger_gold' retrieved from /opt/airflow/dags/data_factory_pipeline.py
[2025-08-27T05:38:10.642+0000] {logging_mixin.py:188} INFO - [2025-08-27T05:38:10.642+0000] {dag.py:3089} INFO - Sync 1 DAGs
[2025-08-27T05:38:10.669+0000] {logging_mixin.py:188} INFO - [2025-08-27T05:38:10.669+0000] {dag.py:3947} INFO - Setting next_dagrun for silver_adf_trigger_gold to 2025-08-26 05:40:00+00:00, run_after=2025-08-27 05:40:00+00:00
[2025-08-27T05:38:10.698+0000] {processor.py:183} INFO - Processing /opt/airflow/dags/data_factory_pipeline.py took 0.146 seconds
[2025-08-27T05:38:41.186+0000] {processor.py:161} INFO - Started process (PID=355) to work on /opt/airflow/dags/data_factory_pipeline.py
[2025-08-27T05:38:41.203+0000] {processor.py:830} INFO - Processing file /opt/airflow/dags/data_factory_pipeline.py for tasks to queue
[2025-08-27T05:38:41.204+0000] {logging_mixin.py:188} INFO - [2025-08-27T05:38:41.204+0000] {dagbag.py:545} INFO - Filling up the DagBag from /opt/airflow/dags/data_factory_pipeline.py
[2025-08-27T05:38:41.347+0000] {processor.py:840} INFO - DAG(s) 'silver_adf_trigger_gold' retrieved from /opt/airflow/dags/data_factory_pipeline.py
[2025-08-27T05:38:41.460+0000] {logging_mixin.py:188} INFO - [2025-08-27T05:38:41.459+0000] {dag.py:3089} INFO - Sync 1 DAGs
[2025-08-27T05:38:41.565+0000] {logging_mixin.py:188} INFO - [2025-08-27T05:38:41.564+0000] {dag.py:3947} INFO - Setting next_dagrun for silver_adf_trigger_gold to 2025-08-26 05:40:00+00:00, run_after=2025-08-27 05:40:00+00:00
[2025-08-27T05:38:41.661+0000] {processor.py:183} INFO - Processing /opt/airflow/dags/data_factory_pipeline.py took 0.527 seconds
[2025-08-27T05:39:11.905+0000] {processor.py:161} INFO - Started process (PID=370) to work on /opt/airflow/dags/data_factory_pipeline.py
[2025-08-27T05:39:11.922+0000] {processor.py:830} INFO - Processing file /opt/airflow/dags/data_factory_pipeline.py for tasks to queue
[2025-08-27T05:39:11.924+0000] {logging_mixin.py:188} INFO - [2025-08-27T05:39:11.923+0000] {dagbag.py:545} INFO - Filling up the DagBag from /opt/airflow/dags/data_factory_pipeline.py
[2025-08-27T05:39:12.077+0000] {processor.py:840} INFO - DAG(s) 'silver_adf_trigger_gold' retrieved from /opt/airflow/dags/data_factory_pipeline.py
[2025-08-27T05:39:12.188+0000] {logging_mixin.py:188} INFO - [2025-08-27T05:39:12.188+0000] {dag.py:3089} INFO - Sync 1 DAGs
[2025-08-27T05:39:12.267+0000] {logging_mixin.py:188} INFO - [2025-08-27T05:39:12.266+0000] {dag.py:3947} INFO - Setting next_dagrun for silver_adf_trigger_gold to 2025-08-26 05:40:00+00:00, run_after=2025-08-27 05:40:00+00:00
[2025-08-27T05:39:12.342+0000] {processor.py:183} INFO - Processing /opt/airflow/dags/data_factory_pipeline.py took 0.489 seconds
[2025-08-27T05:39:42.605+0000] {processor.py:161} INFO - Started process (PID=385) to work on /opt/airflow/dags/data_factory_pipeline.py
[2025-08-27T05:39:42.621+0000] {processor.py:830} INFO - Processing file /opt/airflow/dags/data_factory_pipeline.py for tasks to queue
[2025-08-27T05:39:42.622+0000] {logging_mixin.py:188} INFO - [2025-08-27T05:39:42.622+0000] {dagbag.py:545} INFO - Filling up the DagBag from /opt/airflow/dags/data_factory_pipeline.py
[2025-08-27T05:39:42.670+0000] {processor.py:840} INFO - DAG(s) 'silver_adf_trigger_gold' retrieved from /opt/airflow/dags/data_factory_pipeline.py
[2025-08-27T05:39:42.697+0000] {logging_mixin.py:188} INFO - [2025-08-27T05:39:42.697+0000] {dag.py:3089} INFO - Sync 1 DAGs
[2025-08-27T05:39:42.761+0000] {logging_mixin.py:188} INFO - [2025-08-27T05:39:42.760+0000] {dag.py:3947} INFO - Setting next_dagrun for silver_adf_trigger_gold to 2025-08-26 05:40:00+00:00, run_after=2025-08-27 05:40:00+00:00
[2025-08-27T05:39:42.811+0000] {processor.py:183} INFO - Processing /opt/airflow/dags/data_factory_pipeline.py took 0.215 seconds
[2025-08-27T05:40:13.070+0000] {processor.py:161} INFO - Started process (PID=393) to work on /opt/airflow/dags/data_factory_pipeline.py
[2025-08-27T05:40:13.085+0000] {processor.py:830} INFO - Processing file /opt/airflow/dags/data_factory_pipeline.py for tasks to queue
[2025-08-27T05:40:13.086+0000] {logging_mixin.py:188} INFO - [2025-08-27T05:40:13.086+0000] {dagbag.py:545} INFO - Filling up the DagBag from /opt/airflow/dags/data_factory_pipeline.py
[2025-08-27T05:40:13.116+0000] {processor.py:840} INFO - DAG(s) 'silver_adf_trigger_gold' retrieved from /opt/airflow/dags/data_factory_pipeline.py
[2025-08-27T05:40:13.138+0000] {logging_mixin.py:188} INFO - [2025-08-27T05:40:13.137+0000] {dag.py:3089} INFO - Sync 1 DAGs
[2025-08-27T05:40:13.166+0000] {logging_mixin.py:188} INFO - [2025-08-27T05:40:13.166+0000] {dag.py:3947} INFO - Setting next_dagrun for silver_adf_trigger_gold to 2025-08-27 05:40:00+00:00, run_after=2025-08-28 05:40:00+00:00
[2025-08-27T05:40:13.202+0000] {processor.py:183} INFO - Processing /opt/airflow/dags/data_factory_pipeline.py took 0.138 seconds
[2025-08-27T05:40:43.466+0000] {processor.py:161} INFO - Started process (PID=408) to work on /opt/airflow/dags/data_factory_pipeline.py
[2025-08-27T05:40:43.467+0000] {processor.py:830} INFO - Processing file /opt/airflow/dags/data_factory_pipeline.py for tasks to queue
[2025-08-27T05:40:43.468+0000] {logging_mixin.py:188} INFO - [2025-08-27T05:40:43.467+0000] {dagbag.py:545} INFO - Filling up the DagBag from /opt/airflow/dags/data_factory_pipeline.py
[2025-08-27T05:40:43.500+0000] {processor.py:840} INFO - DAG(s) 'silver_adf_trigger_gold' retrieved from /opt/airflow/dags/data_factory_pipeline.py
[2025-08-27T05:40:43.525+0000] {logging_mixin.py:188} INFO - [2025-08-27T05:40:43.525+0000] {dag.py:3089} INFO - Sync 1 DAGs
[2025-08-27T05:40:43.558+0000] {logging_mixin.py:188} INFO - [2025-08-27T05:40:43.558+0000] {dag.py:3947} INFO - Setting next_dagrun for silver_adf_trigger_gold to 2025-08-27 05:40:00+00:00, run_after=2025-08-28 05:40:00+00:00
[2025-08-27T05:40:43.590+0000] {processor.py:183} INFO - Processing /opt/airflow/dags/data_factory_pipeline.py took 0.137 seconds
[2025-08-27T05:41:14.030+0000] {processor.py:161} INFO - Started process (PID=431) to work on /opt/airflow/dags/data_factory_pipeline.py
[2025-08-27T05:41:14.041+0000] {processor.py:830} INFO - Processing file /opt/airflow/dags/data_factory_pipeline.py for tasks to queue
[2025-08-27T05:41:14.042+0000] {logging_mixin.py:188} INFO - [2025-08-27T05:41:14.042+0000] {dagbag.py:545} INFO - Filling up the DagBag from /opt/airflow/dags/data_factory_pipeline.py
[2025-08-27T05:41:14.072+0000] {processor.py:840} INFO - DAG(s) 'silver_adf_trigger_gold' retrieved from /opt/airflow/dags/data_factory_pipeline.py
[2025-08-27T05:41:14.091+0000] {logging_mixin.py:188} INFO - [2025-08-27T05:41:14.091+0000] {dag.py:3089} INFO - Sync 1 DAGs
[2025-08-27T05:41:14.123+0000] {logging_mixin.py:188} INFO - [2025-08-27T05:41:14.122+0000] {dag.py:3947} INFO - Setting next_dagrun for silver_adf_trigger_gold to 2025-08-27 05:40:00+00:00, run_after=2025-08-28 05:40:00+00:00
[2025-08-27T05:41:14.158+0000] {processor.py:183} INFO - Processing /opt/airflow/dags/data_factory_pipeline.py took 0.136 seconds
[2025-08-27T05:41:44.457+0000] {processor.py:161} INFO - Started process (PID=445) to work on /opt/airflow/dags/data_factory_pipeline.py
[2025-08-27T05:41:44.457+0000] {processor.py:830} INFO - Processing file /opt/airflow/dags/data_factory_pipeline.py for tasks to queue
[2025-08-27T05:41:44.458+0000] {logging_mixin.py:188} INFO - [2025-08-27T05:41:44.458+0000] {dagbag.py:545} INFO - Filling up the DagBag from /opt/airflow/dags/data_factory_pipeline.py
[2025-08-27T05:41:44.501+0000] {processor.py:840} INFO - DAG(s) 'silver_adf_trigger_gold' retrieved from /opt/airflow/dags/data_factory_pipeline.py
[2025-08-27T05:41:44.521+0000] {logging_mixin.py:188} INFO - [2025-08-27T05:41:44.521+0000] {dag.py:3089} INFO - Sync 1 DAGs
[2025-08-27T05:41:44.552+0000] {logging_mixin.py:188} INFO - [2025-08-27T05:41:44.551+0000] {dag.py:3947} INFO - Setting next_dagrun for silver_adf_trigger_gold to 2025-08-27 05:40:00+00:00, run_after=2025-08-28 05:40:00+00:00
[2025-08-27T05:41:44.582+0000] {processor.py:183} INFO - Processing /opt/airflow/dags/data_factory_pipeline.py took 0.135 seconds
[2025-08-27T05:42:14.900+0000] {processor.py:161} INFO - Started process (PID=460) to work on /opt/airflow/dags/data_factory_pipeline.py
[2025-08-27T05:42:14.933+0000] {processor.py:830} INFO - Processing file /opt/airflow/dags/data_factory_pipeline.py for tasks to queue
[2025-08-27T05:42:14.934+0000] {logging_mixin.py:188} INFO - [2025-08-27T05:42:14.934+0000] {dagbag.py:545} INFO - Filling up the DagBag from /opt/airflow/dags/data_factory_pipeline.py
[2025-08-27T05:42:14.962+0000] {processor.py:840} INFO - DAG(s) 'silver_adf_trigger_gold' retrieved from /opt/airflow/dags/data_factory_pipeline.py
[2025-08-27T05:42:14.978+0000] {logging_mixin.py:188} INFO - [2025-08-27T05:42:14.978+0000] {dag.py:3089} INFO - Sync 1 DAGs
[2025-08-27T05:42:15.006+0000] {logging_mixin.py:188} INFO - [2025-08-27T05:42:15.006+0000] {dag.py:3947} INFO - Setting next_dagrun for silver_adf_trigger_gold to 2025-08-27 05:40:00+00:00, run_after=2025-08-28 05:40:00+00:00
[2025-08-27T05:42:15.038+0000] {processor.py:183} INFO - Processing /opt/airflow/dags/data_factory_pipeline.py took 0.144 seconds
[2025-08-27T05:42:45.263+0000] {processor.py:161} INFO - Started process (PID=475) to work on /opt/airflow/dags/data_factory_pipeline.py
[2025-08-27T05:42:45.264+0000] {processor.py:830} INFO - Processing file /opt/airflow/dags/data_factory_pipeline.py for tasks to queue
[2025-08-27T05:42:45.265+0000] {logging_mixin.py:188} INFO - [2025-08-27T05:42:45.264+0000] {dagbag.py:545} INFO - Filling up the DagBag from /opt/airflow/dags/data_factory_pipeline.py
[2025-08-27T05:42:45.294+0000] {processor.py:840} INFO - DAG(s) 'silver_adf_trigger_gold' retrieved from /opt/airflow/dags/data_factory_pipeline.py
[2025-08-27T05:42:45.312+0000] {logging_mixin.py:188} INFO - [2025-08-27T05:42:45.312+0000] {dag.py:3089} INFO - Sync 1 DAGs
[2025-08-27T05:42:45.352+0000] {logging_mixin.py:188} INFO - [2025-08-27T05:42:45.352+0000] {dag.py:3947} INFO - Setting next_dagrun for silver_adf_trigger_gold to 2025-08-27 05:40:00+00:00, run_after=2025-08-28 05:40:00+00:00
[2025-08-27T05:42:45.421+0000] {processor.py:183} INFO - Processing /opt/airflow/dags/data_factory_pipeline.py took 0.170 seconds
[2025-08-27T05:43:15.634+0000] {processor.py:161} INFO - Started process (PID=490) to work on /opt/airflow/dags/data_factory_pipeline.py
[2025-08-27T05:43:15.635+0000] {processor.py:830} INFO - Processing file /opt/airflow/dags/data_factory_pipeline.py for tasks to queue
[2025-08-27T05:43:15.636+0000] {logging_mixin.py:188} INFO - [2025-08-27T05:43:15.635+0000] {dagbag.py:545} INFO - Filling up the DagBag from /opt/airflow/dags/data_factory_pipeline.py
[2025-08-27T05:43:15.662+0000] {processor.py:840} INFO - DAG(s) 'silver_adf_trigger_gold' retrieved from /opt/airflow/dags/data_factory_pipeline.py
[2025-08-27T05:43:15.682+0000] {logging_mixin.py:188} INFO - [2025-08-27T05:43:15.681+0000] {dag.py:3089} INFO - Sync 1 DAGs
[2025-08-27T05:43:15.710+0000] {logging_mixin.py:188} INFO - [2025-08-27T05:43:15.709+0000] {dag.py:3947} INFO - Setting next_dagrun for silver_adf_trigger_gold to 2025-08-27 05:40:00+00:00, run_after=2025-08-28 05:40:00+00:00
[2025-08-27T05:43:15.780+0000] {processor.py:183} INFO - Processing /opt/airflow/dags/data_factory_pipeline.py took 0.155 seconds
[2025-08-27T05:43:46.027+0000] {processor.py:161} INFO - Started process (PID=513) to work on /opt/airflow/dags/data_factory_pipeline.py
[2025-08-27T05:43:46.028+0000] {processor.py:830} INFO - Processing file /opt/airflow/dags/data_factory_pipeline.py for tasks to queue
[2025-08-27T05:43:46.030+0000] {logging_mixin.py:188} INFO - [2025-08-27T05:43:46.029+0000] {dagbag.py:545} INFO - Filling up the DagBag from /opt/airflow/dags/data_factory_pipeline.py
[2025-08-27T05:43:46.083+0000] {processor.py:840} INFO - DAG(s) 'silver_adf_trigger_gold' retrieved from /opt/airflow/dags/data_factory_pipeline.py
[2025-08-27T05:43:46.115+0000] {logging_mixin.py:188} INFO - [2025-08-27T05:43:46.114+0000] {dag.py:3089} INFO - Sync 1 DAGs
[2025-08-27T05:43:46.194+0000] {logging_mixin.py:188} INFO - [2025-08-27T05:43:46.193+0000] {dag.py:3947} INFO - Setting next_dagrun for silver_adf_trigger_gold to 2025-08-27 05:40:00+00:00, run_after=2025-08-28 05:40:00+00:00
[2025-08-27T05:43:46.266+0000] {processor.py:183} INFO - Processing /opt/airflow/dags/data_factory_pipeline.py took 0.268 seconds
[2025-08-27T05:44:16.376+0000] {processor.py:161} INFO - Started process (PID=528) to work on /opt/airflow/dags/data_factory_pipeline.py
[2025-08-27T05:44:16.410+0000] {processor.py:830} INFO - Processing file /opt/airflow/dags/data_factory_pipeline.py for tasks to queue
[2025-08-27T05:44:16.411+0000] {logging_mixin.py:188} INFO - [2025-08-27T05:44:16.411+0000] {dagbag.py:545} INFO - Filling up the DagBag from /opt/airflow/dags/data_factory_pipeline.py
[2025-08-27T05:44:16.458+0000] {processor.py:840} INFO - DAG(s) 'silver_adf_trigger_gold' retrieved from /opt/airflow/dags/data_factory_pipeline.py
[2025-08-27T05:44:16.489+0000] {logging_mixin.py:188} INFO - [2025-08-27T05:44:16.488+0000] {dag.py:3089} INFO - Sync 1 DAGs
[2025-08-27T05:44:16.534+0000] {logging_mixin.py:188} INFO - [2025-08-27T05:44:16.533+0000] {dag.py:3947} INFO - Setting next_dagrun for silver_adf_trigger_gold to 2025-08-27 05:40:00+00:00, run_after=2025-08-28 05:40:00+00:00
[2025-08-27T05:44:16.601+0000] {processor.py:183} INFO - Processing /opt/airflow/dags/data_factory_pipeline.py took 0.238 seconds
[2025-08-27T05:44:46.855+0000] {processor.py:161} INFO - Started process (PID=543) to work on /opt/airflow/dags/data_factory_pipeline.py
[2025-08-27T05:44:46.856+0000] {processor.py:830} INFO - Processing file /opt/airflow/dags/data_factory_pipeline.py for tasks to queue
[2025-08-27T05:44:46.857+0000] {logging_mixin.py:188} INFO - [2025-08-27T05:44:46.856+0000] {dagbag.py:545} INFO - Filling up the DagBag from /opt/airflow/dags/data_factory_pipeline.py
[2025-08-27T05:44:46.884+0000] {processor.py:840} INFO - DAG(s) 'silver_adf_trigger_gold' retrieved from /opt/airflow/dags/data_factory_pipeline.py
[2025-08-27T05:44:46.898+0000] {logging_mixin.py:188} INFO - [2025-08-27T05:44:46.898+0000] {dag.py:3089} INFO - Sync 1 DAGs
[2025-08-27T05:44:46.923+0000] {logging_mixin.py:188} INFO - [2025-08-27T05:44:46.923+0000] {dag.py:3947} INFO - Setting next_dagrun for silver_adf_trigger_gold to 2025-08-27 05:40:00+00:00, run_after=2025-08-28 05:40:00+00:00
[2025-08-27T05:44:46.965+0000] {processor.py:183} INFO - Processing /opt/airflow/dags/data_factory_pipeline.py took 0.118 seconds
[2025-08-27T05:45:17.257+0000] {processor.py:161} INFO - Started process (PID=558) to work on /opt/airflow/dags/data_factory_pipeline.py
[2025-08-27T05:45:17.268+0000] {processor.py:830} INFO - Processing file /opt/airflow/dags/data_factory_pipeline.py for tasks to queue
[2025-08-27T05:45:17.269+0000] {logging_mixin.py:188} INFO - [2025-08-27T05:45:17.269+0000] {dagbag.py:545} INFO - Filling up the DagBag from /opt/airflow/dags/data_factory_pipeline.py
[2025-08-27T05:45:17.295+0000] {processor.py:840} INFO - DAG(s) 'silver_adf_trigger_gold' retrieved from /opt/airflow/dags/data_factory_pipeline.py
[2025-08-27T05:45:17.311+0000] {logging_mixin.py:188} INFO - [2025-08-27T05:45:17.311+0000] {dag.py:3089} INFO - Sync 1 DAGs
[2025-08-27T05:45:17.343+0000] {logging_mixin.py:188} INFO - [2025-08-27T05:45:17.343+0000] {dag.py:3947} INFO - Setting next_dagrun for silver_adf_trigger_gold to 2025-08-27 05:40:00+00:00, run_after=2025-08-28 05:40:00+00:00
[2025-08-27T05:45:17.374+0000] {processor.py:183} INFO - Processing /opt/airflow/dags/data_factory_pipeline.py took 0.125 seconds
[2025-08-27T05:45:47.627+0000] {processor.py:161} INFO - Started process (PID=573) to work on /opt/airflow/dags/data_factory_pipeline.py
[2025-08-27T05:45:47.628+0000] {processor.py:830} INFO - Processing file /opt/airflow/dags/data_factory_pipeline.py for tasks to queue
[2025-08-27T05:45:47.630+0000] {logging_mixin.py:188} INFO - [2025-08-27T05:45:47.629+0000] {dagbag.py:545} INFO - Filling up the DagBag from /opt/airflow/dags/data_factory_pipeline.py
[2025-08-27T05:45:47.661+0000] {processor.py:840} INFO - DAG(s) 'silver_adf_trigger_gold' retrieved from /opt/airflow/dags/data_factory_pipeline.py
[2025-08-27T05:45:47.685+0000] {logging_mixin.py:188} INFO - [2025-08-27T05:45:47.684+0000] {dag.py:3089} INFO - Sync 1 DAGs
[2025-08-27T05:45:47.719+0000] {logging_mixin.py:188} INFO - [2025-08-27T05:45:47.719+0000] {dag.py:3947} INFO - Setting next_dagrun for silver_adf_trigger_gold to 2025-08-27 05:40:00+00:00, run_after=2025-08-28 05:40:00+00:00
[2025-08-27T05:45:47.752+0000] {processor.py:183} INFO - Processing /opt/airflow/dags/data_factory_pipeline.py took 0.135 seconds
[2025-08-27T05:46:18.078+0000] {processor.py:161} INFO - Started process (PID=589) to work on /opt/airflow/dags/data_factory_pipeline.py
[2025-08-27T05:46:18.111+0000] {processor.py:830} INFO - Processing file /opt/airflow/dags/data_factory_pipeline.py for tasks to queue
[2025-08-27T05:46:18.112+0000] {logging_mixin.py:188} INFO - [2025-08-27T05:46:18.112+0000] {dagbag.py:545} INFO - Filling up the DagBag from /opt/airflow/dags/data_factory_pipeline.py
[2025-08-27T05:46:18.142+0000] {processor.py:840} INFO - DAG(s) 'silver_adf_trigger_gold' retrieved from /opt/airflow/dags/data_factory_pipeline.py
[2025-08-27T05:46:18.160+0000] {logging_mixin.py:188} INFO - [2025-08-27T05:46:18.159+0000] {dag.py:3089} INFO - Sync 1 DAGs
[2025-08-27T05:46:18.192+0000] {logging_mixin.py:188} INFO - [2025-08-27T05:46:18.192+0000] {dag.py:3947} INFO - Setting next_dagrun for silver_adf_trigger_gold to 2025-08-27 05:40:00+00:00, run_after=2025-08-28 05:40:00+00:00
[2025-08-27T05:46:18.232+0000] {processor.py:183} INFO - Processing /opt/airflow/dags/data_factory_pipeline.py took 0.163 seconds
[2025-08-27T05:46:48.488+0000] {processor.py:161} INFO - Started process (PID=604) to work on /opt/airflow/dags/data_factory_pipeline.py
[2025-08-27T05:46:48.489+0000] {processor.py:830} INFO - Processing file /opt/airflow/dags/data_factory_pipeline.py for tasks to queue
[2025-08-27T05:46:48.489+0000] {logging_mixin.py:188} INFO - [2025-08-27T05:46:48.489+0000] {dagbag.py:545} INFO - Filling up the DagBag from /opt/airflow/dags/data_factory_pipeline.py
[2025-08-27T05:46:48.514+0000] {processor.py:840} INFO - DAG(s) 'silver_adf_trigger_gold' retrieved from /opt/airflow/dags/data_factory_pipeline.py
[2025-08-27T05:46:48.533+0000] {logging_mixin.py:188} INFO - [2025-08-27T05:46:48.533+0000] {dag.py:3089} INFO - Sync 1 DAGs
[2025-08-27T05:46:48.560+0000] {logging_mixin.py:188} INFO - [2025-08-27T05:46:48.560+0000] {dag.py:3947} INFO - Setting next_dagrun for silver_adf_trigger_gold to 2025-08-27 05:40:00+00:00, run_after=2025-08-28 05:40:00+00:00
[2025-08-27T05:46:48.590+0000] {processor.py:183} INFO - Processing /opt/airflow/dags/data_factory_pipeline.py took 0.110 seconds
[2025-08-27T05:47:18.832+0000] {processor.py:161} INFO - Started process (PID=619) to work on /opt/airflow/dags/data_factory_pipeline.py
[2025-08-27T05:47:18.848+0000] {processor.py:830} INFO - Processing file /opt/airflow/dags/data_factory_pipeline.py for tasks to queue
[2025-08-27T05:47:18.848+0000] {logging_mixin.py:188} INFO - [2025-08-27T05:47:18.848+0000] {dagbag.py:545} INFO - Filling up the DagBag from /opt/airflow/dags/data_factory_pipeline.py
[2025-08-27T05:47:18.880+0000] {processor.py:840} INFO - DAG(s) 'silver_adf_trigger_gold' retrieved from /opt/airflow/dags/data_factory_pipeline.py
[2025-08-27T05:47:18.902+0000] {logging_mixin.py:188} INFO - [2025-08-27T05:47:18.902+0000] {dag.py:3089} INFO - Sync 1 DAGs
[2025-08-27T05:47:18.941+0000] {logging_mixin.py:188} INFO - [2025-08-27T05:47:18.941+0000] {dag.py:3947} INFO - Setting next_dagrun for silver_adf_trigger_gold to 2025-08-27 05:40:00+00:00, run_after=2025-08-28 05:40:00+00:00
[2025-08-27T05:47:18.985+0000] {processor.py:183} INFO - Processing /opt/airflow/dags/data_factory_pipeline.py took 0.162 seconds
[2025-08-27T05:47:49.299+0000] {processor.py:161} INFO - Started process (PID=642) to work on /opt/airflow/dags/data_factory_pipeline.py
[2025-08-27T05:47:49.316+0000] {processor.py:830} INFO - Processing file /opt/airflow/dags/data_factory_pipeline.py for tasks to queue
[2025-08-27T05:47:49.317+0000] {logging_mixin.py:188} INFO - [2025-08-27T05:47:49.316+0000] {dagbag.py:545} INFO - Filling up the DagBag from /opt/airflow/dags/data_factory_pipeline.py
[2025-08-27T05:47:49.349+0000] {processor.py:840} INFO - DAG(s) 'silver_adf_trigger_gold' retrieved from /opt/airflow/dags/data_factory_pipeline.py
[2025-08-27T05:47:49.379+0000] {logging_mixin.py:188} INFO - [2025-08-27T05:47:49.378+0000] {dag.py:3089} INFO - Sync 1 DAGs
[2025-08-27T05:47:49.458+0000] {logging_mixin.py:188} INFO - [2025-08-27T05:47:49.458+0000] {dag.py:3947} INFO - Setting next_dagrun for silver_adf_trigger_gold to 2025-08-27 05:40:00+00:00, run_after=2025-08-28 05:40:00+00:00
[2025-08-27T05:47:49.528+0000] {processor.py:183} INFO - Processing /opt/airflow/dags/data_factory_pipeline.py took 0.234 seconds
[2025-08-27T05:48:19.810+0000] {processor.py:161} INFO - Started process (PID=657) to work on /opt/airflow/dags/data_factory_pipeline.py
[2025-08-27T05:48:19.811+0000] {processor.py:830} INFO - Processing file /opt/airflow/dags/data_factory_pipeline.py for tasks to queue
[2025-08-27T05:48:19.812+0000] {logging_mixin.py:188} INFO - [2025-08-27T05:48:19.812+0000] {dagbag.py:545} INFO - Filling up the DagBag from /opt/airflow/dags/data_factory_pipeline.py
[2025-08-27T05:48:19.843+0000] {processor.py:840} INFO - DAG(s) 'silver_adf_trigger_gold' retrieved from /opt/airflow/dags/data_factory_pipeline.py
[2025-08-27T05:48:19.863+0000] {logging_mixin.py:188} INFO - [2025-08-27T05:48:19.862+0000] {dag.py:3089} INFO - Sync 1 DAGs
[2025-08-27T05:48:19.900+0000] {logging_mixin.py:188} INFO - [2025-08-27T05:48:19.898+0000] {dag.py:3947} INFO - Setting next_dagrun for silver_adf_trigger_gold to 2025-08-27 05:40:00+00:00, run_after=2025-08-28 05:40:00+00:00
[2025-08-27T05:48:19.941+0000] {processor.py:183} INFO - Processing /opt/airflow/dags/data_factory_pipeline.py took 0.162 seconds
[2025-08-27T05:48:50.225+0000] {processor.py:161} INFO - Started process (PID=672) to work on /opt/airflow/dags/data_factory_pipeline.py
[2025-08-27T05:48:50.236+0000] {processor.py:830} INFO - Processing file /opt/airflow/dags/data_factory_pipeline.py for tasks to queue
[2025-08-27T05:48:50.238+0000] {logging_mixin.py:188} INFO - [2025-08-27T05:48:50.237+0000] {dagbag.py:545} INFO - Filling up the DagBag from /opt/airflow/dags/data_factory_pipeline.py
[2025-08-27T05:48:50.265+0000] {processor.py:840} INFO - DAG(s) 'silver_adf_trigger_gold' retrieved from /opt/airflow/dags/data_factory_pipeline.py
[2025-08-27T05:48:50.284+0000] {logging_mixin.py:188} INFO - [2025-08-27T05:48:50.284+0000] {dag.py:3089} INFO - Sync 1 DAGs
[2025-08-27T05:48:50.314+0000] {logging_mixin.py:188} INFO - [2025-08-27T05:48:50.314+0000] {dag.py:3947} INFO - Setting next_dagrun for silver_adf_trigger_gold to 2025-08-27 05:40:00+00:00, run_after=2025-08-28 05:40:00+00:00
[2025-08-27T05:48:50.356+0000] {processor.py:183} INFO - Processing /opt/airflow/dags/data_factory_pipeline.py took 0.138 seconds
[2025-08-27T05:49:20.735+0000] {processor.py:161} INFO - Started process (PID=688) to work on /opt/airflow/dags/data_factory_pipeline.py
[2025-08-27T05:49:20.736+0000] {processor.py:830} INFO - Processing file /opt/airflow/dags/data_factory_pipeline.py for tasks to queue
[2025-08-27T05:49:20.737+0000] {logging_mixin.py:188} INFO - [2025-08-27T05:49:20.737+0000] {dagbag.py:545} INFO - Filling up the DagBag from /opt/airflow/dags/data_factory_pipeline.py
[2025-08-27T05:49:20.782+0000] {processor.py:840} INFO - DAG(s) 'silver_adf_trigger_gold' retrieved from /opt/airflow/dags/data_factory_pipeline.py
[2025-08-27T05:49:20.806+0000] {logging_mixin.py:188} INFO - [2025-08-27T05:49:20.806+0000] {dag.py:3089} INFO - Sync 1 DAGs
[2025-08-27T05:49:20.848+0000] {logging_mixin.py:188} INFO - [2025-08-27T05:49:20.847+0000] {dag.py:3947} INFO - Setting next_dagrun for silver_adf_trigger_gold to 2025-08-27 05:40:00+00:00, run_after=2025-08-28 05:40:00+00:00
[2025-08-27T05:49:20.908+0000] {processor.py:183} INFO - Processing /opt/airflow/dags/data_factory_pipeline.py took 0.183 seconds
[2025-08-27T05:49:51.152+0000] {processor.py:161} INFO - Started process (PID=703) to work on /opt/airflow/dags/data_factory_pipeline.py
[2025-08-27T05:49:51.174+0000] {processor.py:830} INFO - Processing file /opt/airflow/dags/data_factory_pipeline.py for tasks to queue
[2025-08-27T05:49:51.175+0000] {logging_mixin.py:188} INFO - [2025-08-27T05:49:51.174+0000] {dagbag.py:545} INFO - Filling up the DagBag from /opt/airflow/dags/data_factory_pipeline.py
[2025-08-27T05:49:51.224+0000] {processor.py:840} INFO - DAG(s) 'silver_adf_trigger_gold' retrieved from /opt/airflow/dags/data_factory_pipeline.py
[2025-08-27T05:49:51.253+0000] {logging_mixin.py:188} INFO - [2025-08-27T05:49:51.253+0000] {dag.py:3089} INFO - Sync 1 DAGs
[2025-08-27T05:49:51.290+0000] {logging_mixin.py:188} INFO - [2025-08-27T05:49:51.290+0000] {dag.py:3947} INFO - Setting next_dagrun for silver_adf_trigger_gold to 2025-08-27 05:40:00+00:00, run_after=2025-08-28 05:40:00+00:00
[2025-08-27T05:49:51.329+0000] {processor.py:183} INFO - Processing /opt/airflow/dags/data_factory_pipeline.py took 0.189 seconds
[2025-08-27T05:50:21.650+0000] {processor.py:161} INFO - Started process (PID=718) to work on /opt/airflow/dags/data_factory_pipeline.py
[2025-08-27T05:50:21.651+0000] {processor.py:830} INFO - Processing file /opt/airflow/dags/data_factory_pipeline.py for tasks to queue
[2025-08-27T05:50:21.652+0000] {logging_mixin.py:188} INFO - [2025-08-27T05:50:21.652+0000] {dagbag.py:545} INFO - Filling up the DagBag from /opt/airflow/dags/data_factory_pipeline.py
[2025-08-27T05:50:21.686+0000] {processor.py:840} INFO - DAG(s) 'silver_adf_trigger_gold' retrieved from /opt/airflow/dags/data_factory_pipeline.py
[2025-08-27T05:50:21.705+0000] {logging_mixin.py:188} INFO - [2025-08-27T05:50:21.705+0000] {dag.py:3089} INFO - Sync 1 DAGs
[2025-08-27T05:50:21.734+0000] {logging_mixin.py:188} INFO - [2025-08-27T05:50:21.734+0000] {dag.py:3947} INFO - Setting next_dagrun for silver_adf_trigger_gold to 2025-08-27 05:40:00+00:00, run_after=2025-08-28 05:40:00+00:00
[2025-08-27T05:50:21.764+0000] {processor.py:183} INFO - Processing /opt/airflow/dags/data_factory_pipeline.py took 0.128 seconds
[2025-08-27T05:50:52.124+0000] {processor.py:161} INFO - Started process (PID=741) to work on /opt/airflow/dags/data_factory_pipeline.py
[2025-08-27T05:50:52.137+0000] {processor.py:830} INFO - Processing file /opt/airflow/dags/data_factory_pipeline.py for tasks to queue
[2025-08-27T05:50:52.138+0000] {logging_mixin.py:188} INFO - [2025-08-27T05:50:52.137+0000] {dagbag.py:545} INFO - Filling up the DagBag from /opt/airflow/dags/data_factory_pipeline.py
[2025-08-27T05:50:52.171+0000] {processor.py:840} INFO - DAG(s) 'silver_adf_trigger_gold' retrieved from /opt/airflow/dags/data_factory_pipeline.py
[2025-08-27T05:50:52.195+0000] {logging_mixin.py:188} INFO - [2025-08-27T05:50:52.195+0000] {dag.py:3089} INFO - Sync 1 DAGs
[2025-08-27T05:50:52.230+0000] {logging_mixin.py:188} INFO - [2025-08-27T05:50:52.230+0000] {dag.py:3947} INFO - Setting next_dagrun for silver_adf_trigger_gold to 2025-08-27 05:40:00+00:00, run_after=2025-08-28 05:40:00+00:00
[2025-08-27T05:50:52.268+0000] {processor.py:183} INFO - Processing /opt/airflow/dags/data_factory_pipeline.py took 0.153 seconds
[2025-08-27T05:51:22.472+0000] {processor.py:161} INFO - Started process (PID=755) to work on /opt/airflow/dags/data_factory_pipeline.py
[2025-08-27T05:51:22.473+0000] {processor.py:830} INFO - Processing file /opt/airflow/dags/data_factory_pipeline.py for tasks to queue
[2025-08-27T05:51:22.475+0000] {logging_mixin.py:188} INFO - [2025-08-27T05:51:22.474+0000] {dagbag.py:545} INFO - Filling up the DagBag from /opt/airflow/dags/data_factory_pipeline.py
[2025-08-27T05:51:22.520+0000] {processor.py:840} INFO - DAG(s) 'silver_adf_trigger_gold' retrieved from /opt/airflow/dags/data_factory_pipeline.py
[2025-08-27T05:51:22.548+0000] {logging_mixin.py:188} INFO - [2025-08-27T05:51:22.548+0000] {dag.py:3089} INFO - Sync 1 DAGs
[2025-08-27T05:51:22.589+0000] {logging_mixin.py:188} INFO - [2025-08-27T05:51:22.588+0000] {dag.py:3947} INFO - Setting next_dagrun for silver_adf_trigger_gold to 2025-08-27 05:40:00+00:00, run_after=2025-08-28 05:40:00+00:00
[2025-08-27T05:51:22.624+0000] {processor.py:183} INFO - Processing /opt/airflow/dags/data_factory_pipeline.py took 0.168 seconds
[2025-08-27T05:51:52.856+0000] {processor.py:161} INFO - Started process (PID=770) to work on /opt/airflow/dags/data_factory_pipeline.py
[2025-08-27T05:51:52.857+0000] {processor.py:830} INFO - Processing file /opt/airflow/dags/data_factory_pipeline.py for tasks to queue
[2025-08-27T05:51:52.858+0000] {logging_mixin.py:188} INFO - [2025-08-27T05:51:52.858+0000] {dagbag.py:545} INFO - Filling up the DagBag from /opt/airflow/dags/data_factory_pipeline.py
[2025-08-27T05:51:52.891+0000] {processor.py:840} INFO - DAG(s) 'silver_adf_trigger_gold' retrieved from /opt/airflow/dags/data_factory_pipeline.py
[2025-08-27T05:51:52.914+0000] {logging_mixin.py:188} INFO - [2025-08-27T05:51:52.913+0000] {dag.py:3089} INFO - Sync 1 DAGs
[2025-08-27T05:51:52.953+0000] {logging_mixin.py:188} INFO - [2025-08-27T05:51:52.953+0000] {dag.py:3947} INFO - Setting next_dagrun for silver_adf_trigger_gold to 2025-08-27 05:40:00+00:00, run_after=2025-08-28 05:40:00+00:00
[2025-08-27T05:51:52.992+0000] {processor.py:183} INFO - Processing /opt/airflow/dags/data_factory_pipeline.py took 0.144 seconds
[2025-08-27T05:52:23.232+0000] {processor.py:161} INFO - Started process (PID=785) to work on /opt/airflow/dags/data_factory_pipeline.py
[2025-08-27T05:52:23.310+0000] {processor.py:830} INFO - Processing file /opt/airflow/dags/data_factory_pipeline.py for tasks to queue
[2025-08-27T05:52:23.311+0000] {logging_mixin.py:188} INFO - [2025-08-27T05:52:23.311+0000] {dagbag.py:545} INFO - Filling up the DagBag from /opt/airflow/dags/data_factory_pipeline.py
[2025-08-27T05:52:23.338+0000] {processor.py:840} INFO - DAG(s) 'silver_adf_trigger_gold' retrieved from /opt/airflow/dags/data_factory_pipeline.py
[2025-08-27T05:52:23.352+0000] {logging_mixin.py:188} INFO - [2025-08-27T05:52:23.352+0000] {dag.py:3089} INFO - Sync 1 DAGs
[2025-08-27T05:52:23.384+0000] {logging_mixin.py:188} INFO - [2025-08-27T05:52:23.384+0000] {dag.py:3947} INFO - Setting next_dagrun for silver_adf_trigger_gold to 2025-08-27 05:40:00+00:00, run_after=2025-08-28 05:40:00+00:00
[2025-08-27T05:52:23.414+0000] {processor.py:183} INFO - Processing /opt/airflow/dags/data_factory_pipeline.py took 0.191 seconds
[2025-08-27T05:52:53.728+0000] {processor.py:161} INFO - Started process (PID=800) to work on /opt/airflow/dags/data_factory_pipeline.py
[2025-08-27T05:52:53.756+0000] {processor.py:830} INFO - Processing file /opt/airflow/dags/data_factory_pipeline.py for tasks to queue
[2025-08-27T05:52:53.757+0000] {logging_mixin.py:188} INFO - [2025-08-27T05:52:53.757+0000] {dagbag.py:545} INFO - Filling up the DagBag from /opt/airflow/dags/data_factory_pipeline.py
[2025-08-27T05:52:53.783+0000] {processor.py:840} INFO - DAG(s) 'silver_adf_trigger_gold' retrieved from /opt/airflow/dags/data_factory_pipeline.py
[2025-08-27T05:52:53.798+0000] {logging_mixin.py:188} INFO - [2025-08-27T05:52:53.798+0000] {dag.py:3089} INFO - Sync 1 DAGs
[2025-08-27T05:52:53.823+0000] {logging_mixin.py:188} INFO - [2025-08-27T05:52:53.822+0000] {dag.py:3947} INFO - Setting next_dagrun for silver_adf_trigger_gold to 2025-08-27 05:40:00+00:00, run_after=2025-08-28 05:40:00+00:00
[2025-08-27T05:52:53.863+0000] {processor.py:183} INFO - Processing /opt/airflow/dags/data_factory_pipeline.py took 0.143 seconds
[2025-08-27T05:53:24.149+0000] {processor.py:161} INFO - Started process (PID=816) to work on /opt/airflow/dags/data_factory_pipeline.py
[2025-08-27T05:53:24.157+0000] {processor.py:830} INFO - Processing file /opt/airflow/dags/data_factory_pipeline.py for tasks to queue
[2025-08-27T05:53:24.158+0000] {logging_mixin.py:188} INFO - [2025-08-27T05:53:24.158+0000] {dagbag.py:545} INFO - Filling up the DagBag from /opt/airflow/dags/data_factory_pipeline.py
[2025-08-27T05:53:24.186+0000] {processor.py:840} INFO - DAG(s) 'silver_adf_trigger_gold' retrieved from /opt/airflow/dags/data_factory_pipeline.py
[2025-08-27T05:53:24.201+0000] {logging_mixin.py:188} INFO - [2025-08-27T05:53:24.201+0000] {dag.py:3089} INFO - Sync 1 DAGs
[2025-08-27T05:53:24.229+0000] {logging_mixin.py:188} INFO - [2025-08-27T05:53:24.229+0000] {dag.py:3947} INFO - Setting next_dagrun for silver_adf_trigger_gold to 2025-08-27 05:40:00+00:00, run_after=2025-08-28 05:40:00+00:00
[2025-08-27T05:53:24.263+0000] {processor.py:183} INFO - Processing /opt/airflow/dags/data_factory_pipeline.py took 0.122 seconds
[2025-08-27T05:53:54.649+0000] {processor.py:161} INFO - Started process (PID=839) to work on /opt/airflow/dags/data_factory_pipeline.py
[2025-08-27T05:53:54.651+0000] {processor.py:830} INFO - Processing file /opt/airflow/dags/data_factory_pipeline.py for tasks to queue
[2025-08-27T05:53:54.653+0000] {logging_mixin.py:188} INFO - [2025-08-27T05:53:54.653+0000] {dagbag.py:545} INFO - Filling up the DagBag from /opt/airflow/dags/data_factory_pipeline.py
[2025-08-27T05:53:54.691+0000] {processor.py:840} INFO - DAG(s) 'silver_adf_trigger_gold' retrieved from /opt/airflow/dags/data_factory_pipeline.py
[2025-08-27T05:53:54.721+0000] {logging_mixin.py:188} INFO - [2025-08-27T05:53:54.721+0000] {dag.py:3089} INFO - Sync 1 DAGs
[2025-08-27T05:53:54.767+0000] {logging_mixin.py:188} INFO - [2025-08-27T05:53:54.766+0000] {dag.py:3947} INFO - Setting next_dagrun for silver_adf_trigger_gold to 2025-08-27 05:40:00+00:00, run_after=2025-08-28 05:40:00+00:00
[2025-08-27T05:53:54.814+0000] {processor.py:183} INFO - Processing /opt/airflow/dags/data_factory_pipeline.py took 0.175 seconds
[2025-08-27T05:54:25.049+0000] {processor.py:161} INFO - Started process (PID=854) to work on /opt/airflow/dags/data_factory_pipeline.py
[2025-08-27T05:54:25.091+0000] {processor.py:830} INFO - Processing file /opt/airflow/dags/data_factory_pipeline.py for tasks to queue
[2025-08-27T05:54:25.093+0000] {logging_mixin.py:188} INFO - [2025-08-27T05:54:25.092+0000] {dagbag.py:545} INFO - Filling up the DagBag from /opt/airflow/dags/data_factory_pipeline.py
[2025-08-27T05:54:25.122+0000] {processor.py:840} INFO - DAG(s) 'silver_adf_trigger_gold' retrieved from /opt/airflow/dags/data_factory_pipeline.py
[2025-08-27T05:54:25.141+0000] {logging_mixin.py:188} INFO - [2025-08-27T05:54:25.141+0000] {dag.py:3089} INFO - Sync 1 DAGs
[2025-08-27T05:54:25.169+0000] {logging_mixin.py:188} INFO - [2025-08-27T05:54:25.169+0000] {dag.py:3947} INFO - Setting next_dagrun for silver_adf_trigger_gold to 2025-08-27 05:40:00+00:00, run_after=2025-08-28 05:40:00+00:00
[2025-08-27T05:54:25.200+0000] {processor.py:183} INFO - Processing /opt/airflow/dags/data_factory_pipeline.py took 0.158 seconds
[2025-08-27T05:54:55.368+0000] {processor.py:161} INFO - Started process (PID=869) to work on /opt/airflow/dags/data_factory_pipeline.py
[2025-08-27T05:54:55.369+0000] {processor.py:830} INFO - Processing file /opt/airflow/dags/data_factory_pipeline.py for tasks to queue
[2025-08-27T05:54:55.370+0000] {logging_mixin.py:188} INFO - [2025-08-27T05:54:55.369+0000] {dagbag.py:545} INFO - Filling up the DagBag from /opt/airflow/dags/data_factory_pipeline.py
[2025-08-27T05:54:55.417+0000] {processor.py:840} INFO - DAG(s) 'silver_adf_trigger_gold' retrieved from /opt/airflow/dags/data_factory_pipeline.py
[2025-08-27T05:54:55.450+0000] {logging_mixin.py:188} INFO - [2025-08-27T05:54:55.449+0000] {dag.py:3089} INFO - Sync 1 DAGs
[2025-08-27T05:54:55.500+0000] {logging_mixin.py:188} INFO - [2025-08-27T05:54:55.499+0000] {dag.py:3947} INFO - Setting next_dagrun for silver_adf_trigger_gold to 2025-08-27 05:40:00+00:00, run_after=2025-08-28 05:40:00+00:00
[2025-08-27T05:54:55.545+0000] {processor.py:183} INFO - Processing /opt/airflow/dags/data_factory_pipeline.py took 0.188 seconds
[2025-08-27T05:55:25.776+0000] {processor.py:161} INFO - Started process (PID=884) to work on /opt/airflow/dags/data_factory_pipeline.py
[2025-08-27T05:55:25.805+0000] {processor.py:830} INFO - Processing file /opt/airflow/dags/data_factory_pipeline.py for tasks to queue
[2025-08-27T05:55:25.807+0000] {logging_mixin.py:188} INFO - [2025-08-27T05:55:25.807+0000] {dagbag.py:545} INFO - Filling up the DagBag from /opt/airflow/dags/data_factory_pipeline.py
[2025-08-27T05:55:25.843+0000] {processor.py:840} INFO - DAG(s) 'silver_adf_trigger_gold' retrieved from /opt/airflow/dags/data_factory_pipeline.py
[2025-08-27T05:55:25.870+0000] {logging_mixin.py:188} INFO - [2025-08-27T05:55:25.870+0000] {dag.py:3089} INFO - Sync 1 DAGs
[2025-08-27T05:55:25.917+0000] {logging_mixin.py:188} INFO - [2025-08-27T05:55:25.917+0000] {dag.py:3947} INFO - Setting next_dagrun for silver_adf_trigger_gold to 2025-08-27 05:40:00+00:00, run_after=2025-08-28 05:40:00+00:00
[2025-08-27T05:55:25.963+0000] {processor.py:183} INFO - Processing /opt/airflow/dags/data_factory_pipeline.py took 0.201 seconds
[2025-08-27T05:55:56.164+0000] {processor.py:161} INFO - Started process (PID=899) to work on /opt/airflow/dags/data_factory_pipeline.py
[2025-08-27T05:55:56.165+0000] {processor.py:830} INFO - Processing file /opt/airflow/dags/data_factory_pipeline.py for tasks to queue
[2025-08-27T05:55:56.168+0000] {logging_mixin.py:188} INFO - [2025-08-27T05:55:56.167+0000] {dagbag.py:545} INFO - Filling up the DagBag from /opt/airflow/dags/data_factory_pipeline.py
[2025-08-27T05:55:56.227+0000] {processor.py:840} INFO - DAG(s) 'silver_adf_trigger_gold' retrieved from /opt/airflow/dags/data_factory_pipeline.py
[2025-08-27T05:55:56.252+0000] {logging_mixin.py:188} INFO - [2025-08-27T05:55:56.251+0000] {dag.py:3089} INFO - Sync 1 DAGs
[2025-08-27T05:55:56.297+0000] {logging_mixin.py:188} INFO - [2025-08-27T05:55:56.297+0000] {dag.py:3947} INFO - Setting next_dagrun for silver_adf_trigger_gold to 2025-08-27 05:40:00+00:00, run_after=2025-08-28 05:40:00+00:00
[2025-08-27T05:55:56.334+0000] {processor.py:183} INFO - Processing /opt/airflow/dags/data_factory_pipeline.py took 0.180 seconds
[2025-08-27T05:56:26.605+0000] {processor.py:161} INFO - Started process (PID=914) to work on /opt/airflow/dags/data_factory_pipeline.py
[2025-08-27T05:56:26.636+0000] {processor.py:830} INFO - Processing file /opt/airflow/dags/data_factory_pipeline.py for tasks to queue
[2025-08-27T05:56:26.639+0000] {logging_mixin.py:188} INFO - [2025-08-27T05:56:26.638+0000] {dagbag.py:545} INFO - Filling up the DagBag from /opt/airflow/dags/data_factory_pipeline.py
[2025-08-27T05:56:26.684+0000] {processor.py:840} INFO - DAG(s) 'silver_adf_trigger_gold' retrieved from /opt/airflow/dags/data_factory_pipeline.py
[2025-08-27T05:56:26.725+0000] {logging_mixin.py:188} INFO - [2025-08-27T05:56:26.725+0000] {dag.py:3089} INFO - Sync 1 DAGs
[2025-08-27T05:56:26.771+0000] {logging_mixin.py:188} INFO - [2025-08-27T05:56:26.770+0000] {dag.py:3947} INFO - Setting next_dagrun for silver_adf_trigger_gold to 2025-08-27 05:40:00+00:00, run_after=2025-08-28 05:40:00+00:00
[2025-08-27T05:56:26.811+0000] {processor.py:183} INFO - Processing /opt/airflow/dags/data_factory_pipeline.py took 0.219 seconds
[2025-08-27T05:56:57.017+0000] {processor.py:161} INFO - Started process (PID=936) to work on /opt/airflow/dags/data_factory_pipeline.py
[2025-08-27T05:56:57.017+0000] {processor.py:830} INFO - Processing file /opt/airflow/dags/data_factory_pipeline.py for tasks to queue
[2025-08-27T05:56:57.018+0000] {logging_mixin.py:188} INFO - [2025-08-27T05:56:57.018+0000] {dagbag.py:545} INFO - Filling up the DagBag from /opt/airflow/dags/data_factory_pipeline.py
[2025-08-27T05:56:57.046+0000] {processor.py:840} INFO - DAG(s) 'silver_adf_trigger_gold' retrieved from /opt/airflow/dags/data_factory_pipeline.py
[2025-08-27T05:56:57.062+0000] {logging_mixin.py:188} INFO - [2025-08-27T05:56:57.062+0000] {dag.py:3089} INFO - Sync 1 DAGs
[2025-08-27T05:56:57.093+0000] {logging_mixin.py:188} INFO - [2025-08-27T05:56:57.093+0000] {dag.py:3947} INFO - Setting next_dagrun for silver_adf_trigger_gold to 2025-08-27 05:40:00+00:00, run_after=2025-08-28 05:40:00+00:00
[2025-08-27T05:56:57.134+0000] {processor.py:183} INFO - Processing /opt/airflow/dags/data_factory_pipeline.py took 0.127 seconds
[2025-08-27T05:57:27.449+0000] {processor.py:161} INFO - Started process (PID=951) to work on /opt/airflow/dags/data_factory_pipeline.py
[2025-08-27T05:57:27.483+0000] {processor.py:830} INFO - Processing file /opt/airflow/dags/data_factory_pipeline.py for tasks to queue
[2025-08-27T05:57:27.484+0000] {logging_mixin.py:188} INFO - [2025-08-27T05:57:27.484+0000] {dagbag.py:545} INFO - Filling up the DagBag from /opt/airflow/dags/data_factory_pipeline.py
[2025-08-27T05:57:27.510+0000] {processor.py:840} INFO - DAG(s) 'silver_adf_trigger_gold' retrieved from /opt/airflow/dags/data_factory_pipeline.py
[2025-08-27T05:57:27.531+0000] {logging_mixin.py:188} INFO - [2025-08-27T05:57:27.530+0000] {dag.py:3089} INFO - Sync 1 DAGs
[2025-08-27T05:57:27.556+0000] {logging_mixin.py:188} INFO - [2025-08-27T05:57:27.556+0000] {dag.py:3947} INFO - Setting next_dagrun for silver_adf_trigger_gold to 2025-08-27 05:40:00+00:00, run_after=2025-08-28 05:40:00+00:00
[2025-08-27T05:57:27.588+0000] {processor.py:183} INFO - Processing /opt/airflow/dags/data_factory_pipeline.py took 0.146 seconds
[2025-08-27T05:57:57.942+0000] {processor.py:161} INFO - Started process (PID=967) to work on /opt/airflow/dags/data_factory_pipeline.py
[2025-08-27T05:57:57.958+0000] {processor.py:830} INFO - Processing file /opt/airflow/dags/data_factory_pipeline.py for tasks to queue
[2025-08-27T05:57:57.960+0000] {logging_mixin.py:188} INFO - [2025-08-27T05:57:57.960+0000] {dagbag.py:545} INFO - Filling up the DagBag from /opt/airflow/dags/data_factory_pipeline.py
[2025-08-27T05:57:58.002+0000] {processor.py:840} INFO - DAG(s) 'silver_adf_trigger_gold' retrieved from /opt/airflow/dags/data_factory_pipeline.py
[2025-08-27T05:57:58.026+0000] {logging_mixin.py:188} INFO - [2025-08-27T05:57:58.026+0000] {dag.py:3089} INFO - Sync 1 DAGs
[2025-08-27T05:57:58.071+0000] {logging_mixin.py:188} INFO - [2025-08-27T05:57:58.070+0000] {dag.py:3947} INFO - Setting next_dagrun for silver_adf_trigger_gold to 2025-08-27 05:40:00+00:00, run_after=2025-08-28 05:40:00+00:00
[2025-08-27T05:57:58.104+0000] {processor.py:183} INFO - Processing /opt/airflow/dags/data_factory_pipeline.py took 0.176 seconds
[2025-08-27T05:58:28.370+0000] {processor.py:161} INFO - Started process (PID=982) to work on /opt/airflow/dags/data_factory_pipeline.py
[2025-08-27T05:58:28.371+0000] {processor.py:830} INFO - Processing file /opt/airflow/dags/data_factory_pipeline.py for tasks to queue
[2025-08-27T05:58:28.373+0000] {logging_mixin.py:188} INFO - [2025-08-27T05:58:28.372+0000] {dagbag.py:545} INFO - Filling up the DagBag from /opt/airflow/dags/data_factory_pipeline.py
[2025-08-27T05:58:28.407+0000] {processor.py:840} INFO - DAG(s) 'silver_adf_trigger_gold' retrieved from /opt/airflow/dags/data_factory_pipeline.py
[2025-08-27T05:58:28.431+0000] {logging_mixin.py:188} INFO - [2025-08-27T05:58:28.431+0000] {dag.py:3089} INFO - Sync 1 DAGs
[2025-08-27T05:58:28.471+0000] {logging_mixin.py:188} INFO - [2025-08-27T05:58:28.470+0000] {dag.py:3947} INFO - Setting next_dagrun for silver_adf_trigger_gold to 2025-08-27 05:40:00+00:00, run_after=2025-08-28 05:40:00+00:00
[2025-08-27T05:58:28.506+0000] {processor.py:183} INFO - Processing /opt/airflow/dags/data_factory_pipeline.py took 0.145 seconds
[2025-08-27T05:58:58.779+0000] {processor.py:161} INFO - Started process (PID=1002) to work on /opt/airflow/dags/data_factory_pipeline.py
[2025-08-27T05:58:58.792+0000] {processor.py:830} INFO - Processing file /opt/airflow/dags/data_factory_pipeline.py for tasks to queue
[2025-08-27T05:58:58.793+0000] {logging_mixin.py:188} INFO - [2025-08-27T05:58:58.792+0000] {dagbag.py:545} INFO - Filling up the DagBag from /opt/airflow/dags/data_factory_pipeline.py
[2025-08-27T05:58:58.821+0000] {processor.py:840} INFO - DAG(s) 'silver_adf_trigger_gold' retrieved from /opt/airflow/dags/data_factory_pipeline.py
[2025-08-27T05:58:58.843+0000] {logging_mixin.py:188} INFO - [2025-08-27T05:58:58.842+0000] {dag.py:3089} INFO - Sync 1 DAGs
[2025-08-27T05:58:58.880+0000] {logging_mixin.py:188} INFO - [2025-08-27T05:58:58.879+0000] {dag.py:3947} INFO - Setting next_dagrun for silver_adf_trigger_gold to 2025-08-27 05:40:00+00:00, run_after=2025-08-28 05:40:00+00:00
[2025-08-27T05:58:58.912+0000] {processor.py:183} INFO - Processing /opt/airflow/dags/data_factory_pipeline.py took 0.141 seconds
[2025-08-27T05:59:29.152+0000] {processor.py:161} INFO - Started process (PID=1018) to work on /opt/airflow/dags/data_factory_pipeline.py
[2025-08-27T05:59:29.153+0000] {processor.py:830} INFO - Processing file /opt/airflow/dags/data_factory_pipeline.py for tasks to queue
[2025-08-27T05:59:29.153+0000] {logging_mixin.py:188} INFO - [2025-08-27T05:59:29.153+0000] {dagbag.py:545} INFO - Filling up the DagBag from /opt/airflow/dags/data_factory_pipeline.py
[2025-08-27T05:59:29.182+0000] {processor.py:840} INFO - DAG(s) 'silver_adf_trigger_gold' retrieved from /opt/airflow/dags/data_factory_pipeline.py
[2025-08-27T05:59:29.197+0000] {logging_mixin.py:188} INFO - [2025-08-27T05:59:29.197+0000] {dag.py:3089} INFO - Sync 1 DAGs
[2025-08-27T05:59:29.222+0000] {logging_mixin.py:188} INFO - [2025-08-27T05:59:29.222+0000] {dag.py:3947} INFO - Setting next_dagrun for silver_adf_trigger_gold to 2025-08-27 05:40:00+00:00, run_after=2025-08-28 05:40:00+00:00
[2025-08-27T05:59:29.306+0000] {processor.py:183} INFO - Processing /opt/airflow/dags/data_factory_pipeline.py took 0.160 seconds
[2025-08-27T05:59:59.504+0000] {processor.py:161} INFO - Started process (PID=1034) to work on /opt/airflow/dags/data_factory_pipeline.py
[2025-08-27T05:59:59.504+0000] {processor.py:830} INFO - Processing file /opt/airflow/dags/data_factory_pipeline.py for tasks to queue
[2025-08-27T05:59:59.505+0000] {logging_mixin.py:188} INFO - [2025-08-27T05:59:59.505+0000] {dagbag.py:545} INFO - Filling up the DagBag from /opt/airflow/dags/data_factory_pipeline.py
[2025-08-27T05:59:59.531+0000] {processor.py:840} INFO - DAG(s) 'silver_adf_trigger_gold' retrieved from /opt/airflow/dags/data_factory_pipeline.py
[2025-08-27T05:59:59.549+0000] {logging_mixin.py:188} INFO - [2025-08-27T05:59:59.549+0000] {dag.py:3089} INFO - Sync 1 DAGs
[2025-08-27T05:59:59.583+0000] {logging_mixin.py:188} INFO - [2025-08-27T05:59:59.582+0000] {dag.py:3947} INFO - Setting next_dagrun for silver_adf_trigger_gold to 2025-08-27 05:40:00+00:00, run_after=2025-08-28 05:40:00+00:00
[2025-08-27T05:59:59.609+0000] {processor.py:183} INFO - Processing /opt/airflow/dags/data_factory_pipeline.py took 0.111 seconds
[2025-08-27T06:00:29.827+0000] {processor.py:161} INFO - Started process (PID=1049) to work on /opt/airflow/dags/data_factory_pipeline.py
[2025-08-27T06:00:29.841+0000] {processor.py:830} INFO - Processing file /opt/airflow/dags/data_factory_pipeline.py for tasks to queue
[2025-08-27T06:00:29.842+0000] {logging_mixin.py:188} INFO - [2025-08-27T06:00:29.841+0000] {dagbag.py:545} INFO - Filling up the DagBag from /opt/airflow/dags/data_factory_pipeline.py
[2025-08-27T06:00:29.865+0000] {processor.py:840} INFO - DAG(s) 'silver_adf_trigger_gold' retrieved from /opt/airflow/dags/data_factory_pipeline.py
[2025-08-27T06:00:29.882+0000] {logging_mixin.py:188} INFO - [2025-08-27T06:00:29.881+0000] {dag.py:3089} INFO - Sync 1 DAGs
[2025-08-27T06:00:29.909+0000] {logging_mixin.py:188} INFO - [2025-08-27T06:00:29.908+0000] {dag.py:3947} INFO - Setting next_dagrun for silver_adf_trigger_gold to 2025-08-27 05:40:00+00:00, run_after=2025-08-28 05:40:00+00:00
[2025-08-27T06:00:29.943+0000] {processor.py:183} INFO - Processing /opt/airflow/dags/data_factory_pipeline.py took 0.124 seconds
[2025-08-27T06:01:00.114+0000] {processor.py:161} INFO - Started process (PID=1065) to work on /opt/airflow/dags/data_factory_pipeline.py
[2025-08-27T06:01:00.120+0000] {processor.py:830} INFO - Processing file /opt/airflow/dags/data_factory_pipeline.py for tasks to queue
[2025-08-27T06:01:00.123+0000] {logging_mixin.py:188} INFO - [2025-08-27T06:01:00.122+0000] {dagbag.py:545} INFO - Filling up the DagBag from /opt/airflow/dags/data_factory_pipeline.py
[2025-08-27T06:01:00.164+0000] {processor.py:840} INFO - DAG(s) 'silver_adf_trigger_gold' retrieved from /opt/airflow/dags/data_factory_pipeline.py
[2025-08-27T06:01:00.192+0000] {logging_mixin.py:188} INFO - [2025-08-27T06:01:00.191+0000] {dag.py:3089} INFO - Sync 1 DAGs
[2025-08-27T06:01:00.222+0000] {logging_mixin.py:188} INFO - [2025-08-27T06:01:00.221+0000] {dag.py:3947} INFO - Setting next_dagrun for silver_adf_trigger_gold to 2025-08-27 05:40:00+00:00, run_after=2025-08-28 05:40:00+00:00
[2025-08-27T06:01:00.258+0000] {processor.py:183} INFO - Processing /opt/airflow/dags/data_factory_pipeline.py took 0.157 seconds
[2025-08-27T06:01:30.478+0000] {processor.py:161} INFO - Started process (PID=1080) to work on /opt/airflow/dags/data_factory_pipeline.py
[2025-08-27T06:01:30.479+0000] {processor.py:830} INFO - Processing file /opt/airflow/dags/data_factory_pipeline.py for tasks to queue
[2025-08-27T06:01:30.480+0000] {logging_mixin.py:188} INFO - [2025-08-27T06:01:30.479+0000] {dagbag.py:545} INFO - Filling up the DagBag from /opt/airflow/dags/data_factory_pipeline.py
[2025-08-27T06:01:30.510+0000] {processor.py:840} INFO - DAG(s) 'silver_adf_trigger_gold' retrieved from /opt/airflow/dags/data_factory_pipeline.py
[2025-08-27T06:01:30.535+0000] {logging_mixin.py:188} INFO - [2025-08-27T06:01:30.534+0000] {dag.py:3089} INFO - Sync 1 DAGs
[2025-08-27T06:01:30.565+0000] {logging_mixin.py:188} INFO - [2025-08-27T06:01:30.564+0000] {dag.py:3947} INFO - Setting next_dagrun for silver_adf_trigger_gold to 2025-08-27 05:40:00+00:00, run_after=2025-08-28 05:40:00+00:00
[2025-08-27T06:01:30.603+0000] {processor.py:183} INFO - Processing /opt/airflow/dags/data_factory_pipeline.py took 0.133 seconds
[2025-08-27T06:02:00.864+0000] {processor.py:161} INFO - Started process (PID=1096) to work on /opt/airflow/dags/data_factory_pipeline.py
[2025-08-27T06:02:00.879+0000] {processor.py:830} INFO - Processing file /opt/airflow/dags/data_factory_pipeline.py for tasks to queue
[2025-08-27T06:02:00.881+0000] {logging_mixin.py:188} INFO - [2025-08-27T06:02:00.880+0000] {dagbag.py:545} INFO - Filling up the DagBag from /opt/airflow/dags/data_factory_pipeline.py
[2025-08-27T06:02:00.916+0000] {processor.py:840} INFO - DAG(s) 'silver_adf_trigger_gold' retrieved from /opt/airflow/dags/data_factory_pipeline.py
[2025-08-27T06:02:00.937+0000] {logging_mixin.py:188} INFO - [2025-08-27T06:02:00.936+0000] {dag.py:3089} INFO - Sync 1 DAGs
[2025-08-27T06:02:00.965+0000] {logging_mixin.py:188} INFO - [2025-08-27T06:02:00.965+0000] {dag.py:3947} INFO - Setting next_dagrun for silver_adf_trigger_gold to 2025-08-27 05:40:00+00:00, run_after=2025-08-28 05:40:00+00:00
[2025-08-27T06:02:00.993+0000] {processor.py:183} INFO - Processing /opt/airflow/dags/data_factory_pipeline.py took 0.143 seconds
