[2025-08-26T05:49:12.610+0000] {local_task_job_runner.py:120} INFO - ::group::Pre task execution logs
[2025-08-26T05:49:12.660+0000] {taskinstance.py:2076} INFO - Dependencies all met for dep_context=non-requeueable deps ti=<TaskInstance: silver_adf_trigger_gold.trigger_gold_pipeline scheduled__2025-08-25T05:40:00+00:00 [queued]>
[2025-08-26T05:49:12.674+0000] {taskinstance.py:2076} INFO - Dependencies all met for dep_context=requeueable deps ti=<TaskInstance: silver_adf_trigger_gold.trigger_gold_pipeline scheduled__2025-08-25T05:40:00+00:00 [queued]>
[2025-08-26T05:49:12.675+0000] {taskinstance.py:2306} INFO - Starting attempt 1 of 1
[2025-08-26T05:49:12.709+0000] {taskinstance.py:2330} INFO - Executing <Task(AzureDataFactoryRunPipelineOperator): trigger_gold_pipeline> on 2025-08-25 05:40:00+00:00
[2025-08-26T05:49:12.719+0000] {standard_task_runner.py:90} INFO - Running: ['***', 'tasks', 'run', 'silver_adf_trigger_gold', 'trigger_gold_pipeline', 'scheduled__2025-08-25T05:40:00+00:00', '--job-id', '153', '--raw', '--subdir', 'DAGS_FOLDER/data_factory_pipeline.py', '--cfg-path', '/tmp/tmp27m61w5f']
[2025-08-26T05:49:12.722+0000] {standard_task_runner.py:91} INFO - Job 153: Subtask trigger_gold_pipeline
[2025-08-26T05:49:12.729+0000] {logging_mixin.py:188} WARNING - /home/***/.local/lib/python3.12/site-packages/***/task/task_runner/standard_task_runner.py:62 DeprecationWarning: This process (pid=693) is multi-threaded, use of fork() may lead to deadlocks in the child.
[2025-08-26T05:49:12.730+0000] {standard_task_runner.py:64} INFO - Started process 695 to run task
[2025-08-26T05:49:12.794+0000] {task_command.py:426} INFO - Running <TaskInstance: silver_adf_trigger_gold.trigger_gold_pipeline scheduled__2025-08-25T05:40:00+00:00 [running]> on host 983003fe4ed0
[2025-08-26T05:49:12.968+0000] {taskinstance.py:2648} INFO - Exporting env vars: AIRFLOW_CTX_DAG_OWNER='***' AIRFLOW_CTX_DAG_ID='silver_adf_trigger_gold' AIRFLOW_CTX_TASK_ID='trigger_gold_pipeline' AIRFLOW_CTX_EXECUTION_DATE='2025-08-25T05:40:00+00:00' AIRFLOW_CTX_TRY_NUMBER='1' AIRFLOW_CTX_DAG_RUN_ID='scheduled__2025-08-25T05:40:00+00:00'
[2025-08-26T05:49:12.970+0000] {taskinstance.py:430} INFO - ::endgroup::
[2025-08-26T05:49:13.003+0000] {data_factory.py:168} INFO - Executing the gold_store_procedures_pipeline pipeline.
[2025-08-26T05:49:13.025+0000] {connection.py:274} WARNING - Connection schemes (type: azure_data_factory) shall not contain '_' according to RFC3986.
[2025-08-26T05:49:13.029+0000] {base.py:84} INFO - Using connection ID 'azure_data_factory_default' for task execution.
[2025-08-26T05:49:13.040+0000] {authority.py:75} INFO - Initializing with Entra authority: https://login.microsoftonline.com/9b617bf3-2377-4477-b5c4-396bb56461d6
[2025-08-26T05:49:13.042+0000] {_universal.py:513} INFO - Request URL: 'https://login.microsoftonline.com/9b617bf3-2377-4477-b5c4-396bb56461d6/v2.0/.well-known/openid-configuration'
Request method: 'GET'
Request headers:
    'User-Agent': 'azsdk-python-identity/1.17.1 Python/3.12.4 (Linux-5.15.0-139-generic-x86_64-with-glibc2.36)'
No body was attached to the request
[2025-08-26T05:49:13.309+0000] {_universal.py:549} INFO - Response status: 200
Response headers:
    'Cache-Control': 'max-age=86400, private'
    'Content-Type': 'application/json; charset=utf-8'
    'Strict-Transport-Security': 'REDACTED'
    'X-Content-Type-Options': 'REDACTED'
    'Access-Control-Allow-Origin': 'REDACTED'
    'Access-Control-Allow-Methods': 'REDACTED'
    'P3P': 'REDACTED'
    'x-ms-request-id': 'f9613370-5bcb-4625-9a31-caab21832101'
    'x-ms-ests-server': 'REDACTED'
    'x-ms-srs': 'REDACTED'
    'Content-Security-Policy-Report-Only': 'REDACTED'
    'X-XSS-Protection': 'REDACTED'
    'Set-Cookie': 'REDACTED'
    'Date': 'Tue, 26 Aug 2025 05:49:12 GMT'
    'Content-Length': '1753'
[2025-08-26T05:49:13.310+0000] {_universal.py:510} INFO - Request URL: 'https://login.microsoftonline.com/9b617bf3-2377-4477-b5c4-396bb56461d6/oauth2/v2.0/token'
Request method: 'POST'
Request headers:
    'Accept': 'application/json'
    'x-client-sku': 'REDACTED'
    'x-client-ver': 'REDACTED'
    'x-client-os': 'REDACTED'
    'x-ms-lib-capability': 'REDACTED'
    'client-request-id': 'REDACTED'
    'x-client-current-telemetry': 'REDACTED'
    'x-client-last-telemetry': 'REDACTED'
    'User-Agent': 'azsdk-python-identity/1.17.1 Python/3.12.4 (Linux-5.15.0-139-generic-x86_64-with-glibc2.36)'
A body is sent with the request
[2025-08-26T05:49:13.412+0000] {_universal.py:549} INFO - Response status: 200
Response headers:
    'Cache-Control': 'no-store, no-cache'
    'Pragma': 'no-cache'
    'Content-Type': 'application/json; charset=utf-8'
    'Expires': '-1'
    'Strict-Transport-Security': 'REDACTED'
    'X-Content-Type-Options': 'REDACTED'
    'P3P': 'REDACTED'
    'client-request-id': 'REDACTED'
    'x-ms-request-id': '47eab412-b26d-4526-8e83-d57263385001'
    'x-ms-ests-server': 'REDACTED'
    'x-ms-clitelem': 'REDACTED'
    'x-ms-srs': 'REDACTED'
    'Content-Security-Policy-Report-Only': 'REDACTED'
    'X-XSS-Protection': 'REDACTED'
    'Set-Cookie': 'REDACTED'
    'Date': 'Tue, 26 Aug 2025 05:49:12 GMT'
    'Content-Length': '1801'
[2025-08-26T05:49:13.413+0000] {get_token_mixin.py:104} INFO - ClientSecretCredential.get_token succeeded
[2025-08-26T05:49:13.416+0000] {_universal.py:510} INFO - Request URL: 'https://management.azure.com/subscriptions/1c39c210-e3f2-4150-9318-db149d7bfec2/resourceGroups/data_platform/providers/Microsoft.DataFactory/factories/adf-data-platform/pipelines/gold_store_procedures_pipeline/createRun?api-version=REDACTED'
Request method: 'POST'
Request headers:
    'Content-Type': 'application/json'
    'Content-Length': '44'
    'Accept': 'application/json'
    'x-ms-client-request-id': '64dfeeae-8240-11f0-bae1-42b7dc14ec98'
    'User-Agent': 'azsdk-python-mgmt-datafactory/8.0.0 Python/3.12.4 (Linux-5.15.0-139-generic-x86_64-with-glibc2.36)'
    'Authorization': 'REDACTED'
A body is sent with the request
[2025-08-26T05:49:14.640+0000] {_universal.py:549} INFO - Response status: 200
Response headers:
    'Cache-Control': 'no-cache'
    'Pragma': 'no-cache'
    'Content-Length': '53'
    'Content-Type': 'application/json; charset=utf-8'
    'Expires': '-1'
    'x-ms-correlation-request-id': 'REDACTED'
    'x-ms-operation-identifier': 'REDACTED'
    'x-ms-ratelimit-remaining-subscription-writes': '199'
    'x-ms-ratelimit-remaining-subscription-global-writes': 'REDACTED'
    'x-ms-request-id': 'd0b466cf-7990-4b56-b6f2-e49aa311a5e2'
    'x-ms-routing-request-id': 'REDACTED'
    'Strict-Transport-Security': 'REDACTED'
    'X-Content-Type-Options': 'REDACTED'
    'X-Cache': 'REDACTED'
    'X-MSEdge-Ref': 'REDACTED'
    'Date': 'Tue, 26 Aug 2025 05:49:14 GMT'
[2025-08-26T05:49:14.698+0000] {data_factory.py:187} INFO - Waiting for pipeline run 64dfeeae-8240-11f0-bae1-42b7dc14ec98 to terminate.
[2025-08-26T05:49:14.699+0000] {data_factory.py:806} INFO - Getting the status of run ID 64dfeeae-8240-11f0-bae1-42b7dc14ec98.
[2025-08-26T05:49:14.700+0000] {_universal.py:513} INFO - Request URL: 'https://management.azure.com/subscriptions/1c39c210-e3f2-4150-9318-db149d7bfec2/resourceGroups/data_platform/providers/Microsoft.DataFactory/factories/adf-data-platform/pipelineruns/64dfeeae-8240-11f0-bae1-42b7dc14ec98?api-version=REDACTED'
Request method: 'GET'
Request headers:
    'Accept': 'application/json'
    'x-ms-client-request-id': '65dd3b9a-8240-11f0-bae1-42b7dc14ec98'
    'User-Agent': 'azsdk-python-mgmt-datafactory/8.0.0 Python/3.12.4 (Linux-5.15.0-139-generic-x86_64-with-glibc2.36)'
    'Authorization': 'REDACTED'
No body was attached to the request
[2025-08-26T05:49:14.917+0000] {_universal.py:549} INFO - Response status: 200
Response headers:
    'Cache-Control': 'no-cache'
    'Pragma': 'no-cache'
    'Content-Length': '855'
    'Content-Type': 'application/json; charset=utf-8'
    'Expires': '-1'
    'x-ms-correlation-request-id': 'REDACTED'
    'x-ms-operation-identifier': 'REDACTED'
    'x-ms-ratelimit-remaining-subscription-reads': '249'
    'x-ms-ratelimit-remaining-subscription-global-reads': 'REDACTED'
    'x-ms-request-id': '8677fdd9-30b1-4fed-90cf-c9c7cb28f949'
    'x-ms-routing-request-id': 'REDACTED'
    'Strict-Transport-Security': 'REDACTED'
    'X-Content-Type-Options': 'REDACTED'
    'X-Cache': 'REDACTED'
    'X-MSEdge-Ref': 'REDACTED'
    'Date': 'Tue, 26 Aug 2025 05:49:14 GMT'
[2025-08-26T05:49:14.922+0000] {data_factory.py:808} INFO - Current status of pipeline run 64dfeeae-8240-11f0-bae1-42b7dc14ec98: Queued
[2025-08-26T05:50:14.923+0000] {data_factory.py:806} INFO - Getting the status of run ID 64dfeeae-8240-11f0-bae1-42b7dc14ec98.
[2025-08-26T05:50:14.924+0000] {_universal.py:513} INFO - Request URL: 'https://management.azure.com/subscriptions/1c39c210-e3f2-4150-9318-db149d7bfec2/resourceGroups/data_platform/providers/Microsoft.DataFactory/factories/adf-data-platform/pipelineruns/64dfeeae-8240-11f0-bae1-42b7dc14ec98?api-version=REDACTED'
Request method: 'GET'
Request headers:
    'Accept': 'application/json'
    'x-ms-client-request-id': '89c2bee0-8240-11f0-bae1-42b7dc14ec98'
    'User-Agent': 'azsdk-python-mgmt-datafactory/8.0.0 Python/3.12.4 (Linux-5.15.0-139-generic-x86_64-with-glibc2.36)'
    'Authorization': 'REDACTED'
No body was attached to the request
[2025-08-26T05:50:15.203+0000] {_universal.py:549} INFO - Response status: 200
Response headers:
    'Cache-Control': 'no-cache'
    'Pragma': 'no-cache'
    'Content-Length': '880'
    'Content-Type': 'application/json; charset=utf-8'
    'Expires': '-1'
    'x-ms-correlation-request-id': 'REDACTED'
    'x-ms-operation-identifier': 'REDACTED'
    'x-ms-ratelimit-remaining-subscription-reads': '249'
    'x-ms-ratelimit-remaining-subscription-global-reads': 'REDACTED'
    'x-ms-request-id': '0511c2d8-aba8-48d0-910b-d2bf2994260c'
    'x-ms-routing-request-id': 'REDACTED'
    'Strict-Transport-Security': 'REDACTED'
    'X-Content-Type-Options': 'REDACTED'
    'X-Cache': 'REDACTED'
    'X-MSEdge-Ref': 'REDACTED'
    'Date': 'Tue, 26 Aug 2025 05:50:14 GMT'
[2025-08-26T05:50:15.205+0000] {data_factory.py:808} INFO - Current status of pipeline run 64dfeeae-8240-11f0-bae1-42b7dc14ec98: Succeeded
[2025-08-26T05:50:15.205+0000] {data_factory.py:197} INFO - Pipeline run 64dfeeae-8240-11f0-bae1-42b7dc14ec98 has completed successfully.
[2025-08-26T05:50:15.206+0000] {taskinstance.py:441} INFO - ::group::Post task execution logs
[2025-08-26T05:50:15.219+0000] {taskinstance.py:1206} INFO - Marking task as SUCCESS. dag_id=silver_adf_trigger_gold, task_id=trigger_gold_pipeline, run_id=scheduled__2025-08-25T05:40:00+00:00, execution_date=20250825T054000, start_date=20250826T054912, end_date=20250826T055015
[2025-08-26T05:50:15.322+0000] {local_task_job_runner.py:243} INFO - Task exited with return code 0
[2025-08-26T05:50:15.348+0000] {taskinstance.py:3503} INFO - 0 downstream tasks scheduled from follow-on schedule check
[2025-08-26T05:50:15.357+0000] {local_task_job_runner.py:222} INFO - ::endgroup::
