[2025-08-27T05:49:15.038+0000] {local_task_job_runner.py:120} INFO - ::group::Pre task execution logs
[2025-08-27T05:49:15.278+0000] {taskinstance.py:2076} INFO - Dependencies all met for dep_context=non-requeueable deps ti=<TaskInstance: silver_adf_trigger_gold.trigger_gold_pipeline scheduled__2025-08-26T05:40:00+00:00 [queued]>
[2025-08-27T05:49:15.297+0000] {taskinstance.py:2076} INFO - Dependencies all met for dep_context=requeueable deps ti=<TaskInstance: silver_adf_trigger_gold.trigger_gold_pipeline scheduled__2025-08-26T05:40:00+00:00 [queued]>
[2025-08-27T05:49:15.298+0000] {taskinstance.py:2306} INFO - Starting attempt 1 of 1
[2025-08-27T05:49:15.359+0000] {taskinstance.py:2330} INFO - Executing <Task(AzureDataFactoryRunPipelineOperator): trigger_gold_pipeline> on 2025-08-26 05:40:00+00:00
[2025-08-27T05:49:15.368+0000] {standard_task_runner.py:90} INFO - Running: ['***', 'tasks', 'run', 'silver_adf_trigger_gold', 'trigger_gold_pipeline', 'scheduled__2025-08-26T05:40:00+00:00', '--job-id', '162', '--raw', '--subdir', 'DAGS_FOLDER/data_factory_pipeline.py', '--cfg-path', '/tmp/tmp21bc47wh']
[2025-08-27T05:49:15.371+0000] {standard_task_runner.py:91} INFO - Job 162: Subtask trigger_gold_pipeline
[2025-08-27T05:49:15.372+0000] {logging_mixin.py:188} WARNING - /home/***/.local/lib/python3.12/site-packages/***/task/task_runner/standard_task_runner.py:62 DeprecationWarning: This process (pid=795) is multi-threaded, use of fork() may lead to deadlocks in the child.
[2025-08-27T05:49:15.373+0000] {standard_task_runner.py:64} INFO - Started process 797 to run task
[2025-08-27T05:49:15.442+0000] {task_command.py:426} INFO - Running <TaskInstance: silver_adf_trigger_gold.trigger_gold_pipeline scheduled__2025-08-26T05:40:00+00:00 [running]> on host 5dcb34521e5e
[2025-08-27T05:49:15.643+0000] {taskinstance.py:2648} INFO - Exporting env vars: AIRFLOW_CTX_DAG_OWNER='***' AIRFLOW_CTX_DAG_ID='silver_adf_trigger_gold' AIRFLOW_CTX_TASK_ID='trigger_gold_pipeline' AIRFLOW_CTX_EXECUTION_DATE='2025-08-26T05:40:00+00:00' AIRFLOW_CTX_TRY_NUMBER='1' AIRFLOW_CTX_DAG_RUN_ID='scheduled__2025-08-26T05:40:00+00:00'
[2025-08-27T05:49:15.643+0000] {taskinstance.py:430} INFO - ::endgroup::
[2025-08-27T05:49:15.666+0000] {data_factory.py:168} INFO - Executing the gold_store_procedures_pipeline pipeline.
[2025-08-27T05:49:15.687+0000] {connection.py:274} WARNING - Connection schemes (type: azure_data_factory) shall not contain '_' according to RFC3986.
[2025-08-27T05:49:15.690+0000] {base.py:84} INFO - Using connection ID 'azure_data_factory_default' for task execution.
[2025-08-27T05:49:15.697+0000] {authority.py:75} INFO - Initializing with Entra authority: https://login.microsoftonline.com/9b617bf3-2377-4477-b5c4-396bb56461d6
[2025-08-27T05:49:15.698+0000] {_universal.py:513} INFO - Request URL: 'https://login.microsoftonline.com/9b617bf3-2377-4477-b5c4-396bb56461d6/v2.0/.well-known/openid-configuration'
Request method: 'GET'
Request headers:
    'User-Agent': 'azsdk-python-identity/1.17.1 Python/3.12.4 (Linux-5.15.0-139-generic-x86_64-with-glibc2.36)'
No body was attached to the request
[2025-08-27T05:49:15.954+0000] {_universal.py:549} INFO - Response status: 200
Response headers:
    'Cache-Control': 'max-age=86400, private'
    'Content-Type': 'application/json; charset=utf-8'
    'Strict-Transport-Security': 'REDACTED'
    'X-Content-Type-Options': 'REDACTED'
    'Access-Control-Allow-Origin': 'REDACTED'
    'Access-Control-Allow-Methods': 'REDACTED'
    'P3P': 'REDACTED'
    'x-ms-request-id': '330075df-ed54-413a-98b4-d80518752800'
    'x-ms-ests-server': 'REDACTED'
    'x-ms-srs': 'REDACTED'
    'Content-Security-Policy-Report-Only': 'REDACTED'
    'X-XSS-Protection': 'REDACTED'
    'Set-Cookie': 'REDACTED'
    'Date': 'Wed, 27 Aug 2025 05:49:15 GMT'
    'Content-Length': '1753'
[2025-08-27T05:49:15.956+0000] {_universal.py:510} INFO - Request URL: 'https://login.microsoftonline.com/9b617bf3-2377-4477-b5c4-396bb56461d6/oauth2/v2.0/token'
Request method: 'POST'
Request headers:
    'Accept': 'application/json'
    'x-client-sku': 'REDACTED'
    'x-client-ver': 'REDACTED'
    'x-client-os': 'REDACTED'
    'x-ms-lib-capability': 'REDACTED'
    'client-request-id': 'REDACTED'
    'x-client-current-telemetry': 'REDACTED'
    'x-client-last-telemetry': 'REDACTED'
    'User-Agent': 'azsdk-python-identity/1.17.1 Python/3.12.4 (Linux-5.15.0-139-generic-x86_64-with-glibc2.36)'
A body is sent with the request
[2025-08-27T05:49:16.127+0000] {_universal.py:549} INFO - Response status: 200
Response headers:
    'Cache-Control': 'no-store, no-cache'
    'Pragma': 'no-cache'
    'Content-Type': 'application/json; charset=utf-8'
    'Expires': '-1'
    'Strict-Transport-Security': 'REDACTED'
    'X-Content-Type-Options': 'REDACTED'
    'P3P': 'REDACTED'
    'client-request-id': 'REDACTED'
    'x-ms-request-id': '4bd516fa-d236-4ae0-bbc1-45fe38b85400'
    'x-ms-ests-server': 'REDACTED'
    'x-ms-clitelem': 'REDACTED'
    'x-ms-srs': 'REDACTED'
    'Content-Security-Policy-Report-Only': 'REDACTED'
    'X-XSS-Protection': 'REDACTED'
    'Set-Cookie': 'REDACTED'
    'Date': 'Wed, 27 Aug 2025 05:49:16 GMT'
    'Content-Length': '1799'
[2025-08-27T05:49:16.127+0000] {get_token_mixin.py:104} INFO - ClientSecretCredential.get_token succeeded
[2025-08-27T05:49:16.128+0000] {_universal.py:510} INFO - Request URL: 'https://management.azure.com/subscriptions/1c39c210-e3f2-4150-9318-db149d7bfec2/resourceGroups/data_platform/providers/Microsoft.DataFactory/factories/adf-data-platform/pipelines/gold_store_procedures_pipeline/createRun?api-version=REDACTED'
Request method: 'POST'
Request headers:
    'Content-Type': 'application/json'
    'Content-Length': '44'
    'Accept': 'application/json'
    'x-ms-client-request-id': '90df16a0-8309-11f0-bf2b-5e7fb597d82e'
    'User-Agent': 'azsdk-python-mgmt-datafactory/8.0.0 Python/3.12.4 (Linux-5.15.0-139-generic-x86_64-with-glibc2.36)'
    'Authorization': 'REDACTED'
A body is sent with the request
[2025-08-27T05:49:17.265+0000] {_universal.py:549} INFO - Response status: 200
Response headers:
    'Cache-Control': 'no-cache'
    'Pragma': 'no-cache'
    'Content-Length': '53'
    'Content-Type': 'application/json; charset=utf-8'
    'Expires': '-1'
    'x-ms-correlation-request-id': 'REDACTED'
    'x-ms-operation-identifier': 'REDACTED'
    'x-ms-ratelimit-remaining-subscription-writes': '199'
    'x-ms-ratelimit-remaining-subscription-global-writes': 'REDACTED'
    'x-ms-request-id': 'cf7cc56c-c78f-4763-b788-43699adb89e4'
    'x-ms-routing-request-id': 'REDACTED'
    'Strict-Transport-Security': 'REDACTED'
    'X-Content-Type-Options': 'REDACTED'
    'X-Cache': 'REDACTED'
    'X-MSEdge-Ref': 'REDACTED'
    'Date': 'Wed, 27 Aug 2025 05:49:17 GMT'
[2025-08-27T05:49:17.326+0000] {data_factory.py:187} INFO - Waiting for pipeline run 90df16a0-8309-11f0-bf2b-5e7fb597d82e to terminate.
[2025-08-27T05:49:17.327+0000] {data_factory.py:806} INFO - Getting the status of run ID 90df16a0-8309-11f0-bf2b-5e7fb597d82e.
[2025-08-27T05:49:17.331+0000] {_universal.py:513} INFO - Request URL: 'https://management.azure.com/subscriptions/1c39c210-e3f2-4150-9318-db149d7bfec2/resourceGroups/data_platform/providers/Microsoft.DataFactory/factories/adf-data-platform/pipelineruns/90df16a0-8309-11f0-bf2b-5e7fb597d82e?api-version=REDACTED'
Request method: 'GET'
Request headers:
    'Accept': 'application/json'
    'x-ms-client-request-id': '91d85cba-8309-11f0-bf2b-5e7fb597d82e'
    'User-Agent': 'azsdk-python-mgmt-datafactory/8.0.0 Python/3.12.4 (Linux-5.15.0-139-generic-x86_64-with-glibc2.36)'
    'Authorization': 'REDACTED'
No body was attached to the request
[2025-08-27T05:49:17.633+0000] {_universal.py:549} INFO - Response status: 200
Response headers:
    'Cache-Control': 'no-cache'
    'Pragma': 'no-cache'
    'Content-Length': '855'
    'Content-Type': 'application/json; charset=utf-8'
    'Expires': '-1'
    'x-ms-correlation-request-id': 'REDACTED'
    'x-ms-operation-identifier': 'REDACTED'
    'x-ms-ratelimit-remaining-subscription-reads': '249'
    'x-ms-ratelimit-remaining-subscription-global-reads': 'REDACTED'
    'x-ms-request-id': '1ac60763-1d20-4dac-aafd-a8b581e38fb3'
    'x-ms-routing-request-id': 'REDACTED'
    'Strict-Transport-Security': 'REDACTED'
    'X-Content-Type-Options': 'REDACTED'
    'X-Cache': 'REDACTED'
    'X-MSEdge-Ref': 'REDACTED'
    'Date': 'Wed, 27 Aug 2025 05:49:17 GMT'
[2025-08-27T05:49:17.641+0000] {data_factory.py:808} INFO - Current status of pipeline run 90df16a0-8309-11f0-bf2b-5e7fb597d82e: Queued
[2025-08-27T05:50:17.643+0000] {data_factory.py:806} INFO - Getting the status of run ID 90df16a0-8309-11f0-bf2b-5e7fb597d82e.
[2025-08-27T05:50:17.645+0000] {_universal.py:513} INFO - Request URL: 'https://management.azure.com/subscriptions/1c39c210-e3f2-4150-9318-db149d7bfec2/resourceGroups/data_platform/providers/Microsoft.DataFactory/factories/adf-data-platform/pipelineruns/90df16a0-8309-11f0-bf2b-5e7fb597d82e?api-version=REDACTED'
Request method: 'GET'
Request headers:
    'Accept': 'application/json'
    'x-ms-client-request-id': 'b5cba532-8309-11f0-bf2b-5e7fb597d82e'
    'User-Agent': 'azsdk-python-mgmt-datafactory/8.0.0 Python/3.12.4 (Linux-5.15.0-139-generic-x86_64-with-glibc2.36)'
    'Authorization': 'REDACTED'
No body was attached to the request
[2025-08-27T05:50:17.856+0000] {_universal.py:549} INFO - Response status: 200
Response headers:
    'Cache-Control': 'no-cache'
    'Pragma': 'no-cache'
    'Content-Length': '857'
    'Content-Type': 'application/json; charset=utf-8'
    'Expires': '-1'
    'x-ms-correlation-request-id': 'REDACTED'
    'x-ms-operation-identifier': 'REDACTED'
    'x-ms-ratelimit-remaining-subscription-reads': '249'
    'x-ms-ratelimit-remaining-subscription-global-reads': 'REDACTED'
    'x-ms-request-id': '08795103-561e-4952-acbc-137e9b0e16c9'
    'x-ms-routing-request-id': 'REDACTED'
    'Strict-Transport-Security': 'REDACTED'
    'X-Content-Type-Options': 'REDACTED'
    'X-Cache': 'REDACTED'
    'X-MSEdge-Ref': 'REDACTED'
    'Date': 'Wed, 27 Aug 2025 05:50:17 GMT'
[2025-08-27T05:50:17.857+0000] {data_factory.py:808} INFO - Current status of pipeline run 90df16a0-8309-11f0-bf2b-5e7fb597d82e: InProgress
[2025-08-27T05:51:17.858+0000] {data_factory.py:806} INFO - Getting the status of run ID 90df16a0-8309-11f0-bf2b-5e7fb597d82e.
[2025-08-27T05:51:17.860+0000] {_universal.py:513} INFO - Request URL: 'https://management.azure.com/subscriptions/1c39c210-e3f2-4150-9318-db149d7bfec2/resourceGroups/data_platform/providers/Microsoft.DataFactory/factories/adf-data-platform/pipelineruns/90df16a0-8309-11f0-bf2b-5e7fb597d82e?api-version=REDACTED'
Request method: 'GET'
Request headers:
    'Accept': 'application/json'
    'x-ms-client-request-id': 'd9afab74-8309-11f0-bf2b-5e7fb597d82e'
    'User-Agent': 'azsdk-python-mgmt-datafactory/8.0.0 Python/3.12.4 (Linux-5.15.0-139-generic-x86_64-with-glibc2.36)'
    'Authorization': 'REDACTED'
No body was attached to the request
[2025-08-27T05:51:18.175+0000] {_universal.py:549} INFO - Response status: 200
Response headers:
    'Cache-Control': 'no-cache'
    'Pragma': 'no-cache'
    'Content-Length': '881'
    'Content-Type': 'application/json; charset=utf-8'
    'Expires': '-1'
    'x-ms-correlation-request-id': 'REDACTED'
    'x-ms-operation-identifier': 'REDACTED'
    'x-ms-ratelimit-remaining-subscription-reads': '249'
    'x-ms-ratelimit-remaining-subscription-global-reads': 'REDACTED'
    'x-ms-request-id': '757aa192-ea3f-4f42-a297-33b4435b18e8'
    'x-ms-routing-request-id': 'REDACTED'
    'Strict-Transport-Security': 'REDACTED'
    'X-Content-Type-Options': 'REDACTED'
    'X-Cache': 'REDACTED'
    'X-MSEdge-Ref': 'REDACTED'
    'Date': 'Wed, 27 Aug 2025 05:51:17 GMT'
[2025-08-27T05:51:18.177+0000] {data_factory.py:808} INFO - Current status of pipeline run 90df16a0-8309-11f0-bf2b-5e7fb597d82e: Succeeded
[2025-08-27T05:51:18.178+0000] {data_factory.py:197} INFO - Pipeline run 90df16a0-8309-11f0-bf2b-5e7fb597d82e has completed successfully.
[2025-08-27T05:51:18.178+0000] {taskinstance.py:441} INFO - ::group::Post task execution logs
[2025-08-27T05:51:18.190+0000] {taskinstance.py:1206} INFO - Marking task as SUCCESS. dag_id=silver_adf_trigger_gold, task_id=trigger_gold_pipeline, run_id=scheduled__2025-08-26T05:40:00+00:00, execution_date=20250826T054000, start_date=20250827T054915, end_date=20250827T055118
[2025-08-27T05:51:18.235+0000] {local_task_job_runner.py:243} INFO - Task exited with return code 0
[2025-08-27T05:51:18.256+0000] {taskinstance.py:3503} INFO - 0 downstream tasks scheduled from follow-on schedule check
[2025-08-27T05:51:18.267+0000] {local_task_job_runner.py:222} INFO - ::endgroup::
