[2025-08-09T10:14:16.467+0000] {local_task_job_runner.py:120} INFO - ::group::Pre task execution logs
[2025-08-09T10:14:16.519+0000] {taskinstance.py:2076} INFO - Dependencies all met for dep_context=non-requeueable deps ti=<TaskInstance: silver_and_gold_adf_trigger.trigger_gold_pipeline manual__2025-08-09T10:04:44.704645+00:00 [queued]>
[2025-08-09T10:14:16.534+0000] {taskinstance.py:2076} INFO - Dependencies all met for dep_context=requeueable deps ti=<TaskInstance: silver_and_gold_adf_trigger.trigger_gold_pipeline manual__2025-08-09T10:04:44.704645+00:00 [queued]>
[2025-08-09T10:14:16.534+0000] {taskinstance.py:2306} INFO - Starting attempt 1 of 1
[2025-08-09T10:14:16.581+0000] {taskinstance.py:2330} INFO - Executing <Task(AzureDataFactoryRunPipelineOperator): trigger_gold_pipeline> on 2025-08-09 10:04:44.704645+00:00
[2025-08-09T10:14:16.594+0000] {standard_task_runner.py:90} INFO - Running: ['***', 'tasks', 'run', 'silver_and_gold_adf_trigger', 'trigger_gold_pipeline', 'manual__2025-08-09T10:04:44.704645+00:00', '--job-id', '62', '--raw', '--subdir', 'DAGS_FOLDER/data_factory_pipeline.py', '--cfg-path', '/tmp/tmpmr9fbxc1']
[2025-08-09T10:14:16.600+0000] {logging_mixin.py:188} WARNING - /home/***/.local/lib/python3.12/site-packages/***/task/task_runner/standard_task_runner.py:62 DeprecationWarning: This process (pid=28080) is multi-threaded, use of fork() may lead to deadlocks in the child.
[2025-08-09T10:14:16.601+0000] {standard_task_runner.py:91} INFO - Job 62: Subtask trigger_gold_pipeline
[2025-08-09T10:14:16.601+0000] {standard_task_runner.py:64} INFO - Started process 28082 to run task
[2025-08-09T10:14:16.671+0000] {task_command.py:426} INFO - Running <TaskInstance: silver_and_gold_adf_trigger.trigger_gold_pipeline manual__2025-08-09T10:04:44.704645+00:00 [running]> on host f43e2d80cc91
[2025-08-09T10:14:16.815+0000] {taskinstance.py:2648} INFO - Exporting env vars: AIRFLOW_CTX_DAG_OWNER='***' AIRFLOW_CTX_DAG_ID='silver_and_gold_adf_trigger' AIRFLOW_CTX_TASK_ID='trigger_gold_pipeline' AIRFLOW_CTX_EXECUTION_DATE='2025-08-09T10:04:44.704645+00:00' AIRFLOW_CTX_TRY_NUMBER='1' AIRFLOW_CTX_DAG_RUN_ID='manual__2025-08-09T10:04:44.704645+00:00'
[2025-08-09T10:14:16.816+0000] {taskinstance.py:430} INFO - ::endgroup::
[2025-08-09T10:14:16.838+0000] {data_factory.py:168} INFO - Executing the gold_pipeline pipeline.
[2025-08-09T10:14:16.863+0000] {connection.py:274} WARNING - Connection schemes (type: azure_data_factory) shall not contain '_' according to RFC3986.
[2025-08-09T10:14:16.866+0000] {base.py:84} INFO - Using connection ID 'azure_data_factory_default' for task execution.
[2025-08-09T10:14:16.878+0000] {authority.py:75} INFO - Initializing with Entra authority: https://login.microsoftonline.com/9b617bf3-2377-4477-b5c4-396bb56461d6
[2025-08-09T10:14:16.879+0000] {_universal.py:513} INFO - Request URL: 'https://login.microsoftonline.com/9b617bf3-2377-4477-b5c4-396bb56461d6/v2.0/.well-known/openid-configuration'
Request method: 'GET'
Request headers:
    'User-Agent': 'azsdk-python-identity/1.17.1 Python/3.12.4 (Linux-5.15.0-139-generic-x86_64-with-glibc2.36)'
No body was attached to the request
[2025-08-09T10:14:17.201+0000] {_universal.py:549} INFO - Response status: 200
Response headers:
    'Cache-Control': 'max-age=86400, private'
    'Content-Type': 'application/json; charset=utf-8'
    'Strict-Transport-Security': 'REDACTED'
    'X-Content-Type-Options': 'REDACTED'
    'Access-Control-Allow-Origin': 'REDACTED'
    'Access-Control-Allow-Methods': 'REDACTED'
    'P3P': 'REDACTED'
    'x-ms-request-id': 'f3719042-ead8-4dcf-b9a4-8c5f4d944600'
    'x-ms-ests-server': 'REDACTED'
    'x-ms-srs': 'REDACTED'
    'Content-Security-Policy-Report-Only': 'REDACTED'
    'X-XSS-Protection': 'REDACTED'
    'Set-Cookie': 'REDACTED'
    'Date': 'Sat, 09 Aug 2025 10:14:17 GMT'
    'Content-Length': '1753'
[2025-08-09T10:14:17.202+0000] {_universal.py:510} INFO - Request URL: 'https://login.microsoftonline.com/9b617bf3-2377-4477-b5c4-396bb56461d6/oauth2/v2.0/token'
Request method: 'POST'
Request headers:
    'Accept': 'application/json'
    'x-client-sku': 'REDACTED'
    'x-client-ver': 'REDACTED'
    'x-client-os': 'REDACTED'
    'x-ms-lib-capability': 'REDACTED'
    'client-request-id': 'REDACTED'
    'x-client-current-telemetry': 'REDACTED'
    'x-client-last-telemetry': 'REDACTED'
    'User-Agent': 'azsdk-python-identity/1.17.1 Python/3.12.4 (Linux-5.15.0-139-generic-x86_64-with-glibc2.36)'
A body is sent with the request
[2025-08-09T10:14:17.310+0000] {_universal.py:549} INFO - Response status: 200
Response headers:
    'Cache-Control': 'no-store, no-cache'
    'Pragma': 'no-cache'
    'Content-Type': 'application/json; charset=utf-8'
    'Expires': '-1'
    'Strict-Transport-Security': 'REDACTED'
    'X-Content-Type-Options': 'REDACTED'
    'P3P': 'REDACTED'
    'client-request-id': 'REDACTED'
    'x-ms-request-id': '44ccc60a-3caf-4aa2-a6df-7c3c7f611601'
    'x-ms-ests-server': 'REDACTED'
    'x-ms-clitelem': 'REDACTED'
    'x-ms-srs': 'REDACTED'
    'Content-Security-Policy-Report-Only': 'REDACTED'
    'X-XSS-Protection': 'REDACTED'
    'Set-Cookie': 'REDACTED'
    'Date': 'Sat, 09 Aug 2025 10:14:17 GMT'
    'Content-Length': '1793'
[2025-08-09T10:14:17.312+0000] {get_token_mixin.py:104} INFO - ClientSecretCredential.get_token succeeded
[2025-08-09T10:14:17.313+0000] {_universal.py:510} INFO - Request URL: 'https://management.azure.com/subscriptions/1c39c210-e3f2-4150-9318-db149d7bfec2/resourceGroups/data_platform/providers/Microsoft.DataFactory/factories/adf-data-platform/pipelines/gold_pipeline/createRun?api-version=REDACTED'
Request method: 'POST'
Request headers:
    'Content-Type': 'application/json'
    'Content-Length': '22'
    'Accept': 'application/json'
    'x-ms-client-request-id': '9b4723d4-7509-11f0-bc50-569e7ef4899a'
    'User-Agent': 'azsdk-python-mgmt-datafactory/8.0.0 Python/3.12.4 (Linux-5.15.0-139-generic-x86_64-with-glibc2.36)'
    'Authorization': 'REDACTED'
A body is sent with the request
[2025-08-09T10:14:20.089+0000] {_universal.py:549} INFO - Response status: 200
Response headers:
    'Cache-Control': 'no-cache'
    'Pragma': 'no-cache'
    'Content-Length': '53'
    'Content-Type': 'application/json; charset=utf-8'
    'Expires': '-1'
    'x-ms-correlation-request-id': 'REDACTED'
    'x-ms-operation-identifier': 'REDACTED'
    'x-ms-ratelimit-remaining-subscription-writes': '199'
    'x-ms-ratelimit-remaining-subscription-global-writes': 'REDACTED'
    'x-ms-request-id': '78fdcf31-5677-41fd-b0c0-a31a014bc9ee'
    'x-ms-routing-request-id': 'REDACTED'
    'Strict-Transport-Security': 'REDACTED'
    'X-Content-Type-Options': 'REDACTED'
    'X-Cache': 'REDACTED'
    'X-MSEdge-Ref': 'REDACTED'
    'Date': 'Sat, 09 Aug 2025 10:14:19 GMT'
[2025-08-09T10:14:20.132+0000] {data_factory.py:187} INFO - Waiting for pipeline run 9b4723d4-7509-11f0-bc50-569e7ef4899a to terminate.
[2025-08-09T10:14:20.133+0000] {data_factory.py:806} INFO - Getting the status of run ID 9b4723d4-7509-11f0-bc50-569e7ef4899a.
[2025-08-09T10:14:20.135+0000] {_universal.py:513} INFO - Request URL: 'https://management.azure.com/subscriptions/1c39c210-e3f2-4150-9318-db149d7bfec2/resourceGroups/data_platform/providers/Microsoft.DataFactory/factories/adf-data-platform/pipelineruns/9b4723d4-7509-11f0-bc50-569e7ef4899a?api-version=REDACTED'
Request method: 'GET'
Request headers:
    'Accept': 'application/json'
    'x-ms-client-request-id': '9d3836ec-7509-11f0-bc50-569e7ef4899a'
    'User-Agent': 'azsdk-python-mgmt-datafactory/8.0.0 Python/3.12.4 (Linux-5.15.0-139-generic-x86_64-with-glibc2.36)'
    'Authorization': 'REDACTED'
No body was attached to the request
[2025-08-09T10:14:20.381+0000] {_universal.py:549} INFO - Response status: 200
Response headers:
    'Cache-Control': 'no-cache'
    'Pragma': 'no-cache'
    'Content-Length': '808'
    'Content-Type': 'application/json; charset=utf-8'
    'Expires': '-1'
    'x-ms-correlation-request-id': 'REDACTED'
    'x-ms-operation-identifier': 'REDACTED'
    'x-ms-ratelimit-remaining-subscription-reads': '249'
    'x-ms-ratelimit-remaining-subscription-global-reads': 'REDACTED'
    'x-ms-request-id': '36cfb755-b696-4f22-926f-783d0cd8105e'
    'x-ms-routing-request-id': 'REDACTED'
    'Strict-Transport-Security': 'REDACTED'
    'X-Content-Type-Options': 'REDACTED'
    'X-Cache': 'REDACTED'
    'X-MSEdge-Ref': 'REDACTED'
    'Date': 'Sat, 09 Aug 2025 10:14:19 GMT'
[2025-08-09T10:14:20.390+0000] {data_factory.py:808} INFO - Current status of pipeline run 9b4723d4-7509-11f0-bc50-569e7ef4899a: Queued
[2025-08-09T10:15:20.390+0000] {data_factory.py:806} INFO - Getting the status of run ID 9b4723d4-7509-11f0-bc50-569e7ef4899a.
[2025-08-09T10:15:20.392+0000] {_universal.py:513} INFO - Request URL: 'https://management.azure.com/subscriptions/1c39c210-e3f2-4150-9318-db149d7bfec2/resourceGroups/data_platform/providers/Microsoft.DataFactory/factories/adf-data-platform/pipelineruns/9b4723d4-7509-11f0-bc50-569e7ef4899a?api-version=REDACTED'
Request method: 'GET'
Request headers:
    'Accept': 'application/json'
    'x-ms-client-request-id': 'c122b47e-7509-11f0-bc50-569e7ef4899a'
    'User-Agent': 'azsdk-python-mgmt-datafactory/8.0.0 Python/3.12.4 (Linux-5.15.0-139-generic-x86_64-with-glibc2.36)'
    'Authorization': 'REDACTED'
No body was attached to the request
[2025-08-09T10:15:20.692+0000] {_universal.py:549} INFO - Response status: 200
Response headers:
    'Cache-Control': 'no-cache'
    'Pragma': 'no-cache'
    'Content-Length': '810'
    'Content-Type': 'application/json; charset=utf-8'
    'Expires': '-1'
    'x-ms-correlation-request-id': 'REDACTED'
    'x-ms-operation-identifier': 'REDACTED'
    'x-ms-ratelimit-remaining-subscription-reads': '249'
    'x-ms-ratelimit-remaining-subscription-global-reads': 'REDACTED'
    'x-ms-request-id': 'df2d8472-f0a9-408a-84d1-aadd9f97377b'
    'x-ms-routing-request-id': 'REDACTED'
    'Strict-Transport-Security': 'REDACTED'
    'X-Content-Type-Options': 'REDACTED'
    'X-Cache': 'REDACTED'
    'X-MSEdge-Ref': 'REDACTED'
    'Date': 'Sat, 09 Aug 2025 10:15:19 GMT'
[2025-08-09T10:15:20.693+0000] {data_factory.py:808} INFO - Current status of pipeline run 9b4723d4-7509-11f0-bc50-569e7ef4899a: InProgress
[2025-08-09T10:16:20.693+0000] {data_factory.py:806} INFO - Getting the status of run ID 9b4723d4-7509-11f0-bc50-569e7ef4899a.
[2025-08-09T10:16:20.694+0000] {_universal.py:513} INFO - Request URL: 'https://management.azure.com/subscriptions/1c39c210-e3f2-4150-9318-db149d7bfec2/resourceGroups/data_platform/providers/Microsoft.DataFactory/factories/adf-data-platform/pipelineruns/9b4723d4-7509-11f0-bc50-569e7ef4899a?api-version=REDACTED'
Request method: 'GET'
Request headers:
    'Accept': 'application/json'
    'x-ms-client-request-id': 'e5142c50-7509-11f0-bc50-569e7ef4899a'
    'User-Agent': 'azsdk-python-mgmt-datafactory/8.0.0 Python/3.12.4 (Linux-5.15.0-139-generic-x86_64-with-glibc2.36)'
    'Authorization': 'REDACTED'
No body was attached to the request
[2025-08-09T10:16:21.080+0000] {_universal.py:549} INFO - Response status: 200
Response headers:
    'Cache-Control': 'no-cache'
    'Pragma': 'no-cache'
    'Content-Length': '810'
    'Content-Type': 'application/json; charset=utf-8'
    'Expires': '-1'
    'x-ms-correlation-request-id': 'REDACTED'
    'x-ms-operation-identifier': 'REDACTED'
    'x-ms-ratelimit-remaining-subscription-reads': '249'
    'x-ms-ratelimit-remaining-subscription-global-reads': 'REDACTED'
    'x-ms-request-id': '984def68-132f-47b8-a57f-bfdffa6bda15'
    'x-ms-routing-request-id': 'REDACTED'
    'Strict-Transport-Security': 'REDACTED'
    'X-Content-Type-Options': 'REDACTED'
    'X-Cache': 'REDACTED'
    'X-MSEdge-Ref': 'REDACTED'
    'Date': 'Sat, 09 Aug 2025 10:16:21 GMT'
[2025-08-09T10:16:21.082+0000] {data_factory.py:808} INFO - Current status of pipeline run 9b4723d4-7509-11f0-bc50-569e7ef4899a: InProgress
[2025-08-09T10:17:21.082+0000] {data_factory.py:806} INFO - Getting the status of run ID 9b4723d4-7509-11f0-bc50-569e7ef4899a.
[2025-08-09T10:17:21.083+0000] {_universal.py:513} INFO - Request URL: 'https://management.azure.com/subscriptions/1c39c210-e3f2-4150-9318-db149d7bfec2/resourceGroups/data_platform/providers/Microsoft.DataFactory/factories/adf-data-platform/pipelineruns/9b4723d4-7509-11f0-bc50-569e7ef4899a?api-version=REDACTED'
Request method: 'GET'
Request headers:
    'Accept': 'application/json'
    'x-ms-client-request-id': '0912d2c8-750a-11f0-bc50-569e7ef4899a'
    'User-Agent': 'azsdk-python-mgmt-datafactory/8.0.0 Python/3.12.4 (Linux-5.15.0-139-generic-x86_64-with-glibc2.36)'
    'Authorization': 'REDACTED'
No body was attached to the request
[2025-08-09T10:17:21.362+0000] {_universal.py:549} INFO - Response status: 200
Response headers:
    'Cache-Control': 'no-cache'
    'Pragma': 'no-cache'
    'Content-Length': '835'
    'Content-Type': 'application/json; charset=utf-8'
    'Expires': '-1'
    'x-ms-correlation-request-id': 'REDACTED'
    'x-ms-operation-identifier': 'REDACTED'
    'x-ms-ratelimit-remaining-subscription-reads': '249'
    'x-ms-ratelimit-remaining-subscription-global-reads': 'REDACTED'
    'x-ms-request-id': '52faf19b-9a57-42fc-8e43-af16513c681d'
    'x-ms-routing-request-id': 'REDACTED'
    'Strict-Transport-Security': 'REDACTED'
    'X-Content-Type-Options': 'REDACTED'
    'X-Cache': 'REDACTED'
    'X-MSEdge-Ref': 'REDACTED'
    'Date': 'Sat, 09 Aug 2025 10:17:21 GMT'
[2025-08-09T10:17:21.363+0000] {data_factory.py:808} INFO - Current status of pipeline run 9b4723d4-7509-11f0-bc50-569e7ef4899a: Succeeded
[2025-08-09T10:17:21.363+0000] {data_factory.py:197} INFO - Pipeline run 9b4723d4-7509-11f0-bc50-569e7ef4899a has completed successfully.
[2025-08-09T10:17:21.364+0000] {taskinstance.py:441} INFO - ::group::Post task execution logs
[2025-08-09T10:17:21.376+0000] {taskinstance.py:1206} INFO - Marking task as SUCCESS. dag_id=silver_and_gold_adf_trigger, task_id=trigger_gold_pipeline, run_id=manual__2025-08-09T10:04:44.704645+00:00, execution_date=20250809T100444, start_date=20250809T101416, end_date=20250809T101721
[2025-08-09T10:17:21.425+0000] {local_task_job_runner.py:243} INFO - Task exited with return code 0
[2025-08-09T10:17:21.443+0000] {taskinstance.py:3503} INFO - 0 downstream tasks scheduled from follow-on schedule check
[2025-08-09T10:17:21.454+0000] {local_task_job_runner.py:222} INFO - ::endgroup::
